<?xml version="1.0" encoding="utf-8"?>
<plays username="leochab" userid="406567" total="263" page="1" termsofuse="http://boardgamegeek.com/xmlapi/termsofuse">
    <play id="15259931" date="2015-07-04" quantity="1" length="50" incomplete="0" nowinstats="0" location="Chez Léo C, Grenoble">
        <item name="Glory to Rome" objecttype="thing" objectid="19857">
            <subtypes>
                <subtype value="boardgame" />
            </subtypes>
        </item>
        <players>
            <player username="" userid="0" name="Julien D" startposition="" color="" score="17" new="0" rating="0" win="0" />
            <player username="" userid="0" name="Florent V" startposition="" color="" score="26" new="0" rating="0" win="0" />
            <player username="leochab" userid="406567" name="Léo C" startposition="" color="" score="56" new="0" rating="0" win="1" />
        </players>
    </play>
    <play id="15261732" date="2015-07-04" quantity="1" length="125" incomplete="0" nowinstats="0" location="Chez Léo C, Grenoble">
        <item name="The Pillars of the Earth" objecttype="thing" objectid="24480">
            <subtypes>
                <subtype value="boardgame" />
            </subtypes>
        </item>
        <comments>30 minutes rules explanation.</comments>
        <players>
            <player username="" userid="0" name="Florent V" startposition="2" color="Green" score="58" new="1" rating="0" win="1" />
            <player username="leochab" userid="406567" name="Léo C" startposition="1" color="Red" score="53" new="1" rating="0" win="0" />
        </players>
    </play>
    <play id="15237323" date="2015-07-01" quantity="1" length="80" incomplete="0" nowinstats="0" location="Chez Léo C, Grenoble">
        <item name="Alea Iacta Est" objecttype="thing" objectid="40760">
            <subtypes>
                <subtype value="boardgame" />
            </subtypes>
        </item>
        <players>
            <player username="" userid="0" name="Amaury" startposition="2" color="Green" score="37" new="0" rating="0" win="0" />
            <player username="" userid="0" name="Florent V" startposition="1" color="Brown" score="25" new="0" rating="0" win="0" />
            <player username="" userid="0" name="Julien C" startposition="4" color="Orange" score="38" new="1" rating="0" win="1" />
            <player username="" userid="0" name="Clément P" startposition="5" color="Blue" score="34" new="1" rating="0" win="0" />
            <player username="leochab" userid="406567" name="Léo C" startposition="3" color="Gray" score="33" new="0" rating="0" win="0" />
        </players>
    </play>
    <play id="15237324" date="2015-07-01" quantity="1" length="75" incomplete="0" nowinstats="0" location="Chez Léo C, Grenoble">
        <item name="Chinatown" objecttype="thing" objectid="47">
            <subtypes>
                <subtype value="boardgame" />
            </subtypes>
        </item>
        <players>
            <player username="" userid="0" name="Amaury" startposition="2" color="Green" score="85" new="1" rating="0" win="0" />
            <player username="" userid="0" name="Florent V" startposition="1" color="Black" score="78" new="1" rating="0" win="0" />
            <player username="" userid="0" name="Julien C" startposition="4" color="Red" score="79" new="0" rating="0" win="0" />
            <player username="" userid="0" name="Clément P" startposition="5" color="Yellow" score="97" new="1" rating="0" win="0" />
            <player username="leochab" userid="406567" name="Léo C" startposition="3" color="White" score="111" new="1" rating="0" win="1" />
        </players>
    </play>
    <play id="15186648" date="2015-06-26" quantity="1" length="60" incomplete="0" nowinstats="0" location="Chez Léo C, Grenoble">
        <item name="Glory to Rome" objecttype="thing" objectid="19857">
            <subtypes>
                <subtype value="boardgame" />
            </subtypes>
        </item>
        <players>
            <player username="leochab" userid="406567" name="Léo C" startposition="" color="" score="41" new="0" rating="0" win="1" />
            <player username="" userid="0" name="Florent V" startposition="" color="" score="22" new="1" rating="0" win="0" />
        </players>
    </play>
    <play id="15186808" date="2015-06-26" quantity="1" length="15" incomplete="0" nowinstats="0" location="Chez Léo C, Grenoble">
        <item name="Race for the Galaxy" objecttype="thing" objectid="28143">
            <subtypes>
                <subtype value="boardgame" />
            </subtypes>
        </item>
        <players>
            <player username="leochab" userid="406567" name="Léo C" startposition="2" color="" score="38" new="0" rating="0" win="1" />
            <player username="" userid="0" name="Florent V" startposition="1" color="" score="16" new="0" rating="0" win="0" />
        </players>
    </play>
    <play id="15164150" date="2015-06-23" quantity="1" length="140" incomplete="0" nowinstats="0" location="Jeux en Société, Grenoble">
        <item name="Lancaster" objecttype="thing" objectid="96913">
            <subtypes>
                <subtype value="boardgame" />
            </subtypes>
        </item>
        <comments>30 minutes rules explanation</comments>
        <players>
            <player username="" userid="0" name="Gabriel JES" startposition="2" color="Green" score="44" new="0" rating="0" win="0" />
            <player username="leochab" userid="406567" name="Léo C" startposition="4" color="Red" score="64" new="1" rating="0" win="0" />
            <player username="" userid="0" name="Pierre JES" startposition="1" color="Yellow" score="61" new="1" rating="0" win="0" />
            <player username="" userid="0" name="Remi JES" startposition="3" color="Blue" score="73" new="0" rating="0" win="1" />
        </players>
    </play>
    <play id="15157485" date="2015-06-22" quantity="1" length="190" incomplete="0" nowinstats="0" location="Chez Léo C, Grenoble">
        <item name="Merchants &amp; Marauders" objecttype="thing" objectid="25292">
            <subtypes>
                <subtype value="boardgame" />
            </subtypes>
        </item>
        <players>
            <player username="" userid="0" name="Amaury" startposition="2" color="Blue" score="7" new="0" rating="0" win="0" />
            <player username="leochab" userid="406567" name="Léo C" startposition="1" color="Red" score="4" new="0" rating="0" win="0" />
            <player username="" userid="0" name="Florent V" startposition="4" color="Orange" score="5" new="0" rating="0" win="0" />
            <player username="" userid="0" name="François G" startposition="3" color="Green" score="10" new="0" rating="0" win="1" />
        </players>
    </play>
    <play id="15118581" date="2015-06-18" quantity="1" length="150" incomplete="0" nowinstats="0" location="Chez Léo C, Grenoble">
        <item name="Bootleggers" objecttype="thing" objectid="12477">
            <subtypes>
                <subtype value="boardgame" />
            </subtypes>
        </item>
        <players>
            <player username="" userid="0" name="Clément P" startposition="" color="Blue" score="49" new="1" rating="0" win="0" />
            <player username="" userid="0" name="Bastien L" startposition="" color="Green" score="33" new="1" rating="0" win="0" />
            <player username="" userid="0" name="Julien D" startposition="" color="Red" score="74" new="0" rating="0" win="0" />
            <player username="" userid="0" name="Mathieu M" startposition="" color="Yellow" score="77" new="0" rating="0" win="0" />
            <player username="leochab" userid="406567" name="Léo C" startposition="" color="Purple" score="107" new="0" rating="0" win="1" />
            <player username="" userid="0" name="Florent V" startposition="" color="Orange" score="58" new="0" rating="0" win="0" />
        </players>
    </play>
    <play id="15119341" date="2015-06-18" quantity="1" length="80" incomplete="0" nowinstats="0" location="Chez Léo C, Grenoble">
        <item name="Mundus Novus" objecttype="thing" objectid="103686">
            <subtypes>
                <subtype value="boardgame" />
            </subtypes>
        </item>
        <players>
            <player username="" userid="0" name="Julien D" startposition="2" color="" score="37" new="1" rating="0" win="0" />
            <player username="leochab" userid="406567" name="Léo C" startposition="1" color="" score="11" new="0" rating="0" win="0" />
            <player username="" userid="0" name="Mathieu M" startposition="4" color="" score="51" new="0" rating="0" win="0" />
            <player username="" userid="0" name="Clément P" startposition="6" color="" score="6" new="1" rating="0" win="1" />
            <player username="" userid="0" name="Bastien L" startposition="5" color="" score="28" new="0" rating="0" win="0" />
            <player username="" userid="0" name="Florent V" startposition="3" color="" score="55" new="0" rating="0" win="0" />
        </players>
    </play>
    <play id="15065002" date="2015-06-12" quantity="1" length="20" incomplete="0" nowinstats="0" location="Jeux en Société, Grenoble">
        <item name="Abandon Ship" objecttype="thing" objectid="41636">
            <subtypes>
                <subtype value="boardgame" />
            </subtypes>
        </item>
        <players>
            <player username="" userid="0" name="Esteban JES" startposition="2" color="" score="5" new="0" rating="0" win="0" />
            <player username="leochab" userid="406567" name="Léo C" startposition="1" color="" score="8" new="1" rating="0" win="1" />
            <player username="" userid="0" name="Gabriel JES" startposition="4" color="" score="7" new="0" rating="0" win="0" />
            <player username="" userid="0" name="Hichem JES" startposition="3" color="" score="4" new="1" rating="0" win="0" />
        </players>
    </play>
    <play id="15066266" date="2015-06-12" quantity="1" length="70" incomplete="0" nowinstats="0" location="Jeux en Société, Grenoble">
        <item name="Concordia" objecttype="thing" objectid="124361">
            <subtypes>
                <subtype value="boardgame" />
            </subtypes>
        </item>
        <players>
            <player username="" userid="0" name="Esteban JES" startposition="2" color="Red" score="113" new="0" rating="0" win="1" />
            <player username="leochab" userid="406567" name="Léo C" startposition="1" color="Black" score="108" new="0" rating="0" win="0" />
            <player username="" userid="0" name="Gabriel JES" startposition="3" color="Green" score="92" new="0" rating="0" win="0" />
        </players>
    </play>
    <play id="15065682" date="2015-06-12" quantity="1" length="95" incomplete="0" nowinstats="0" location="Jeux en Société, Grenoble">
        <item name="Yunnan" objecttype="thing" objectid="143401">
            <subtypes>
                <subtype value="boardgame" />
            </subtypes>
        </item>
        <players>
            <player username="" userid="0" name="Esteban JES" startposition="2" color="Red" score="145" new="0" rating="0" win="0" />
            <player username="leochab" userid="406567" name="Léo C" startposition="1" color="Blue" score="108" new="1" rating="0" win="0" />
            <player username="" userid="0" name="Gabriel JES" startposition="4" color="Green" score="164" new="0" rating="0" win="1" />
            <player username="" userid="0" name="Hichem JES" startposition="3" color="Purple" score="85" new="1" rating="0" win="0" />
        </players>
    </play>
    <play id="15047505" date="2015-06-09" quantity="1" length="90" incomplete="0" nowinstats="0" location="Jeux en Société, Grenoble">
        <item name="Endeavor" objecttype="thing" objectid="33160">
            <subtypes>
                <subtype value="boardgame" />
            </subtypes>
        </item>
        <players>
            <player username="" userid="0" name="Gabriel JES" startposition="2" color="Green" score="37" new="0" rating="0" win="0" />
            <player username="" userid="0" name="Esteban JES" startposition="1" color="Red" score="57" new="0" rating="0" win="1" />
            <player username="leochab" userid="406567" name="Léo C" startposition="4" color="Purple" score="53" new="1" rating="0" win="0" />
            <player username="" userid="0" name="Amaury" startposition="5" color="White" score="52" new="1" rating="0" win="0" />
            <player username="" userid="0" name="François JES" startposition="3" color="Black" score="32" new="0" rating="0" win="0" />
        </players>
    </play>
    <play id="15036818" date="2015-06-08" quantity="1" length="100" incomplete="0" nowinstats="0" location="Chez Léo C, Grenoble">
        <item name="Airlines Europe" objecttype="thing" objectid="90419">
            <subtypes>
                <subtype value="boardgame" />
                <subtype value="boardgameimplementation" />
            </subtypes>
        </item>
        <players>
            <player username="" userid="0" name="Amaury" startposition="2" color="" score="83" new="1" rating="0" win="1" />
            <player username="leochab" userid="406567" name="Léo C" startposition="1" color="" score="79" new="1" rating="0" win="0" />
            <player username="" userid="0" name="Florent V" startposition="4" color="" score="63" new="1" rating="0" win="0" />
            <player username="" userid="0" name="Marie D" startposition="5" color="" score="66" new="1" rating="0" win="0" />
            <player username="" userid="0" name="François G" startposition="3" color="" score="74" new="1" rating="0" win="0" />
        </players>
    </play>
    <play id="15037409" date="2015-06-08" quantity="3" length="40" incomplete="0" nowinstats="0" location="Chez Léo C, Grenoble">
        <item name="Escape: The Curse of the Temple" objecttype="thing" objectid="113294">
            <subtypes>
                <subtype value="boardgame" />
            </subtypes>
        </item>
        <comments>Won 2 / lost 1</comments>
        <players>
            <player username="" userid="0" name="Amaury" startposition="2" color="" score="" new="0" rating="0" win="0" />
            <player username="leochab" userid="406567" name="Léo C" startposition="1" color="" score="" new="0" rating="0" win="0" />
            <player username="" userid="0" name="Florent V" startposition="4" color="" score="" new="0" rating="0" win="0" />
            <player username="" userid="0" name="Marie D" startposition="5" color="" score="" new="1" rating="0" win="0" />
            <player username="" userid="0" name="François G" startposition="3" color="" score="" new="0" rating="0" win="0" />
        </players>
    </play>
    <play id="15037860" date="2015-06-08" quantity="2" length="25" incomplete="0" nowinstats="0" location="Chez Léo C, Grenoble">
        <item name="Star Fluxx" objecttype="thing" objectid="102104">
            <subtypes>
                <subtype value="boardgame" />
                <subtype value="boardgameimplementation" />
            </subtypes>
        </item>
        <comments>Leo won 1, Marie won 1</comments>
        <players>
            <player username="" userid="0" name="Amaury" startposition="2" color="" score="" new="0" rating="0" win="0" />
            <player username="leochab" userid="406567" name="Léo C" startposition="1" color="" score="" new="0" rating="0" win="1" />
            <player username="" userid="0" name="Florent V" startposition="4" color="" score="" new="0" rating="0" win="0" />
            <player username="" userid="0" name="Marie D" startposition="5" color="" score="" new="1" rating="0" win="1" />
            <player username="" userid="0" name="François G" startposition="3" color="" score="" new="0" rating="0" win="0" />
        </players>
    </play>
    <play id="14988019" date="2015-06-03" quantity="1" length="120" incomplete="0" nowinstats="0" location="Chez Léo C, Grenoble">
        <item name="Small World" objecttype="thing" objectid="40692">
            <subtypes>
                <subtype value="boardgame" />
                <subtype value="boardgameimplementation" />
                <subtype value="boardgameintegration" />
            </subtypes>
        </item>
        <players>
            <player username="leochab" userid="406567" name="Léo C" startposition="2" color="" score="104" new="0" rating="0" win="0" />
            <player username="" userid="0" name="Florent V" startposition="1" color="" score="110" new="0" rating="0" win="1" />
            <player username="" userid="0" name="François G" startposition="4" color="" score="100" new="0" rating="0" win="0" />
            <player username="" userid="0" name="Quentin" startposition="5" color="" score="71" new="0" rating="0" win="0" />
            <player username="" userid="0" name="Amaury" startposition="3" color="" score="81" new="0" rating="0" win="0" />
        </players>
    </play>
    <play id="14988728" date="2015-06-03" quantity="3" length="40" incomplete="0" nowinstats="0" location="Chez Léo C, Grenoble">
        <item name="Star Fluxx" objecttype="thing" objectid="102104">
            <subtypes>
                <subtype value="boardgame" />
                <subtype value="boardgameimplementation" />
            </subtypes>
        </item>
        <players>
            <player username="leochab" userid="406567" name="Léo C" startposition="2" color="" score="" new="0" rating="0" win="1" />
            <player username="" userid="0" name="Florent V" startposition="1" color="" score="" new="0" rating="0" win="0" />
            <player username="" userid="0" name="François G" startposition="4" color="" score="" new="0" rating="0" win="1" />
            <player username="" userid="0" name="Quentin" startposition="5" color="" score="" new="0" rating="0" win="0" />
            <player username="" userid="0" name="Amaury" startposition="3" color="" score="" new="0" rating="0" win="0" />
        </players>
    </play>
    <play id="14981753" date="2015-06-02" quantity="1" length="100" incomplete="0" nowinstats="0" location="Jeux en Société, Grenoble">
        <item name="Elysium" objecttype="thing" objectid="163968">
            <subtypes>
                <subtype value="boardgame" />
            </subtypes>
        </item>
        <comments>Christine with 10 gold took the second place. (Only 6 for Reixou)</comments>
        <players>
            <player username="leochab" userid="406567" name="Léo C" startposition="2" color="" score="44" new="1" rating="0" win="1" />
            <player username="" userid="0" name="Christine JES" startposition="1" color="" score="40" new="0" rating="0" win="0" />
            <player username="" userid="0" name="Olivier JES" startposition="4" color="" score="34" new="0" rating="0" win="0" />
            <player username="" userid="0" name="Reixou JES" startposition="3" color="" score="40" new="0" rating="0" win="0" />
        </players>
    </play>
    <play id="14981914" date="2015-06-02" quantity="1" length="15" incomplete="0" nowinstats="0" location="Jeux en Société, Grenoble">
        <item name="Träxx" objecttype="thing" objectid="173092">
            <subtypes>
                <subtype value="boardgame" />
            </subtypes>
        </item>
        <players>
            <player username="leochab" userid="406567" name="Léo C" startposition="2" color="" score="25" new="0" rating="0" win="0" />
            <player username="" userid="0" name="Christine JES" startposition="1" color="" score="32" new="0" rating="0" win="0" />
            <player username="" userid="0" name="Olivier JES" startposition="4" color="" score="23" new="0" rating="0" win="0" />
            <player username="" userid="0" name="Reixou JES" startposition="3" color="" score="26" new="0" rating="0" win="0" />
        </players>
    </play>
    <play id="14982055" date="2015-06-02" quantity="1" length="20" incomplete="0" nowinstats="0" location="Jeux en Société, Grenoble">
        <item name="Welcome to the Dungeon" objecttype="thing" objectid="150312">
            <subtypes>
                <subtype value="boardgame" />
            </subtypes>
        </item>
        <players>
            <player username="leochab" userid="406567" name="Léo C" startposition="2" color="" score="0" new="1" rating="0" win="0" />
            <player username="" userid="0" name="Christine JES" startposition="1" color="" score="2" new="1" rating="0" win="1" />
            <player username="" userid="0" name="Olivier JES" startposition="4" color="" score="0" new="1" rating="0" win="0" />
            <player username="" userid="0" name="Reixou JES" startposition="3" color="" score="0 (Dead)" new="0" rating="0" win="0" />
        </players>
    </play>
    <play id="14933408" date="2015-05-28" quantity="1" length="120" incomplete="0" nowinstats="0" location="Chez Léo C, Grenoble">
        <item name="Drum Roll" objecttype="thing" objectid="86246">
            <subtypes>
                <subtype value="boardgame" />
            </subtypes>
        </item>
        <comments>one rule played wrong: When an artist retires, his resources go back to the main stock and not to the player personal stock =&gt; they are lost.

We ended up with a lot of resources at the end of the game, so it was easier to hire new artists.</comments>
        <players>
            <player username="" userid="0" name="Florent V" startposition="2" color="Yellow" score="47" new="1" rating="0" win="0" />
            <player username="" userid="0" name="Julien D" startposition="1" color="Red" score="53" new="1" rating="0" win="0" />
            <player username="" userid="0" name="Amaury" startposition="4" color="Green" score="61" new="1" rating="0" win="0" />
            <player username="leochab" userid="406567" name="Léo C" startposition="3" color="Blue" score="68" new="1" rating="0" win="1" />
        </players>
    </play>
    <play id="14922068" date="2015-05-26" quantity="1" length="240" incomplete="0" nowinstats="0" location="Jeux en Société, Grenoble">
        <item name="Terra Mystica" objecttype="thing" objectid="120677">
            <subtypes>
                <subtype value="boardgame" />
            </subtypes>
        </item>
        <comments>With expansion Ice &amp; Fire.
240 minutes including rules explanation (200 minutes otherwise)</comments>
        <players>
            <player username="leochab" userid="406567" name="Léo C" startposition="2" color="Black" score="110" new="1" rating="0" win="0" />
            <player username="" userid="0" name="Remi JES" startposition="1" color="White" score="108" new="0" rating="0" win="0" />
            <player username="" userid="0" name="Manu JES" startposition="4" color="Red" score="140" new="0" rating="0" win="1" />
            <player username="" userid="0" name="Florent JES" startposition="5" color="Green" score="76" new="1" rating="0" win="0" />
            <player username="" userid="0" name="Marine JES" startposition="3" color="Yellow" score="63" new="1" rating="0" win="0" />
        </players>
    </play>
    <play id="14873770" date="2015-05-22" quantity="1" length="80" incomplete="0" nowinstats="0" location="Chez Léo C, Grenoble">
        <item name="Lewis &amp; Clark" objecttype="thing" objectid="140620">
            <subtypes>
                <subtype value="boardgame" />
            </subtypes>
        </item>
        <players>
            <player username="" userid="0" name="Florent V" startposition="2" color="Blue" score="-11" new="0" rating="0" win="0" />
            <player username="leochab" userid="406567" name="Léo C" startposition="1" color="Green" score="8" new="0" rating="0" win="1" />
        </players>
    </play>
    <play id="14874158" date="2015-05-22" quantity="1" length="30" incomplete="0" nowinstats="0" location="Chez Léo C, Grenoble">
        <item name="Mundus Novus" objecttype="thing" objectid="103686">
            <subtypes>
                <subtype value="boardgame" />
            </subtypes>
        </item>
        <players>
            <player username="" userid="0" name="Florent V" startposition="2" color="" score="81" new="0" rating="0" win="1" />
            <player username="leochab" userid="406567" name="Léo C" startposition="1" color="" score="53" new="0" rating="0" win="0" />
        </players>
    </play>
    <play id="14874348" date="2015-05-22" quantity="1" length="20" incomplete="0" nowinstats="0" location="Chez Léo C, Grenoble">
        <item name="Mundus Novus" objecttype="thing" objectid="103686">
            <subtypes>
                <subtype value="boardgame" />
            </subtypes>
        </item>
        <players>
            <player username="" userid="0" name="Florent V" startposition="2" color="" score="37" new="0" rating="0" win="0" />
            <player username="leochab" userid="406567" name="Léo C" startposition="1" color="" score="77" new="0" rating="0" win="1" />
        </players>
    </play>
    <play id="14860020" date="2015-05-20" quantity="1" length="90" incomplete="0" nowinstats="0" location="Chez Léo C, Grenoble">
        <item name="Alea Iacta Est" objecttype="thing" objectid="40760">
            <subtypes>
                <subtype value="boardgame" />
            </subtypes>
        </item>
        <players>
            <player username="" userid="0" name="Florent V" startposition="2" color="Blue" score="32" new="1" rating="0" win="0" />
            <player username="" userid="0" name="Amaury" startposition="1" color="Gray" score="32" new="1" rating="0" win="0" />
            <player username="leochab" userid="406567" name="Léo C" startposition="4" color="Orange" score="37" new="1" rating="0" win="1" />
            <player username="" userid="0" name="Quentin" startposition="5" color="Brown" score="34" new="0" rating="0" win="0" />
            <player username="" userid="0" name="François G" startposition="3" color="Green" score="27" new="0" rating="0" win="0" />
        </players>
    </play>
    <play id="14860544" date="2015-05-20" quantity="1" length="45" incomplete="0" nowinstats="0" location="Chez Léo C, Grenoble">
        <item name="Mundus Novus" objecttype="thing" objectid="103686">
            <subtypes>
                <subtype value="boardgame" />
            </subtypes>
        </item>
        <players>
            <player username="" userid="0" name="François G" startposition="2" color="" score="79" new="1" rating="0" win="0" />
            <player username="" userid="0" name="Amaury" startposition="4" color="" score="55" new="1" rating="0" win="0" />
            <player username="" userid="0" name="Florent V" startposition="1" color="" score="59" new="0" rating="0" win="0" />
            <player username="leochab" userid="406567" name="Léo C" startposition="3" color="" score="89" new="1" rating="0" win="1" />
        </players>
    </play>
    <play id="14854115" date="2015-05-19" quantity="1" length="15" incomplete="0" nowinstats="0" location="Jeux en Société, Grenoble">
        <item name="For Sale" objecttype="thing" objectid="172">
            <subtypes>
                <subtype value="boardgame" />
            </subtypes>
        </item>
        <players>
            <player username="" userid="0" name="Pierre JES" startposition="2" color="" score="61" new="0" rating="0" win="0" />
            <player username="leochab" userid="406567" name="Léo C" startposition="1" color="" score="78" new="1" rating="0" win="1" />
            <player username="" userid="0" name="Benjamin JES" startposition="3" color="" score="59" new="1" rating="0" win="0" />
        </players>
    </play>
    <play id="14854296" date="2015-05-19" quantity="1" length="15" incomplete="0" nowinstats="0" location="Jeux en Société, Grenoble">
        <item name="For Sale" objecttype="thing" objectid="172">
            <subtypes>
                <subtype value="boardgame" />
            </subtypes>
        </item>
        <players>
            <player username="" userid="0" name="Pierre JES" startposition="2" color="" score="56" new="0" rating="0" win="0" />
            <player username="leochab" userid="406567" name="Léo C" startposition="1" color="" score="71" new="0" rating="0" win="1" />
            <player username="" userid="0" name="Benjamin JES" startposition="3" color="" score="58" new="0" rating="0" win="0" />
        </players>
    </play>
    <play id="14854035" date="2015-05-19" quantity="1" length="120" incomplete="0" nowinstats="0" location="Jeux en Société, Grenoble">
        <item name="Steel Driver" objecttype="thing" objectid="37387">
            <subtypes>
                <subtype value="boardgame" />
            </subtypes>
        </item>
        <players>
            <player username="leochab" userid="406567" name="Léo C" startposition="2" color="" score="1260" new="1" rating="0" win="1" />
            <player username="" userid="0" name="Michel JES" startposition="1" color="" score="1200" new="0" rating="0" win="0" />
            <player username="" userid="0" name="Pierre JES" startposition="4" color="" score="1000-1200" new="1" rating="0" win="0" />
            <player username="" userid="0" name="Benjamin JES" startposition="5" color="" score="1110" new="1" rating="0" win="0" />
            <player username="" userid="0" name="Stephan JES" startposition="3" color="" score="1100" new="0" rating="0" win="0" />
        </players>
    </play>
    <play id="14836602" date="2015-05-17" quantity="1" length="40" incomplete="0" nowinstats="0" location="Chez Bastien L, Gières">
        <item name="Empathy" objecttype="thing" objectid="135427">
            <subtypes>
                <subtype value="boardgame" />
            </subtypes>
        </item>
        <players>
            <player username="" userid="0" name="Quentin" startposition="2" color="Green" score="" new="1" rating="0" win="0" />
            <player username="leochab" userid="406567" name="Léo C" startposition="1" color="White" score="" new="1" rating="0" win="0" />
            <player username="" userid="0" name="Bastien L" startposition="4" color="" score="" new="0" rating="0" win="0" />
            <player username="" userid="0" name="Julie" startposition="3" color="Red" score="" new="0" rating="0" win="0" />
        </players>
    </play>
    <play id="14834335" date="2015-05-17" quantity="1" length="80" incomplete="0" nowinstats="0" location="Chez Léo C, Grenoble">
        <item name="Lewis &amp; Clark" objecttype="thing" objectid="140620">
            <subtypes>
                <subtype value="boardgame" />
            </subtypes>
        </item>
        <players>
            <player username="" userid="0" name="Quentin" startposition="2" color="Blue" score="-4" new="1" rating="0" win="0" />
            <player username="leochab" userid="406567" name="Léo C" startposition="1" color="Orange" score="2" new="0" rating="0" win="1" />
        </players>
    </play>
    <play id="14813293" date="2015-05-15" quantity="1" length="120" incomplete="0" nowinstats="0" location="Jeux en Société, Grenoble">
        <item name="Concordia" objecttype="thing" objectid="124361">
            <subtypes>
                <subtype value="boardgame" />
            </subtypes>
        </item>
        <players>
            <player username="leochab" userid="406567" name="Léo C" startposition="2" color="Black" score="128" new="1" rating="0" win="1" />
            <player username="" userid="0" name="Hichem JES" startposition="1" color="Red" score="52" new="1" rating="0" win="0" />
            <player username="" userid="0" name="Pierre JES" startposition="3" color="Blue" score="107" new="0" rating="0" win="0" />
        </players>
    </play>
    <play id="14813531" date="2015-05-15" quantity="1" length="45" incomplete="0" nowinstats="0" location="Jeux en Société, Grenoble">
        <item name="Dominion" objecttype="thing" objectid="36218">
            <subtypes>
                <subtype value="boardgame" />
                <subtype value="boardgameintegration" />
            </subtypes>
        </item>
        <players>
            <player username="leochab" userid="406567" name="Léo C" startposition="2" color="" score="44" new="0" rating="0" win="1" />
            <player username="" userid="0" name="Pierre JES" startposition="1" color="" score="35" new="0" rating="0" win="0" />
        </players>
    </play>
    <play id="14790659" date="2015-05-12" quantity="1" length="150" incomplete="0" nowinstats="0" location="Chez Léo C, Grenoble">
        <item name="City Council" objecttype="thing" objectid="144632">
            <subtypes>
                <subtype value="boardgame" />
            </subtypes>
        </item>
        <comments>Léo : 1 card / 0$
Martial : 1 card / 0$
Quentin : 2 cards / 0$
Amaury : 3 cards / 0$</comments>
        <players>
            <player username="" userid="0" name="Florent V" startposition="" color="Yellow" score="11" new="0" rating="0" win="0" />
            <player username="" userid="0" name="Amaury" startposition="" color="Purple" score="12" new="1" rating="0" win="0" />
            <player username="" userid="0" name="Quentin" startposition="" color="Orange" score="12" new="0" rating="0" win="0" />
            <player username="" userid="0" name="Martial" startposition="" color="Grey" score="12" new="1" rating="0" win="1" />
            <player username="leochab" userid="406567" name="Léo C" startposition="" color="Blue" score="12" new="0" rating="0" win="1" />
        </players>
    </play>
    <play id="14739027" date="2015-05-06" quantity="1" length="180" incomplete="0" nowinstats="0" location="Chez Léo C, Grenoble">
        <item name="Cosmic Encounter" objecttype="thing" objectid="39463">
            <subtypes>
                <subtype value="boardgame" />
                <subtype value="boardgameimplementation" />
            </subtypes>
        </item>
        <players>
            <player username="" userid="0" name="François G" startposition="2" color="Purple" score="4" new="0" rating="0" win="0" />
            <player username="leochab" userid="406567" name="Léo C" startposition="1" color="Blue" score="5" new="0" rating="0" win="1" />
            <player username="" userid="0" name="Florent V" startposition="4" color="Orange" score="3" new="1" rating="0" win="0" />
            <player username="" userid="0" name="Martial" startposition="6" color="Red" score="3" new="0" rating="0" win="0" />
            <player username="" userid="0" name="Julien D" startposition="5" color="Green" score="4" new="0" rating="0" win="0" />
            <player username="" userid="0" name="Amaury" startposition="3" color="Yellow" score="5" new="0" rating="0" win="1" />
        </players>
    </play>
    <play id="14680724" date="2015-04-30" quantity="1" length="90" incomplete="0" nowinstats="0" location="Chez Léo C, Grenoble">
        <item name="Ghost Stories" objecttype="thing" objectid="37046">
            <subtypes>
                <subtype value="boardgame" />
            </subtypes>
        </item>
        <comments>Normal mode</comments>
        <players>
            <player username="leochab" userid="406567" name="Léo C" startposition="" color="Red" score="" new="0" rating="0" win="1" />
            <player username="" userid="0" name="Florent V" startposition="" color="Blue" score="" new="1" rating="0" win="1" />
        </players>
    </play>
    <play id="14680065" date="2015-04-30" quantity="1" length="50" incomplete="0" nowinstats="0" location="Chez Léo C, Grenoble">
        <item name="Suburbia" objecttype="thing" objectid="123260">
            <subtypes>
                <subtype value="boardgame" />
            </subtypes>
        </item>
        <players>
            <player username="leochab" userid="406567" name="Léo C" startposition="2" color="Red" score="143" new="0" rating="0" win="1" />
            <player username="" userid="0" name="Florent V" startposition="1" color="Black" score="107" new="1" rating="0" win="0" />
        </players>
    </play>
    <play id="14673800" date="2015-04-29" quantity="1" length="90" incomplete="0" nowinstats="0" location="Chez Léo C, Grenoble">
        <item name="Asking for Trobils" objecttype="thing" objectid="156442">
            <subtypes>
                <subtype value="boardgame" />
            </subtypes>
        </item>
        <players>
            <player username="" userid="0" name="François G" startposition="2" color="" score="57" new="0" rating="0" win="1" />
            <player username="leochab" userid="406567" name="Léo C" startposition="1" color="" score="43" new="0" rating="0" win="0" />
            <player username="" userid="0" name="Amaury" startposition="4" color="" score="52" new="1" rating="0" win="0" />
            <player username="" userid="0" name="Julien D" startposition="3" color="" score="47" new="1" rating="0" win="0" />
        </players>
    </play>
    <play id="14673807" date="2015-04-29" quantity="1" length="40" incomplete="0" nowinstats="0" location="Chez Léo C, Grenoble">
        <item name="Elder Sign" objecttype="thing" objectid="100423">
            <subtypes>
                <subtype value="boardgame" />
            </subtypes>
        </item>
        <comments>Against Cthulu (13 to 3)
Léo brought 4 (or 5) doom tokens on the doom track in the first round. 
Lost without the honors.</comments>
        <players>
            <player username="" userid="0" name="François G" startposition="" color="" score="3" new="0" rating="0" win="0" />
            <player username="" userid="0" name="Amaury" startposition="" color="" score="3" new="0" rating="0" win="0" />
            <player username="leochab" userid="406567" name="Léo C" startposition="" color="" score="3" new="0" rating="0" win="0" />
        </players>
    </play>
    <play id="14672639" date="2015-04-26" quantity="1" length="300" incomplete="0" nowinstats="0" location="Chez Léo C, Grenoble">
        <item name="Fief: France 1429" objecttype="thing" objectid="152470">
            <subtypes>
                <subtype value="boardgame" />
                <subtype value="boardgameimplementation" />
            </subtypes>
        </item>
        <comments>Léo C: 2 Fiefs &amp; François G: 2 Fiefs (Allied)
Julien: Pope, King &amp; 1 Fief
Amaury: 1 Fief</comments>
        <players>
            <player username="" userid="0" name="Florent V" startposition="" color="Yellow" score="0" new="1" rating="0" win="0" />
            <player username="" userid="0" name="Amaury" startposition="" color="Blue" score="1" new="1" rating="0" win="0" />
            <player username="" userid="0" name="Julien D" startposition="" color="Green" score="3" new="1" rating="0" win="1" />
            <player username="leochab" userid="406567" name="Léo C" startposition="" color="White" score="4" new="1" rating="0" win="0" />
            <player username="" userid="0" name="François G" startposition="" color="Black" score="4" new="1" rating="0" win="0" />
        </players>
    </play>
    <play id="14631151" date="2015-04-25" quantity="1" length="140" incomplete="0" nowinstats="0" location="Chez Léo C, Grenoble">
        <item name="City Council" objecttype="thing" objectid="144632">
            <subtypes>
                <subtype value="boardgame" />
            </subtypes>
        </item>
        <players>
            <player username="" userid="0" name="Julien D" startposition="" color="Yellow" score="4" new="1" rating="0" win="0" />
            <player username="" userid="0" name="Florent V" startposition="" color="Blue" score="9" new="1" rating="0" win="0" />
            <player username="" userid="0" name="Quentin" startposition="" color="Orange" score="3" new="1" rating="0" win="0" />
            <player username="leochab" userid="406567" name="Léo C" startposition="" color="Purple" score="16" new="1" rating="0" win="1" />
        </players>
    </play>
    <play id="14608523" date="2015-04-21" quantity="1" length="80" incomplete="0" nowinstats="0" location="Chez Léo C, Grenoble">
        <item name="Lewis &amp; Clark" objecttype="thing" objectid="140620">
            <subtypes>
                <subtype value="boardgame" />
            </subtypes>
        </item>
        <players>
            <player username="leochab" userid="406567" name="Léo C" startposition="2" color="Blue" score="0" new="0" rating="0" win="1" />
            <player username="" userid="0" name="Florent V" startposition="1" color="Green" score="-15" new="1" rating="0" win="0" />
        </players>
    </play>
    <play id="14608526" date="2015-04-21" quantity="1" length="50" incomplete="0" nowinstats="0" location="Chez Léo C, Grenoble">
        <item name="Lewis &amp; Clark" objecttype="thing" objectid="140620">
            <subtypes>
                <subtype value="boardgame" />
            </subtypes>
        </item>
        <players>
            <player username="" userid="0" name="Florent V" startposition="2" color="Green" score="0" new="0" rating="0" win="1" />
            <player username="leochab" userid="406567" name="Léo C" startposition="1" color="Blue" score="-1" new="0" rating="0" win="0" />
        </players>
    </play>
    <play id="14597676" date="2015-04-20" quantity="1" length="80" incomplete="0" nowinstats="0" location="Chez Léo C, Grenoble">
        <item name="Asking for Trobils" objecttype="thing" objectid="156442">
            <subtypes>
                <subtype value="boardgame" />
            </subtypes>
        </item>
        <players>
            <player username="leochab" userid="406567" name="Léo C" startposition="" color="" score="64" new="1" rating="0" win="0" />
            <player username="" userid="0" name="François G" startposition="" color="" score="65" new="1" rating="0" win="1" />
        </players>
    </play>
    <play id="14597666" date="2015-04-20" quantity="1" length="70" incomplete="0" nowinstats="0" location="Chez Léo C, Grenoble">
        <item name="Lewis &amp; Clark" objecttype="thing" objectid="140620">
            <subtypes>
                <subtype value="boardgame" />
            </subtypes>
        </item>
        <players>
            <player username="" userid="0" name="François G" startposition="2" color="Blue" score="-10" new="1" rating="0" win="0" />
            <player username="leochab" userid="406567" name="Léo C" startposition="1" color="Green" score="0" new="1" rating="0" win="0" />
        </players>
    </play>
    <play id="14564192" date="2015-04-17" quantity="1" length="210" incomplete="0" nowinstats="0" location="Chez Léo C, Grenoble">
        <item name="Archipelago" objecttype="thing" objectid="105551">
            <subtypes>
                <subtype value="boardgame" />
            </subtypes>
        </item>
        <players>
            <player username="leochab" userid="406567" name="Léo C" startposition="" color="Red" score="16" new="0" rating="0" win="0" />
            <player username="" userid="0" name="Florent V" startposition="" color="" score="18" new="0" rating="0" win="1" />
        </players>
    </play>
    <play id="14552468" date="2015-04-15" quantity="1" length="100" incomplete="0" nowinstats="0" location="At Moody&#039;s, Montbonnot">
        <item name="Lewis &amp; Clark" objecttype="thing" objectid="140620">
            <subtypes>
                <subtype value="boardgame" />
            </subtypes>
        </item>
        <players>
            <player username="" userid="0" name="Kitty" startposition="2" color="Yellow" score="-15" new="1" rating="0" win="0" />
            <player username="" userid="0" name="Nathalie" startposition="1" color="Red" score="0" new="0" rating="0" win="1" />
            <player username="leochab" userid="406567" name="Léo C" startposition="3" color="Blue" score="-13" new="1" rating="0" win="0" />
        </players>
    </play>
    <play id="14552451" date="2015-04-15" quantity="1" length="60" incomplete="0" nowinstats="0" location="At Moody&#039;s, Montbonnot">
        <item name="Saboteur" objecttype="thing" objectid="9220">
            <subtypes>
                <subtype value="boardgame" />
            </subtypes>
        </item>
        <players>
            <player username="" userid="0" name="Marie D" startposition="" color="" score="" new="1" rating="0" win="0" />
            <player username="" userid="0" name="Clément P" startposition="" color="" score="" new="0" rating="0" win="0" />
            <player username="" userid="0" name="Christophe R" startposition="" color="" score="" new="0" rating="0" win="0" />
            <player username="" userid="0" name="Jean S" startposition="" color="" score="" new="1" rating="0" win="0" />
            <player username="leochab" userid="406567" name="Léo C" startposition="" color="" score="8" new="0" rating="0" win="1" />
            <player username="" userid="0" name="Loïc G" startposition="" color="" score="" new="1" rating="0" win="0" />
            <player username="" userid="0" name="Fabien P" startposition="" color="" score="" new="0" rating="0" win="0" />
            <player username="" userid="0" name="Yosser" startposition="" color="" score="" new="1" rating="0" win="0" />
        </players>
    </play>
    <play id="14552461" date="2015-04-15" quantity="1" length="50" incomplete="0" nowinstats="0" location="At Moody&#039;s, Montbonnot">
        <item name="Splendor" objecttype="thing" objectid="148228">
            <subtypes>
                <subtype value="boardgame" />
            </subtypes>
        </item>
        <players>
            <player username="" userid="0" name="Loïc G" startposition="" color="" score="" new="1" rating="0" win="0" />
            <player username="" userid="0" name="Christophe R" startposition="" color="" score="14" new="0" rating="0" win="0" />
            <player username="" userid="0" name="Yosser" startposition="" color="" score="" new="1" rating="0" win="0" />
            <player username="leochab" userid="406567" name="Léo C" startposition="" color="" score="15" new="1" rating="0" win="1" />
        </players>
    </play>
    <play id="14535246" date="2015-04-13" quantity="1" length="60" incomplete="0" nowinstats="0" location="Chez Léo C, Grenoble">
        <item name="CV" objecttype="thing" objectid="143986">
            <subtypes>
                <subtype value="boardgame" />
            </subtypes>
        </item>
        <players>
            <player username="" userid="0" name="François G" startposition="2" color="" score="69" new="0" rating="0" win="0" />
            <player username="" userid="0" name="Julien D" startposition="1" color="" score="56" new="0" rating="0" win="0" />
            <player username="leochab" userid="406567" name="Léo C" startposition="3" color="" score="70" new="0" rating="0" win="1" />
        </players>
    </play>
    <play id="14535225" date="2015-04-13" quantity="1" length="45" incomplete="0" nowinstats="0" location="Chez Léo C, Grenoble">
        <item name="Race for the Galaxy" objecttype="thing" objectid="28143">
            <subtypes>
                <subtype value="boardgame" />
            </subtypes>
        </item>
        <players>
            <player username="" userid="0" name="Julien D" startposition="" color="" score="20" new="1" rating="0" win="0" />
            <player username="" userid="0" name="François G" startposition="" color="" score="66" new="0" rating="0" win="1" />
            <player username="leochab" userid="406567" name="Léo C" startposition="" color="" score="42" new="0" rating="0" win="0" />
        </players>
    </play>
    <play id="14389338" date="2015-03-30" quantity="1" length="120" incomplete="0" nowinstats="0" location="Chez Léo C, Grenoble">
        <item name="Zombicide Season 3: Rue Morgue" objecttype="thing" objectid="161866">
            <subtypes>
                <subtype value="boardgame" />
                <subtype value="boardgameintegration" />
            </subtypes>
        </item>
        <comments>Mission M01: Gas Run</comments>
        <players>
            <player username="" userid="0" name="Florent V" startposition="" color="James" score="" new="1" rating="0" win="0" />
            <player username="" userid="0" name="Amaury" startposition="" color="Louise" score="" new="1" rating="0" win="0" />
            <player username="leochab" userid="406567" name="Léo C" startposition="" color="Maddie" score="" new="1" rating="0" win="0" />
            <player username="" userid="0" name="François G" startposition="" color="Joe" score="" new="1" rating="0" win="0" />
        </players>
    </play>
    <play id="14376474" date="2015-03-29" quantity="1" length="100" incomplete="0" nowinstats="0" location="Place aux Jeux, Grenoble">
        <item name="Keyflower" objecttype="thing" objectid="122515">
            <subtypes>
                <subtype value="boardgame" />
            </subtypes>
        </item>
        <players>
            <player username="" userid="0" name="Florent V" startposition="" color="" score="72" new="1" rating="0" win="1" />
            <player username="" userid="0" name="Amaury" startposition="" color="" score="63" new="1" rating="0" win="0" />
            <player username="leochab" userid="406567" name="Léo C" startposition="" color="" score="43" new="1" rating="0" win="0" />
        </players>
    </play>
    <play id="14376537" date="2015-03-29" quantity="1" length="20" incomplete="0" nowinstats="0" location="Chez Léo C, Grenoble">
        <item name="Race for the Galaxy" objecttype="thing" objectid="28143">
            <subtypes>
                <subtype value="boardgame" />
            </subtypes>
        </item>
        <players>
            <player username="leochab" userid="406567" name="Léo C" startposition="" color="Blue" score="33" new="0" rating="0" win="0" />
            <player username="" userid="0" name="Florent V" startposition="" color="Red" score="36" new="0" rating="0" win="1" />
        </players>
    </play>
    <play id="14376562" date="2015-03-29" quantity="1" length="20" incomplete="0" nowinstats="0" location="Chez Léo C, Grenoble">
        <item name="Race for the Galaxy" objecttype="thing" objectid="28143">
            <subtypes>
                <subtype value="boardgame" />
            </subtypes>
        </item>
        <players>
            <player username="leochab" userid="406567" name="Léo C" startposition="" color="Blue" score="34" new="0" rating="0" win="1" />
            <player username="" userid="0" name="Florent V" startposition="" color="Red" score="33" new="0" rating="0" win="0" />
        </players>
    </play>
    <play id="14376577" date="2015-03-29" quantity="1" length="20" incomplete="0" nowinstats="0" location="Chez Léo C, Grenoble">
        <item name="Race for the Galaxy" objecttype="thing" objectid="28143">
            <subtypes>
                <subtype value="boardgame" />
            </subtypes>
        </item>
        <players>
            <player username="leochab" userid="406567" name="Léo C" startposition="" color="Blue" score="32" new="0" rating="0" win="1" />
            <player username="" userid="0" name="Florent V" startposition="" color="Red" score="19" new="0" rating="0" win="0" />
        </players>
    </play>
    <play id="14376580" date="2015-03-29" quantity="1" length="20" incomplete="0" nowinstats="0" location="Chez Léo C, Grenoble">
        <item name="Race for the Galaxy" objecttype="thing" objectid="28143">
            <subtypes>
                <subtype value="boardgame" />
            </subtypes>
        </item>
        <players>
            <player username="leochab" userid="406567" name="Léo C" startposition="" color="Blue" score="41" new="0" rating="0" win="0" />
            <player username="" userid="0" name="Florent V" startposition="" color="Red" score="53" new="0" rating="0" win="1" />
        </players>
    </play>
    <play id="14376497" date="2015-03-29" quantity="1" length="90" incomplete="0" nowinstats="0" location="Place aux Jeux, Grenoble">
        <item name="Santiago" objecttype="thing" objectid="8125">
            <subtypes>
                <subtype value="boardgame" />
            </subtypes>
        </item>
        <players>
            <player username="" userid="0" name="Florent V" startposition="2" color="Purple" score="61" new="1" rating="0" win="0" />
            <player username="leochab" userid="406567" name="Léo C" startposition="1" color="Beige" score="88" new="1" rating="0" win="0" />
            <player username="" userid="0" name="Amaury" startposition="3" color="Black" score="114" new="1" rating="0" win="1" />
        </players>
    </play>
    <play id="14348019" date="2015-03-26" quantity="1" length="80" incomplete="0" nowinstats="0" location="Chez Léo C, Grenoble">
        <item name="Historia" objecttype="thing" objectid="157096">
            <subtypes>
                <subtype value="boardgame" />
            </subtypes>
        </item>
        <comments>Red CivBot (Noble): 121
Purple CivBot (Noble): 119
Yellow CivBot (Chieftan): 31 (Dead)
Green CivBot (Chieftan): 23 (Dead)
Grey CivBot (Chieftan): 8 (Dead)
</comments>
        <players>
            <player username="leochab" userid="406567" name="Léo C" startposition="" color="Blue" score="91" new="0" rating="0" win="0" />
        </players>
    </play>
    <play id="14333807" date="2015-03-24" quantity="1" length="60" incomplete="0" nowinstats="0" location="Chez Léo C, Grenoble">
        <item name="Among the Stars" objecttype="thing" objectid="110277">
            <subtypes>
                <subtype value="boardgame" />
                <subtype value="boardgameintegration" />
            </subtypes>
        </item>
        <players>
            <player username="leochab" userid="406567" name="Léo C" startposition="" color="Red" score="110" new="0" rating="0" win="1" />
            <player username="" userid="0" name="Florent V" startposition="" color="Green" score="98" new="0" rating="0" win="0" />
        </players>
    </play>
    <play id="14333832" date="2015-03-24" quantity="1" length="100" incomplete="0" nowinstats="0" location="Chez Léo C, Grenoble">
        <item name="Power Grid" objecttype="thing" objectid="2651">
            <subtypes>
                <subtype value="boardgame" />
                <subtype value="boardgameimplementation" />
            </subtypes>
        </item>
        <comments>Map of Japan</comments>
        <players>
            <player username="" userid="0" name="Florent V" startposition="" color="Green" score="10" new="0" rating="0" win="0" />
            <player username="" userid="0" name="Amaury" startposition="" color="Black" score="15 (209)" new="0" rating="0" win="1" />
            <player username="leochab" userid="406567" name="Léo C" startposition="" color="Red" score="15 (157)" new="0" rating="0" win="0" />
        </players>
    </play>
    <play id="14277453" date="2015-03-18" quantity="1" length="90" incomplete="0" nowinstats="0" location="Chez Léo C, Grenoble">
        <item name="Historia" objecttype="thing" objectid="157096">
            <subtypes>
                <subtype value="boardgame" />
            </subtypes>
        </item>
        <comments>Final score is most certainly wrong due to my first play mistake

4 civbots out of 5 were eliminated
Red CivBot: 72 points</comments>
        <players>
            <player username="leochab" userid="406567" name="Léo C" startposition="" color="Blue" score="152" new="1" rating="0" win="1" />
        </players>
    </play>
    <play id="14263455" date="2015-03-16" quantity="3" length="40" incomplete="0" nowinstats="0" location="Chez Léo C, Grenoble">
        <item name="Escape: The Curse of the Temple" objecttype="thing" objectid="113294">
            <subtypes>
                <subtype value="boardgame" />
            </subtypes>
        </item>
        <comments>2 won / 1 lost</comments>
        <players>
            <player username="" userid="0" name="Cathy T" startposition="" color="Green" score="" new="1" rating="0" win="1" />
            <player username="" userid="0" name="Amaury" startposition="" color="White" score="" new="0" rating="0" win="1" />
            <player username="" userid="0" name="François G" startposition="" color="" score="" new="0" rating="0" win="1" />
            <player username="leochab" userid="406567" name="Léo C" startposition="" color="Black" score="" new="0" rating="0" win="1" />
            <player username="" userid="0" name="Julien C" startposition="" color="" score="" new="0" rating="0" win="1" />
            <player username="" userid="0" name="Florent V" startposition="" color="" score="" new="1" rating="0" win="1" />
        </players>
    </play>
    <play id="14263442" date="2015-03-16" quantity="1" length="100" incomplete="0" nowinstats="0" location="Chez Léo C, Grenoble">
        <item name="Robinson Crusoe: Adventure on the Cursed Island" objecttype="thing" objectid="121921">
            <subtypes>
                <subtype value="boardgame" />
            </subtypes>
        </item>
        <players>
            <player username="" userid="0" name="François G" startposition="" color="" score="" new="0" rating="0" win="0" />
            <player username="" userid="0" name="Florent V" startposition="" color="" score="" new="0" rating="0" win="1" />
            <player username="" userid="0" name="Julien C" startposition="" color="" score="" new="0" rating="0" win="0" />
        </players>
    </play>
    <play id="14263397" date="2015-03-16" quantity="1" length="5" incomplete="0" nowinstats="0" location="Chez Léo C, Grenoble">
        <item name="Star Fluxx" objecttype="thing" objectid="102104">
            <subtypes>
                <subtype value="boardgame" />
                <subtype value="boardgameimplementation" />
            </subtypes>
        </item>
        <players>
            <player username="" userid="0" name="Florent V" startposition="" color="" score="" new="0" rating="0" win="0" />
            <player username="" userid="0" name="Amaury" startposition="" color="" score="" new="0" rating="0" win="1" />
            <player username="" userid="0" name="Julien D" startposition="" color="" score="" new="0" rating="0" win="0" />
            <player username="leochab" userid="406567" name="Léo C" startposition="" color="" score="" new="0" rating="0" win="0" />
            <player username="" userid="0" name="François G" startposition="" color="" score="" new="0" rating="0" win="0" />
        </players>
    </play>
    <play id="14263424" date="2015-03-16" quantity="1" length="90" incomplete="0" nowinstats="0" location="Chez Léo C, Grenoble">
        <item name="Suburbia" objecttype="thing" objectid="123260">
            <subtypes>
                <subtype value="boardgame" />
            </subtypes>
        </item>
        <players>
            <player username="" userid="0" name="Amaury" startposition="2" color="Purple" score="133" new="0" rating="0" win="0" />
            <player username="leochab" userid="406567" name="Léo C" startposition="1" color="Yellow" score="145" new="0" rating="0" win="1" />
            <player username="" userid="0" name="Cathy T" startposition="3" color="Red" score="72" new="1" rating="0" win="0" />
        </players>
    </play>
    <play id="14233554" date="2015-03-14" quantity="1" length="40" incomplete="0" nowinstats="0" location="Chez Léo C, Grenoble">
        <item name="Among the Stars" objecttype="thing" objectid="110277">
            <subtypes>
                <subtype value="boardgame" />
                <subtype value="boardgameintegration" />
            </subtypes>
        </item>
        <players>
            <player username="leochab" userid="406567" name="Léo C" startposition="" color="Blue" score="63" new="0" rating="0" win="0" />
            <player username="" userid="0" name="Florent V" startposition="" color="Green" score="66" new="1" rating="0" win="1" />
        </players>
    </play>
    <play id="14263475" date="2015-03-14" quantity="1" length="30" incomplete="0" nowinstats="0" location="Chez Léo C, Grenoble">
        <item name="Among the Stars" objecttype="thing" objectid="110277">
            <subtypes>
                <subtype value="boardgame" />
                <subtype value="boardgameintegration" />
            </subtypes>
        </item>
        <players>
            <player username="leochab" userid="406567" name="Léo C" startposition="" color="Red" score="109" new="0" rating="0" win="1" />
            <player username="" userid="0" name="Florent V" startposition="" color="Green" score="90" new="0" rating="0" win="0" />
        </players>
    </play>
    <play id="14219030" date="2015-03-12" quantity="1" length="60" incomplete="0" nowinstats="0" location="Chez Léo C, Grenoble">
        <item name="Race for the Galaxy" objecttype="thing" objectid="28143">
            <subtypes>
                <subtype value="boardgame" />
            </subtypes>
        </item>
        <players>
            <player username="" userid="0" name="François G" startposition="" color="" score="35" new="1" rating="0" win="1" />
            <player username="" userid="0" name="Florent V" startposition="" color="" score="34" new="1" rating="0" win="0" />
            <player username="leochab" userid="406567" name="Léo C" startposition="" color="" score="25" new="1" rating="0" win="0" />
        </players>
    </play>
    <play id="14219029" date="2015-03-12" quantity="1" length="90" incomplete="0" nowinstats="0" location="Chez Léo C, Grenoble">
        <item name="Tikal" objecttype="thing" objectid="54">
            <subtypes>
                <subtype value="boardgame" />
            </subtypes>
        </item>
        <comments>MidSize Tikal</comments>
        <players>
            <player username="leochab" userid="406567" name="Léo C" startposition="2" color="Black" score="67" new="1" rating="0" win="1" />
            <player username="" userid="0" name="Florent V" startposition="1" color="Beige" score="45" new="1" rating="0" win="0" />
            <player username="" userid="0" name="François G" startposition="4" color="Orange" score="55" new="1" rating="0" win="0" />
            <player username="" userid="0" name="Mathieu M" startposition="3" color="Red" score="54" new="1" rating="0" win="0" />
        </players>
    </play>
    <play id="14149771" date="2015-03-04" quantity="1" length="100" incomplete="0" nowinstats="0" location="Chez Léo C, Grenoble">
        <item name="CV" objecttype="thing" objectid="143986">
            <subtypes>
                <subtype value="boardgame" />
            </subtypes>
        </item>
        <players>
            <player username="" userid="0" name="Florent V" startposition="" color="" score="14" new="1" rating="0" win="0" />
            <player username="" userid="0" name="Amaury" startposition="" color="" score="42" new="0" rating="0" win="1" />
            <player username="" userid="0" name="Pablo DL" startposition="" color="" score="26" new="1" rating="0" win="0" />
            <player username="" userid="0" name="François G" startposition="" color="" score="34" new="0" rating="0" win="0" />
        </players>
    </play>
    <play id="14149759" date="2015-03-04" quantity="1" length="90" incomplete="0" nowinstats="0" location="Chez Léo C, Grenoble">
        <item name="Glory to Rome" objecttype="thing" objectid="19857">
            <subtypes>
                <subtype value="boardgame" />
            </subtypes>
        </item>
        <players>
            <player username="" userid="0" name="Julien D" startposition="2" color="" score="24" new="0" rating="0" win="0" />
            <player username="" userid="0" name="Martial" startposition="1" color="" score="13" new="1" rating="0" win="0" />
            <player username="leochab" userid="406567" name="Léo C" startposition="3" color="" score="38" new="0" rating="0" win="1" />
        </players>
    </play>
    <play id="14149735" date="2015-03-04" quantity="1" length="80" incomplete="0" nowinstats="0" location="Chez Léo C, Grenoble">
        <item name="Ladies &amp; Gentlemen" objecttype="thing" objectid="124380">
            <subtypes>
                <subtype value="boardgame" />
            </subtypes>
        </item>
        <players>
            <player username="" userid="0" name="Pablo DL" startposition="" color="Blue/Lady" score="19" new="1" rating="0" win="1" />
            <player username="" userid="0" name="Florent V" startposition="" color="Blue/Gentleman" score="19" new="1" rating="0" win="1" />
            <player username="" userid="0" name="Amaury" startposition="" color="Green/Lady" score="14" new="1" rating="0" win="0" />
            <player username="" userid="0" name="Julien D" startposition="" color="Courtisane" score="14" new="1" rating="0" win="0" />
            <player username="" userid="0" name="Martial" startposition="" color="Green/Gentleman" score="14" new="1" rating="0" win="0" />
            <player username="leochab" userid="406567" name="Léo C" startposition="" color="Red/Lady" score="14" new="1" rating="0" win="0" />
            <player username="" userid="0" name="François G" startposition="" color="Red/Gentleman" score="14" new="1" rating="0" win="0" />
        </players>
    </play>
    <play id="14149751" date="2015-03-04" quantity="1" length="25" incomplete="1" nowinstats="0" location="Chez Léo C, Grenoble">
        <item name="Star Fluxx" objecttype="thing" objectid="102104">
            <subtypes>
                <subtype value="boardgame" />
                <subtype value="boardgameimplementation" />
            </subtypes>
        </item>
        <comments>No winner since we stopped to eat pizzas</comments>
        <players>
            <player username="" userid="0" name="Pablo DL" startposition="" color="" score="" new="1" rating="0" win="0" />
            <player username="" userid="0" name="Florent V" startposition="" color="" score="" new="0" rating="0" win="0" />
            <player username="" userid="0" name="Amaury" startposition="" color="" score="" new="0" rating="0" win="0" />
            <player username="" userid="0" name="Julien D" startposition="" color="" score="" new="0" rating="0" win="0" />
            <player username="" userid="0" name="Martial" startposition="" color="" score="" new="0" rating="0" win="0" />
            <player username="leochab" userid="406567" name="Léo C" startposition="" color="" score="" new="0" rating="0" win="0" />
            <player username="" userid="0" name="François G" startposition="" color="" score="" new="0" rating="0" win="0" />
        </players>
    </play>
    <play id="14083939" date="2015-02-25" quantity="1" length="120" incomplete="0" nowinstats="0" location="Chez Léo C, Grenoble">
        <item name="Colosseum" objecttype="thing" objectid="27746">
            <subtypes>
                <subtype value="boardgame" />
            </subtypes>
        </item>
        <comments>Julien : 10 gold
Léo : 20 gold</comments>
        <players>
            <player username="" userid="0" name="François G" startposition="" color="Orange" score="53" new="0" rating="0" win="0" />
            <player username="" userid="0" name="Florent V" startposition="" color="Green" score="48" new="1" rating="0" win="0" />
            <player username="leochab" userid="406567" name="Léo C" startposition="" color="Purple" score="68" new="0" rating="0" win="0" />
            <player username="" userid="0" name="Mathieu M" startposition="" color="Blue" score="75" new="1" rating="0" win="1" />
            <player username="" userid="0" name="Julien D" startposition="" color="Red" score="68" new="0" rating="0" win="0" />
        </players>
    </play>
    <play id="14084648" date="2015-02-25" quantity="3" length="40" incomplete="0" nowinstats="0" location="Chez Léo C, Grenoble">
        <item name="Star Fluxx" objecttype="thing" objectid="102104">
            <subtypes>
                <subtype value="boardgame" />
                <subtype value="boardgameimplementation" />
            </subtypes>
        </item>
        <comments>Léo : 1 win
Julien : 2 win</comments>
        <players>
            <player username="" userid="0" name="François G" startposition="" color="" score="" new="0" rating="0" win="0" />
            <player username="" userid="0" name="Florent V" startposition="" color="" score="" new="0" rating="0" win="0" />
            <player username="leochab" userid="406567" name="Léo C" startposition="" color="" score="" new="0" rating="0" win="1" />
            <player username="" userid="0" name="Julien D" startposition="" color="" score="" new="0" rating="0" win="1" />
        </players>
    </play>
    <play id="13867400" date="2015-02-02" quantity="1" length="150" incomplete="0" nowinstats="0" location="Chez Léo C, Grenoble">
        <item name="Bootleggers" objecttype="thing" objectid="12477">
            <subtypes>
                <subtype value="boardgame" />
            </subtypes>
        </item>
        <comments>Game ended at the end of Turn 8</comments>
        <players>
            <player username="" userid="0" name="Florent V" startposition="" color="Green" score="87" new="0" rating="0" win="0" />
            <player username="" userid="0" name="Amaury" startposition="" color="Purple" score="72" new="0" rating="0" win="0" />
            <player username="" userid="0" name="Julien D" startposition="" color="Yellow" score="62" new="1" rating="0" win="0" />
            <player username="" userid="0" name="Quentin" startposition="" color="Red" score="52" new="0" rating="0" win="0" />
            <player username="leochab" userid="406567" name="Léo C" startposition="" color="Orange" score="35" new="0" rating="0" win="0" />
            <player username="" userid="0" name="François G" startposition="" color="Blue" score="102" new="0" rating="0" win="1" />
        </players>
    </play>
    <play id="13867476" date="2015-02-02" quantity="2" length="40" incomplete="0" nowinstats="0" location="Chez Léo C, Grenoble">
        <item name="Escape: The Curse of the Temple" objecttype="thing" objectid="113294">
            <subtypes>
                <subtype value="boardgame" />
            </subtypes>
        </item>
        <comments>Won: 1
Lost: 1
</comments>
        <players>
            <player username="" userid="0" name="Florent V" startposition="" color="" score="" new="1" rating="0" win="1" />
            <player username="" userid="0" name="Amaury" startposition="" color="" score="" new="0" rating="0" win="1" />
            <player username="" userid="0" name="Julien D" startposition="" color="" score="" new="0" rating="0" win="1" />
            <player username="" userid="0" name="Quentin" startposition="" color="" score="" new="0" rating="0" win="1" />
            <player username="leochab" userid="406567" name="Léo C" startposition="" color="" score="" new="0" rating="0" win="1" />
            <player username="" userid="0" name="François G" startposition="" color="" score="" new="0" rating="0" win="1" />
        </players>
    </play>
    <play id="13862734" date="2015-01-28" quantity="2" length="30" incomplete="0" nowinstats="0" location="Chez Léo C, Grenoble">
        <item name="Room 25" objecttype="thing" objectid="127024">
            <subtypes>
                <subtype value="boardgame" />
            </subtypes>
        </item>
        <comments>2 games ended within the first 2 turns each time.</comments>
        <players>
            <player username="" userid="0" name="Florent V" startposition="" color="" score="" new="1" rating="0" win="1" />
            <player username="" userid="0" name="Amaury" startposition="" color="" score="" new="0" rating="0" win="1" />
            <player username="" userid="0" name="Julien C" startposition="" color="" score="" new="1" rating="0" win="1" />
            <player username="" userid="0" name="Martial" startposition="" color="" score="" new="0" rating="0" win="0" />
            <player username="leochab" userid="406567" name="Léo C" startposition="" color="" score="" new="0" rating="0" win="0" />
            <player username="" userid="0" name="François G" startposition="" color="" score="" new="0" rating="0" win="1" />
        </players>
    </play>
    <play id="13862739" date="2015-01-28" quantity="1" length="20" incomplete="0" nowinstats="0" location="Chez Léo C, Grenoble">
        <item name="Star Fluxx" objecttype="thing" objectid="102104">
            <subtypes>
                <subtype value="boardgame" />
                <subtype value="boardgameimplementation" />
            </subtypes>
        </item>
        <players>
            <player username="" userid="0" name="Florent V" startposition="" color="" score="" new="0" rating="0" win="0" />
            <player username="" userid="0" name="Amaury" startposition="" color="" score="" new="0" rating="0" win="0" />
            <player username="" userid="0" name="Julien C" startposition="" color="" score="" new="1" rating="0" win="1" />
            <player username="" userid="0" name="Martial" startposition="" color="" score="" new="0" rating="0" win="0" />
            <player username="leochab" userid="406567" name="Léo C" startposition="" color="" score="" new="0" rating="0" win="0" />
            <player username="" userid="0" name="François G" startposition="" color="" score="" new="0" rating="0" win="0" />
        </players>
    </play>
    <play id="13862716" date="2015-01-28" quantity="1" length="100" incomplete="0" nowinstats="0" location="Chez Léo C, Grenoble">
        <item name="Zombicide" objecttype="thing" objectid="113924">
            <subtypes>
                <subtype value="boardgame" />
                <subtype value="boardgameintegration" />
            </subtypes>
        </item>
        <players>
            <player username="" userid="0" name="Florent V" startposition="" color="Wanda" score="" new="1" rating="0" win="1" />
            <player username="" userid="0" name="Amaury" startposition="" color="Phil" score="" new="0" rating="0" win="1" />
            <player username="" userid="0" name="Julien C" startposition="" color="Josh" score="" new="1" rating="0" win="1" />
            <player username="" userid="0" name="Martial" startposition="" color="Doug" score="" new="0" rating="0" win="1" />
            <player username="leochab" userid="406567" name="Léo C" startposition="" color="Ned" score="" new="0" rating="0" win="1" />
            <player username="" userid="0" name="François G" startposition="" color="Amy" score="" new="0" rating="0" win="1" />
        </players>
    </play>
    <play id="13749092" date="2015-01-21" quantity="1" length="120" incomplete="0" nowinstats="0" location="Chez Léo C, Grenoble">
        <item name="Archipelago" objecttype="thing" objectid="105551">
            <subtypes>
                <subtype value="boardgame" />
            </subtypes>
        </item>
        <comments>First play ended in rebellion.
Not enough cooperation amongst players. François played as the Independentist card even if he wasn&#039;t.</comments>
        <players>
            <player username="" userid="0" name="Julien D" startposition="" color="Red" score="0" new="1" rating="0" win="0" />
            <player username="" userid="0" name="François G" startposition="" color="Green" score="" new="1" rating="0" win="0" />
            <player username="" userid="0" name="Martial" startposition="" color="Yellow" score="0" new="1" rating="0" win="0" />
            <player username="leochab" userid="406567" name="Léo C" startposition="" color="Blue" score="0" new="1" rating="0" win="0" />
        </players>
    </play>
    <play id="13728511" date="2015-01-19" quantity="1" length="60" incomplete="0" nowinstats="0" location="Chez Léo C, Grenoble">
        <item name="Among the Stars" objecttype="thing" objectid="110277">
            <subtypes>
                <subtype value="boardgame" />
                <subtype value="boardgameintegration" />
            </subtypes>
        </item>
        <comments>Tie breaker:

Léo: 20 Locations built
Quentin: 18 Locations built</comments>
        <players>
            <player username="" userid="0" name="Benoît ?" startposition="" color="Blue" score="90" new="1" rating="0" win="0" />
            <player username="" userid="0" name="Amaury" startposition="" color="Green" score="79" new="1" rating="0" win="0" />
            <player username="" userid="0" name="Quentin" startposition="" color="Red" score="95" new="1" rating="0" win="0" />
            <player username="leochab" userid="406567" name="Léo C" startposition="" color="Yellow" score="95" new="1" rating="0" win="1" />
        </players>
    </play>
    <play id="13728641" date="2015-01-19" quantity="2" length="30" incomplete="0" nowinstats="0" location="Chez Léo C, Grenoble">
        <item name="Escape: The Curse of the Temple" objecttype="thing" objectid="113294">
            <subtypes>
                <subtype value="boardgame" />
            </subtypes>
        </item>
        <comments>won 1
lost 1 (with too many tiles)</comments>
        <players>
            <player username="leochab" userid="406567" name="Léo C" startposition="" color="White" score="" new="0" rating="0" win="1" />
            <player username="" userid="0" name="Benoît ?" startposition="" color="Red" score="" new="1" rating="0" win="1" />
            <player username="" userid="0" name="Quentin" startposition="" color="Blue" score="" new="1" rating="0" win="0" />
        </players>
    </play>
    <play id="13728610" date="2015-01-19" quantity="1" length="90" incomplete="0" nowinstats="0" location="Chez Léo C, Grenoble">
        <item name="Ghost Stories" objecttype="thing" objectid="37046">
            <subtypes>
                <subtype value="boardgame" />
            </subtypes>
        </item>
        <comments>with 2 Wu-Feng incarnations
Barely won with all 12 locations overrun. Victory on last roll before everyone dies in their turn.</comments>
        <players>
            <player username="" userid="0" name="Amaury" startposition="2" color="Yellow" score="" new="0" rating="0" win="1" />
            <player username="leochab" userid="406567" name="Léo C" startposition="1" color="Green" score="" new="0" rating="0" win="1" />
            <player username="" userid="0" name="Benoît ?" startposition="4" color="Blue" score="" new="1" rating="0" win="1" />
            <player username="" userid="0" name="Quentin" startposition="3" color="Red" score="" new="0" rating="0" win="1" />
        </players>
    </play>
    <play id="13674877" date="2015-01-14" quantity="1" length="120" incomplete="0" nowinstats="0" location="Chez Léo C, Grenoble">
        <item name="Cosmic Encounter" objecttype="thing" objectid="39463">
            <subtypes>
                <subtype value="boardgame" />
                <subtype value="boardgameimplementation" />
            </subtypes>
        </item>
        <players>
            <player username="" userid="0" name="François G" startposition="" color="Yellow" score="5" new="0" rating="0" win="1" />
            <player username="" userid="0" name="Amaury" startposition="" color="Purple" score="4" new="0" rating="0" win="0" />
            <player username="leochab" userid="406567" name="Léo C" startposition="" color="Orange" score="5" new="0" rating="0" win="1" />
            <player username="" userid="0" name="Quentin" startposition="" color="Red" score="4" new="1" rating="0" win="0" />
            <player username="" userid="0" name="Mathieu M" startposition="" color="Green" score="4" new="0" rating="0" win="1" />
            <player username="" userid="0" name="Julien C" startposition="" color="Blue" score="4" new="1" rating="0" win="0" />
        </players>
    </play>
    <play id="13675006" date="2015-01-14" quantity="4" length="80" incomplete="0" nowinstats="0" location="Chez Léo C, Grenoble">
        <item name="Escape: The Curse of the Temple" objecttype="thing" objectid="113294">
            <subtypes>
                <subtype value="boardgame" />
            </subtypes>
        </item>
        <comments>2 won
2 lost</comments>
        <players>
            <player username="" userid="0" name="François G" startposition="" color="Purple" score="" new="0" rating="0" win="0" />
            <player username="" userid="0" name="Amaury" startposition="" color="White" score="" new="0" rating="0" win="0" />
            <player username="leochab" userid="406567" name="Léo C" startposition="" color="Green" score="" new="0" rating="0" win="0" />
            <player username="" userid="0" name="Quentin" startposition="" color="Blue" score="" new="0" rating="0" win="0" />
            <player username="" userid="0" name="Julien C" startposition="" color="Red" score="" new="1" rating="0" win="0" />
        </players>
    </play>
    <play id="13647479" date="2015-01-10" quantity="1" length="90" incomplete="0" nowinstats="0" location="Chez Julien C, Grenoble">
        <item name="A Game of Thrones: The Board Game (Second Edition)" objecttype="thing" objectid="103343">
            <subtypes>
                <subtype value="boardgame" />
                <subtype value="boardgameimplementation" />
            </subtypes>
        </item>
        <players>
            <player username="" userid="0" name="Florent ?" startposition="" color="Lannister" score="" new="0" rating="0" win="0" />
            <player username="" userid="0" name="Antonio" startposition="" color="Baratheon" score="7" new="0" rating="0" win="1" />
            <player username="" userid="0" name="Julien C" startposition="" color="Greyjoy" score="" new="0" rating="0" win="0" />
            <player username="leochab" userid="406567" name="Léo C" startposition="" color="Tully/Green" score="" new="0" rating="0" win="0" />
            <player username="" userid="0" name="Florent&#039;s GF" startposition="" color="Stark" score="" new="1" rating="0" win="0" />
        </players>
    </play>
    <play id="13647496" date="2015-01-10" quantity="1" length="150" incomplete="0" nowinstats="0" location="Chez Julien C, Grenoble">
        <item name="A Game of Thrones: The Board Game (Second Edition)" objecttype="thing" objectid="103343">
            <subtypes>
                <subtype value="boardgame" />
                <subtype value="boardgameimplementation" />
            </subtypes>
        </item>
        <players>
            <player username="" userid="0" name="Florent ?" startposition="" color="Greyjoy" score="2" new="0" rating="0" win="0" />
            <player username="" userid="0" name="Antonio" startposition="" color="Stark" score="4" new="0" rating="0" win="0" />
            <player username="leochab" userid="406567" name="Léo C" startposition="" color="Lannister" score="5" new="0" rating="0" win="0" />
            <player username="" userid="0" name="Julien C" startposition="" color="Baratheon" score="7" new="0" rating="0" win="1" />
        </players>
    </play>
    <play id="13647437" date="2015-01-07" quantity="1" length="160" incomplete="0" nowinstats="0" location="Chez Léo C, Grenoble">
        <item name="Ghost Stories" objecttype="thing" objectid="37046">
            <subtypes>
                <subtype value="boardgame" />
            </subtypes>
        </item>
        <comments>With Black Secret Expansion
Close victory, Wu Feng&#039;s shadow was summoned</comments>
        <players>
            <player username="" userid="0" name="François G" startposition="" color="Red" score="" new="0" rating="0" win="1" />
            <player username="" userid="0" name="Emilien T" startposition="" color="Yellow" score="" new="1" rating="0" win="1" />
            <player username="leochab" userid="406567" name="Léo C" startposition="" color="Green" score="" new="0" rating="0" win="1" />
            <player username="" userid="0" name="Quentin" startposition="" color="Blue" score="" new="0" rating="0" win="1" />
            <player username="" userid="0" name="Julien D" startposition="" color="Wu Feng" score="" new="0" rating="0" win="0" />
        </players>
    </play>
    <play id="13305702" date="2014-12-08" quantity="4" length="50" incomplete="0" nowinstats="0" location="Chez Léo C, Grenoble">
        <item name="Escape: The Curse of the Temple" objecttype="thing" objectid="113294">
            <subtypes>
                <subtype value="boardgame" />
            </subtypes>
        </item>
        <comments>Lost 3, Won 1
First play with Traci</comments>
        <players>
            <player username="leochab" userid="406567" name="Léo C" startposition="" color="Blue" score="" new="0" rating="0" win="1" />
            <player username="" userid="0" name="Amaury" startposition="" color="" score="" new="0" rating="0" win="1" />
            <player username="" userid="0" name="Quentin" startposition="" color="" score="" new="1" rating="0" win="1" />
        </players>
    </play>
    <play id="13305684" date="2014-12-08" quantity="1" length="60" incomplete="0" nowinstats="0" location="Chez Léo C, Grenoble">
        <item name="Glory to Rome" objecttype="thing" objectid="19857">
            <subtypes>
                <subtype value="boardgame" />
            </subtypes>
        </item>
        <players>
            <player username="" userid="0" name="Quentin" startposition="2" color="" score="16" new="0" rating="0" win="0" />
            <player username="leochab" userid="406567" name="Léo C" startposition="1" color="" score="35" new="0" rating="0" win="0" />
            <player username="" userid="0" name="Amaury" startposition="3" color="" score="36" new="0" rating="0" win="1" />
        </players>
    </play>
    <play id="13305678" date="2014-12-07" quantity="1" length="100" incomplete="0" nowinstats="0" location="Chez Léo C, Grenoble">
        <item name="Suburbia" objecttype="thing" objectid="123260">
            <subtypes>
                <subtype value="boardgame" />
            </subtypes>
        </item>
        <players>
            <player username="" userid="0" name="Traci OB" startposition="2" color="Purple" score="103" new="1" rating="0" win="0" />
            <player username="leochab" userid="406567" name="Léo C" startposition="1" color="Red" score="115" new="0" rating="0" win="1" />
        </players>
    </play>
    <play id="13256676" date="2014-12-02" quantity="1" length="120" incomplete="0" nowinstats="0" location="Chez Léo C, Grenoble">
        <item name="Colosseum" objecttype="thing" objectid="27746">
            <subtypes>
                <subtype value="boardgame" />
            </subtypes>
        </item>
        <players>
            <player username="" userid="0" name="François G" startposition="2" color="Green" score="86" new="1" rating="0" win="1" />
            <player username="" userid="0" name="Julien D" startposition="1" color="Blue" score="70" new="1" rating="0" win="0" />
            <player username="leochab" userid="406567" name="Léo C" startposition="4" color="Purple" score="76" new="1" rating="0" win="0" />
            <player username="" userid="0" name="Amaury" startposition="3" color="Red" score="67" new="1" rating="0" win="0" />
        </players>
    </play>
    <play id="13256682" date="2014-12-02" quantity="1" length="45" incomplete="0" nowinstats="0" location="Chez Léo C, Grenoble">
        <item name="Vérone" objecttype="thing" objectid="165469">
            <subtypes>
                <subtype value="boardgame" />
                <subtype value="boardgamecompilation" />
            </subtypes>
        </item>
        <players>
            <player username="" userid="0" name="Julien D" startposition="2" color="Blue" score="6" new="1" rating="0" win="1" />
            <player username="" userid="0" name="François G" startposition="1" color="Red" score="3" new="1" rating="0" win="0" />
            <player username="" userid="0" name="Amaury" startposition="4" color="Black" score="5" new="1" rating="0" win="0" />
            <player username="leochab" userid="406567" name="Léo C" startposition="3" color="Green" score="4" new="0" rating="0" win="0" />
        </players>
    </play>
    <play id="13233513" date="2014-11-26" quantity="1" length="100" incomplete="0" nowinstats="0" location="Chez Léo C, Grenoble">
        <item name="Cyclades" objecttype="thing" objectid="54998">
            <subtypes>
                <subtype value="boardgame" />
            </subtypes>
        </item>
        <comments>After a rule confusion, we didn&#039;t allow François to attack Leo and conquer his second metropolis. Therefore Martial won without any challenge.</comments>
        <players>
            <player username="" userid="0" name="Julien D" startposition="" color="Green" score="" new="1" rating="0" win="0" />
            <player username="" userid="0" name="François G" startposition="" color="" score="1" new="0" rating="0" win="0" />
            <player username="" userid="0" name="Martial" startposition="" color="Yellow" score="2" new="0" rating="0" win="1" />
            <player username="leochab" userid="406567" name="Léo C" startposition="" color="Blue" score="0" new="0" rating="0" win="0" />
        </players>
    </play>
    <play id="13233535" date="2014-11-26" quantity="4" length="50" incomplete="0" nowinstats="0" location="Chez Léo C, Grenoble">
        <item name="Escape: The Curse of the Temple" objecttype="thing" objectid="113294">
            <subtypes>
                <subtype value="boardgame" />
            </subtypes>
        </item>
        <comments>Won 4 out of 4 games</comments>
        <players>
            <player username="" userid="0" name="Julien D" startposition="" color="Blue" score="" new="1" rating="0" win="1" />
            <player username="" userid="0" name="François G" startposition="" color="Red" score="" new="0" rating="0" win="1" />
            <player username="" userid="0" name="Martial" startposition="" color="Green" score="" new="0" rating="0" win="1" />
            <player username="leochab" userid="406567" name="Léo C" startposition="" color="Black" score="" new="0" rating="0" win="1" />
        </players>
    </play>
    <play id="13152946" date="2014-11-19" quantity="1" length="40" incomplete="0" nowinstats="0" location="Chez Léo C, Grenoble">
        <item name="The Boss" objecttype="thing" objectid="85005">
            <subtypes>
                <subtype value="boardgame" />
            </subtypes>
        </item>
        <comments>Amaury won because he made more points in the last round</comments>
        <players>
            <player username="" userid="0" name="François G" startposition="" color="" score="13" new="1" rating="0" win="0" />
            <player username="" userid="0" name="Amaury" startposition="" color="" score="13" new="1" rating="0" win="1" />
            <player username="" userid="0" name="Martial" startposition="" color="" score="10" new="1" rating="0" win="0" />
            <player username="leochab" userid="406567" name="Léo C" startposition="" color="" score="13" new="1" rating="0" win="0" />
        </players>
    </play>
    <play id="13152944" date="2014-11-19" quantity="6" length="80" incomplete="0" nowinstats="0" location="Chez Léo C, Grenoble">
        <item name="Escape: The Curse of the Temple" objecttype="thing" objectid="113294">
            <subtypes>
                <subtype value="boardgame" />
            </subtypes>
        </item>
        <comments>6 plays with curses, treasures and illusions chambers
won 3, lost 3</comments>
        <players>
            <player username="" userid="0" name="François G" startposition="" color="Green" score="" new="1" rating="0" win="1" />
            <player username="" userid="0" name="Amaury" startposition="" color="Black" score="" new="1" rating="0" win="1" />
            <player username="" userid="0" name="Martial" startposition="" color="Red" score="" new="1" rating="0" win="1" />
            <player username="leochab" userid="406567" name="Léo C" startposition="" color="Blue" score="" new="0" rating="0" win="1" />
        </players>
    </play>
    <play id="13138877" date="2014-11-17" quantity="1" length="20" incomplete="0" nowinstats="0" location="Chez Léo C, Grenoble">
        <item name="Escape: The Curse of the Temple" objecttype="thing" objectid="113294">
            <subtypes>
                <subtype value="boardgame" />
            </subtypes>
        </item>
        <comments>Played without curses &amp; treasures.
7 gems</comments>
        <players>
            <player username="" userid="0" name="Traci OB" startposition="" color="Green" score="" new="1" rating="0" win="1" />
            <player username="leochab" userid="406567" name="Léo C" startposition="" color="Black" score="" new="1" rating="0" win="1" />
        </players>
    </play>
    <play id="13138821" date="2014-11-17" quantity="2" length="25" incomplete="0" nowinstats="0" location="Chez Léo C, Grenoble">
        <item name="Vérone" objecttype="thing" objectid="165469">
            <subtypes>
                <subtype value="boardgame" />
                <subtype value="boardgamecompilation" />
            </subtypes>
        </item>
        <comments>won each one round</comments>
        <players>
            <player username="" userid="0" name="Traci OB" startposition="" color="" score="" new="1" rating="0" win="1" />
            <player username="leochab" userid="406567" name="Léo C" startposition="" color="" score="" new="1" rating="0" win="1" />
        </players>
    </play>
    <play id="13098280" date="2014-11-12" quantity="1" length="80" incomplete="0" nowinstats="0" location="Chez Léo C, Grenoble">
        <item name="CV" objecttype="thing" objectid="143986">
            <subtypes>
                <subtype value="boardgame" />
            </subtypes>
        </item>
        <players>
            <player username="" userid="0" name="Amaury" startposition="2" color="" score="49" new="0" rating="0" win="0" />
            <player username="" userid="0" name="François G" startposition="1" color="" score="37" new="0" rating="0" win="0" />
            <player username="" userid="0" name="Traci OB" startposition="4" color="" score="39" new="1" rating="0" win="0" />
            <player username="leochab" userid="406567" name="Léo C" startposition="3" color="" score="51" new="0" rating="0" win="1" />
        </players>
    </play>
    <play id="13098275" date="2014-11-12" quantity="1" length="70" incomplete="0" nowinstats="0" location="Chez Léo C, Grenoble">
        <item name="Elder Sign" objecttype="thing" objectid="100423">
            <subtypes>
                <subtype value="boardgame" />
            </subtypes>
        </item>
        <comments>vs; Ithaqua</comments>
        <players>
            <player username="" userid="0" name="François G" startposition="" color="Mandy" score="" new="0" rating="0" win="1" />
            <player username="" userid="0" name="Amaury" startposition="" color="Ashcan" score="" new="0" rating="0" win="1" />
            <player username="" userid="0" name="Traci OB" startposition="" color="Mark" score="" new="1" rating="0" win="1" />
            <player username="leochab" userid="406567" name="Léo C" startposition="" color="Jacqueline" score="" new="0" rating="0" win="1" />
        </players>
    </play>
    <play id="13052765" date="2014-11-07" quantity="1" length="45" incomplete="0" nowinstats="0" location="Chez Léo C, Grenoble">
        <item name="Suburbia" objecttype="thing" objectid="123260">
            <subtypes>
                <subtype value="boardgame" />
            </subtypes>
        </item>
        <players>
            <player username="leochab" userid="406567" name="Léo C" startposition="" color="" score="144" new="0" rating="0" win="0" />
        </players>
    </play>
    <play id="13042142" date="2014-11-06" quantity="3" length="20" incomplete="0" nowinstats="0" location="Chez Léo C, Grenoble">
        <item name="Room 25" objecttype="thing" objectid="127024">
            <subtypes>
                <subtype value="boardgame" />
            </subtypes>
        </item>
        <comments>1 Team Modes: Martial &amp; Léo (0 win) vs Julien &amp; François (1 win)
2 survivals</comments>
        <players>
            <player username="" userid="0" name="Julien D" startposition="" color="Colosse" score="" new="1" rating="0" win="0" />
            <player username="" userid="0" name="François G" startposition="" color="Fillette" score="" new="0" rating="0" win="0" />
            <player username="" userid="0" name="Martial" startposition="" color="Savant" score="" new="1" rating="0" win="0" />
            <player username="leochab" userid="406567" name="Léo C" startposition="" color="Geek" score="" new="0" rating="0" win="0" />
        </players>
    </play>
    <play id="13042127" date="2014-11-05" quantity="1" length="90" incomplete="0" nowinstats="0" location="Chez Léo C, Grenoble">
        <item name="Cosmic Encounter" objecttype="thing" objectid="39463">
            <subtypes>
                <subtype value="boardgame" />
                <subtype value="boardgameimplementation" />
            </subtypes>
        </item>
        <players>
            <player username="leochab" userid="406567" name="Léo C" startposition="2" color="Blue" score="4" new="0" rating="0" win="0" />
            <player username="" userid="0" name="François G" startposition="1" color="Purple" score="3" new="0" rating="0" win="0" />
            <player username="" userid="0" name="Martial" startposition="4" color="Red" score="4" new="1" rating="0" win="0" />
            <player username="" userid="0" name="Julien D" startposition="3" color="Green" score="5" new="0" rating="0" win="1" />
        </players>
    </play>
    <play id="12976671" date="2014-10-27" quantity="1" length="120" incomplete="0" nowinstats="0" location="Chez Léo C, Grenoble">
        <item name="Ghost Stories" objecttype="thing" objectid="37046">
            <subtypes>
                <subtype value="boardgame" />
            </subtypes>
        </item>
        <comments>with Black Secret Expansion</comments>
        <players>
            <player username="" userid="0" name="François G" startposition="" color="Yellow" score="" new="0" rating="0" win="1" />
            <player username="" userid="0" name="Amaury" startposition="" color="Blue" score="" new="1" rating="0" win="1" />
            <player username="" userid="0" name="Mathieu M" startposition="" color="Green" score="" new="0" rating="0" win="1" />
            <player username="" userid="0" name="Quentin" startposition="" color="Red" score="" new="0" rating="0" win="1" />
            <player username="leochab" userid="406567" name="Léo C" startposition="" color="Wu Feng" score="" new="0" rating="0" win="0" />
        </players>
    </play>
    <play id="12976682" date="2014-10-27" quantity="1" length="80" incomplete="0" nowinstats="0" location="Chez Léo C, Grenoble">
        <item name="Suburbia" objecttype="thing" objectid="123260">
            <subtypes>
                <subtype value="boardgame" />
            </subtypes>
        </item>
        <players>
            <player username="" userid="0" name="Quentin" startposition="2" color="Red" score="94" new="0" rating="0" win="0" />
            <player username="" userid="0" name="Amaury" startposition="1" color="Black" score="75" new="0" rating="0" win="0" />
            <player username="" userid="0" name="François G" startposition="4" color="Yellow" score="68" new="1" rating="0" win="0" />
            <player username="leochab" userid="406567" name="Léo C" startposition="3" color="Purple" score="110" new="0" rating="0" win="1" />
        </players>
    </play>
    <play id="12966726" date="2014-10-25" quantity="4" length="120" incomplete="0" nowinstats="0" location="Chez Léo C, Grenoble">
        <item name="Glory to Rome" objecttype="thing" objectid="19857">
            <subtypes>
                <subtype value="boardgame" />
            </subtypes>
        </item>
        <comments>Amaury 1 win
Léo 3 wins</comments>
        <players>
            <player username="leochab" userid="406567" name="Léo C" startposition="" color="" score="" new="0" rating="0" win="1" />
            <player username="" userid="0" name="Amaury" startposition="" color="" score="" new="0" rating="0" win="1" />
        </players>
    </play>
    <play id="12973467" date="2014-10-25" quantity="1" length="45" incomplete="1" nowinstats="0" location="Chez Sam, Lyon">
        <item name="Uchronia" objecttype="thing" objectid="128063">
            <subtypes>
                <subtype value="boardgame" />
                <subtype value="boardgameimplementation" />
            </subtypes>
        </item>
        <players>
            <player username="leochab" userid="406567" name="Léo C" startposition="" color="" score="" new="1" rating="0" win="0" />
            <player username="" userid="0" name="Aline J" startposition="" color="" score="" new="1" rating="0" win="0" />
            <player username="" userid="0" name="Sam D" startposition="" color="" score="" new="1" rating="0" win="0" />
        </players>
    </play>
    <play id="12924989" date="2014-10-20" quantity="1" length="90" incomplete="0" nowinstats="0" location="Chez Léo C, Grenoble">
        <item name="Glory to Rome" objecttype="thing" objectid="19857">
            <subtypes>
                <subtype value="boardgame" />
            </subtypes>
        </item>
        <players>
            <player username="" userid="0" name="François G" startposition="2" color="" score="15" new="1" rating="0" win="0" />
            <player username="" userid="0" name="Amaury" startposition="1" color="" score="8" new="0" rating="0" win="0" />
            <player username="leochab" userid="406567" name="Léo C" startposition="4" color="" score="17" new="0" rating="0" win="1" />
            <player username="" userid="0" name="Quentin" startposition="3" color="" score="9" new="1" rating="0" win="0" />
        </players>
    </play>
    <play id="12924992" date="2014-10-20" quantity="9" length="60" incomplete="0" nowinstats="0" location="Chez Léo C, Grenoble">
        <item name="Star Fluxx" objecttype="thing" objectid="102104">
            <subtypes>
                <subtype value="boardgame" />
                <subtype value="boardgameimplementation" />
            </subtypes>
        </item>
        <comments>Quentin : 4 wins
François : 2 wins
Amaury : 2 wins
Léo : 1 win</comments>
        <players>
            <player username="" userid="0" name="François G" startposition="" color="" score="" new="0" rating="0" win="1" />
            <player username="" userid="0" name="Amaury" startposition="" color="" score="" new="0" rating="0" win="1" />
            <player username="" userid="0" name="Quentin" startposition="" color="" score="" new="0" rating="0" win="1" />
            <player username="leochab" userid="406567" name="Léo C" startposition="" color="" score="" new="0" rating="0" win="1" />
        </players>
    </play>
    <play id="12870506" date="2014-10-13" quantity="2" length="60" incomplete="0" nowinstats="0" location="Chez Léo C, Grenoble">
        <item name="Star Fluxx" objecttype="thing" objectid="102104">
            <subtypes>
                <subtype value="boardgame" />
                <subtype value="boardgameimplementation" />
            </subtypes>
        </item>
        <players>
            <player username="" userid="0" name="François G" startposition="" color="" score="" new="0" rating="0" win="0" />
            <player username="" userid="0" name="Amaury" startposition="" color="" score="" new="0" rating="0" win="0" />
            <player username="leochab" userid="406567" name="Léo C" startposition="" color="" score="" new="0" rating="0" win="0" />
            <player username="" userid="0" name="Quentin" startposition="" color="" score="" new="0" rating="0" win="1" />
            <player username="" userid="0" name="Julien D" startposition="" color="" score="" new="0" rating="0" win="0" />
        </players>
    </play>
    <play id="12870484" date="2014-10-13" quantity="1" length="100" incomplete="0" nowinstats="0" location="Chez Léo C, Grenoble">
        <item name="Zombicide" objecttype="thing" objectid="113924">
            <subtypes>
                <subtype value="boardgame" />
                <subtype value="boardgameintegration" />
            </subtypes>
        </item>
        <comments>Bunker Mission</comments>
        <players>
            <player username="" userid="0" name="François G" startposition="" color="Ned" score="" new="0" rating="0" win="1" />
            <player username="" userid="0" name="Amaury" startposition="" color="Josh" score="" new="0" rating="0" win="1" />
            <player username="leochab" userid="406567" name="Léo C" startposition="" color="Amy" score="" new="0" rating="0" win="1" />
            <player username="" userid="0" name="Quentin" startposition="" color="Phil" score="" new="0" rating="0" win="1" />
            <player username="" userid="0" name="Mathieu M" startposition="" color="Doug" score="" new="0" rating="0" win="1" />
            <player username="" userid="0" name="Julien D" startposition="" color="Wanda" score="" new="1" rating="0" win="1" />
        </players>
    </play>
    <play id="12823602" date="2014-10-06" quantity="1" length="90" incomplete="0" nowinstats="0" location="Chez Léo C, Grenoble">
        <item name="Cosmic Encounter" objecttype="thing" objectid="39463">
            <subtypes>
                <subtype value="boardgame" />
                <subtype value="boardgameimplementation" />
            </subtypes>
        </item>
        <players>
            <player username="" userid="0" name="Emilien T" startposition="" color="Red" score="3" new="1" rating="0" win="0" />
            <player username="" userid="0" name="Amaury" startposition="" color="Blue" score="5" new="1" rating="0" win="1" />
            <player username="" userid="0" name="Julien D" startposition="" color="Purple" score="3" new="1" rating="0" win="0" />
            <player username="leochab" userid="406567" name="Léo C" startposition="" color="Green" score="2" new="1" rating="0" win="0" />
            <player username="" userid="0" name="François G" startposition="" color="Yellow" score="3" new="1" rating="0" win="0" />
        </players>
    </play>
    <play id="12825877" date="2014-10-06" quantity="1" length="80" incomplete="0" nowinstats="0" location="Chez Léo C, Grenoble">
        <item name="Space Alert" objecttype="thing" objectid="38453">
            <subtypes>
                <subtype value="boardgame" />
            </subtypes>
        </item>
        <players>
            <player username="" userid="0" name="Emilien T" startposition="" color="" score="" new="1" rating="0" win="0" />
            <player username="" userid="0" name="Amaury" startposition="" color="" score="" new="1" rating="0" win="0" />
            <player username="" userid="0" name="Julien D" startposition="" color="" score="" new="1" rating="0" win="0" />
            <player username="leochab" userid="406567" name="Léo C" startposition="" color="" score="" new="1" rating="0" win="0" />
            <player username="" userid="0" name="François G" startposition="" color="" score="" new="1" rating="0" win="0" />
        </players>
    </play>
    <play id="12776715" date="2014-09-29" quantity="1" length="60" incomplete="0" nowinstats="0" location="Chez Léo C, Grenoble">
        <item name="CV" objecttype="thing" objectid="143986">
            <subtypes>
                <subtype value="boardgame" />
            </subtypes>
        </item>
        <players>
            <player username="" userid="0" name="Amaury" startposition="2" color="" score="70" new="1" rating="0" win="1" />
            <player username="" userid="0" name="Julien D" startposition="1" color="" score="66" new="1" rating="0" win="0" />
            <player username="leochab" userid="406567" name="Léo C" startposition="3" color="" score="68" new="0" rating="0" win="0" />
        </players>
    </play>
    <play id="12778827" date="2014-09-29" quantity="1" length="100" incomplete="0" nowinstats="0" location="Chez Léo C, Grenoble">
        <item name="Glory to Rome" objecttype="thing" objectid="19857">
            <subtypes>
                <subtype value="boardgame" />
            </subtypes>
        </item>
        <players>
            <player username="" userid="0" name="Julien D" startposition="" color="" score="42" new="1" rating="0" win="0" />
            <player username="" userid="0" name="Amaury" startposition="" color="" score="23" new="1" rating="0" win="0" />
            <player username="leochab" userid="406567" name="Léo C" startposition="" color="" score="48" new="1" rating="0" win="1" />
        </players>
    </play>
    <play id="12740474" date="2014-09-24" quantity="1" length="70" incomplete="0" nowinstats="0" location="Chez Léo C, Grenoble">
        <item name="Elder Sign" objecttype="thing" objectid="100423">
            <subtypes>
                <subtype value="boardgame" />
            </subtypes>
        </item>
        <players>
            <player username="" userid="0" name="François G" startposition="" color="" score="" new="0" rating="0" win="1" />
            <player username="" userid="0" name="Amaury" startposition="" color="" score="" new="0" rating="0" win="1" />
            <player username="leochab" userid="406567" name="Léo C" startposition="" color="" score="" new="0" rating="0" win="1" />
        </players>
    </play>
    <play id="12740464" date="2014-09-24" quantity="1" length="45" incomplete="0" nowinstats="0" location="Chez Léo C, Grenoble">
        <item name="Room 25" objecttype="thing" objectid="127024">
            <subtypes>
                <subtype value="boardgame" />
            </subtypes>
        </item>
        <comments>Coopération</comments>
        <players>
            <player username="" userid="0" name="François G" startposition="" color="" score="" new="1" rating="0" win="1" />
            <player username="" userid="0" name="Amaury" startposition="" color="" score="" new="1" rating="0" win="1" />
            <player username="leochab" userid="406567" name="Léo C" startposition="" color="" score="" new="0" rating="0" win="1" />
        </players>
    </play>
    <play id="12740450" date="2014-09-23" quantity="1" length="20" incomplete="0" nowinstats="0" location="Chez Léo C, Grenoble">
        <item name="Room 25" objecttype="thing" objectid="127024">
            <subtypes>
                <subtype value="boardgame" />
            </subtypes>
        </item>
        <comments>Solo avec 6 personnages</comments>
        <players>
            <player username="leochab" userid="406567" name="Léo C" startposition="" color="" score="" new="0" rating="0" win="1" />
        </players>
    </play>
    <play id="12696415" date="2014-09-17" quantity="1" length="100" incomplete="0" nowinstats="0" location="Chez Léo C, Grenoble">
        <item name="Robinson Crusoe: Adventure on the Cursed Island" objecttype="thing" objectid="121921">
            <subtypes>
                <subtype value="boardgame" />
            </subtypes>
        </item>
        <comments>Scénario 2</comments>
        <players>
            <player username="leochab" userid="406567" name="Léo C" startposition="" color="Menuisier" score="" new="0" rating="0" win="0" />
            <player username="" userid="0" name="François G" startposition="" color="Explorateur" score="" new="0" rating="0" win="0" />
        </players>
    </play>
    <play id="12696421" date="2014-09-17" quantity="1" length="100" incomplete="0" nowinstats="0" location="Chez Léo C, Grenoble">
        <item name="Robinson Crusoe: Adventure on the Cursed Island" objecttype="thing" objectid="121921">
            <subtypes>
                <subtype value="boardgame" />
            </subtypes>
        </item>
        <comments>Scénario 3: Sauver Jenny</comments>
        <players>
            <player username="" userid="0" name="François G" startposition="" color="Soldat" score="" new="0" rating="0" win="1" />
            <player username="" userid="0" name="Florent B" startposition="" color="Cuistot" score="" new="1" rating="0" win="1" />
            <player username="leochab" userid="406567" name="Léo C" startposition="" color="Menuisier" score="" new="0" rating="0" win="1" />
        </players>
    </play>
    <play id="12651131" date="2014-09-11" quantity="1" length="240" incomplete="0" nowinstats="0" location="Chez Léo C, Grenoble">
        <item name="A Game of Thrones: The Board Game (Second Edition)" objecttype="thing" objectid="103343">
            <subtypes>
                <subtype value="boardgame" />
                <subtype value="boardgameimplementation" />
            </subtypes>
        </item>
        <players>
            <player username="" userid="0" name="François G" startposition="" color="Stark" score="6 (2)" new="1" rating="0" win="0" />
            <player username="" userid="0" name="Amaury" startposition="" color="Baratheon" score="3" new="1" rating="0" win="0" />
            <player username="leochab" userid="406567" name="Léo C" startposition="" color="Greyjoy" score="3" new="1" rating="0" win="0" />
            <player username="" userid="0" name="Martial" startposition="" color="Tyrell" score="6 (3)" new="0" rating="0" win="1" />
            <player username="" userid="0" name="Julien C" startposition="" color="Lannister" score="2" new="0" rating="0" win="0" />
        </players>
    </play>
    <play id="12634579" date="2014-09-07" quantity="1" length="120" incomplete="0" nowinstats="0" location="Chez Martial, Grenoble">
        <item name="Robinson Crusoe: Adventure on the Cursed Island" objecttype="thing" objectid="121921">
            <subtypes>
                <subtype value="boardgame" />
            </subtypes>
        </item>
        <comments>Mission Naufragé with the Dog</comments>
        <players>
            <player username="" userid="0" name="Johanne A" startposition="" color="Charpentier" score="" new="1" rating="0" win="1" />
            <player username="" userid="0" name="François G" startposition="" color="Soldat" score="" new="1" rating="0" win="1" />
            <player username="" userid="0" name="Martial" startposition="" color="Cuistot" score="" new="0" rating="0" win="1" />
            <player username="leochab" userid="406567" name="Léo C" startposition="" color="Explorateur" score="" new="0" rating="0" win="1" />
        </players>
    </play>
    <play id="12634564" date="2014-09-05" quantity="1" length="100" incomplete="0" nowinstats="0" location="Chez Léo C, Grenoble">
        <item name="Robinson Crusoe: Adventure on the Cursed Island" objecttype="thing" objectid="121921">
            <subtypes>
                <subtype value="boardgame" />
            </subtypes>
        </item>
        <comments>Mission: Naufragé</comments>
        <players>
            <player username="leochab" userid="406567" name="Léo C" startposition="" color="Charpentier" score="" new="0" rating="0" win="0" />
        </players>
    </play>
    <play id="12603212" date="2014-09-03" quantity="1" length="170" incomplete="0" nowinstats="0" location="Chez Quentin, Grenoble">
        <item name="Bootleggers" objecttype="thing" objectid="12477">
            <subtypes>
                <subtype value="boardgame" />
            </subtypes>
        </item>
        <players>
            <player username="" userid="0" name="Quentin" startposition="" color="Blue" score="113" new="0" rating="0" win="0" />
            <player username="" userid="0" name="Clément G" startposition="" color="Yellow" score="105" new="1" rating="0" win="0" />
            <player username="" userid="0" name="Amaury" startposition="" color="Red" score="88" new="0" rating="0" win="0" />
            <player username="" userid="0" name="François G" startposition="" color="Purple" score="121" new="1" rating="0" win="1" />
        </players>
    </play>
    <play id="12603213" date="2014-09-03" quantity="1" length="60" incomplete="0" nowinstats="0" location="Chez Quentin, Grenoble">
        <item name="Space Station" objecttype="thing" objectid="108377">
            <subtypes>
                <subtype value="boardgame" />
            </subtypes>
        </item>
        <players>
            <player username="" userid="0" name="Amaury" startposition="2" color="" score="20" new="1" rating="0" win="0" />
            <player username="" userid="0" name="Quentin" startposition="1" color="" score="16" new="0" rating="0" win="0" />
            <player username="leochab" userid="406567" name="Léo C" startposition="3" color="" score="25" new="0" rating="0" win="1" />
        </players>
    </play>
    <play id="12560537" date="2014-08-27" quantity="1" length="100" incomplete="0" nowinstats="0" location="Chez Quentin, Grenoble">
        <item name="Ghost Stories" objecttype="thing" objectid="37046">
            <subtypes>
                <subtype value="boardgame" />
            </subtypes>
        </item>
        <comments>Played with Black Secret Expansion.
Initiation mode</comments>
        <players>
            <player username="leochab" userid="406567" name="Léo C" startposition="" color="Red" score="" new="0" rating="0" win="1" />
            <player username="" userid="0" name="François G" startposition="" color="Wu-Feng" score="" new="0" rating="0" win="0" />
            <player username="" userid="0" name="Mathieu M" startposition="" color="Blue" score="" new="1" rating="0" win="1" />
            <player username="" userid="0" name="Quentin" startposition="" color="Yellow" score="" new="0" rating="0" win="1" />
            <player username="" userid="0" name="Martial" startposition="" color="Green" score="" new="1" rating="0" win="1" />
        </players>
    </play>
    <play id="12514021" date="2014-08-23" quantity="1" length="60" incomplete="0" nowinstats="0" location="Chez Léo C, Grenoble">
        <item name="Ghost Stories" objecttype="thing" objectid="37046">
            <subtypes>
                <subtype value="boardgame" />
            </subtypes>
        </item>
        <players>
            <player username="leochab" userid="406567" name="Léo C" startposition="" color="Blue" score="" new="0" rating="0" win="1" />
        </players>
    </play>
    <play id="12501617" date="2014-08-21" quantity="1" length="120" incomplete="0" nowinstats="0" location="Chez Léo C, Grenoble">
        <item name="Ghost Stories" objecttype="thing" objectid="37046">
            <subtypes>
                <subtype value="boardgame" />
            </subtypes>
        </item>
        <players>
            <player username="leochab" userid="406567" name="Léo C &amp; Quentin" startposition="3" color="Green" score="" new="1" rating="0" win="1" />
            <player username="" userid="0" name="Julien D" startposition="4" color="Yellow" score="" new="1" rating="0" win="1" />
            <player username="" userid="0" name="Clément G" startposition="1" color="Red" score="" new="1" rating="0" win="1" />
            <player username="" userid="0" name="François G" startposition="2" color="Blue" score="" new="1" rating="0" win="1" />
        </players>
    </play>
    <play id="12501630" date="2014-08-21" quantity="1" length="20" incomplete="0" nowinstats="0" location="Chez Léo C, Grenoble">
        <item name="Star Fluxx" objecttype="thing" objectid="102104">
            <subtypes>
                <subtype value="boardgame" />
                <subtype value="boardgameimplementation" />
            </subtypes>
        </item>
        <players>
            <player username="" userid="0" name="François G" startposition="" color="" score="" new="0" rating="0" win="1" />
            <player username="" userid="0" name="Clément G" startposition="" color="" score="" new="0" rating="0" win="0" />
            <player username="leochab" userid="406567" name="Léo C" startposition="" color="" score="" new="0" rating="0" win="0" />
            <player username="" userid="0" name="Quentin" startposition="" color="" score="" new="0" rating="0" win="0" />
            <player username="" userid="0" name="Julien D" startposition="" color="" score="" new="0" rating="0" win="0" />
        </players>
    </play>
    <play id="12416223" date="2014-08-10" quantity="1" length="70" incomplete="0" nowinstats="0" location="Chez Martial, Grenoble">
        <item name="Elder Sign" objecttype="thing" objectid="100423">
            <subtypes>
                <subtype value="boardgame" />
            </subtypes>
        </item>
        <players>
            <player username="" userid="0" name="Damien F" startposition="" color="" score="" new="1" rating="0" win="1" />
            <player username="" userid="0" name="Charlène A" startposition="" color="" score="" new="0" rating="0" win="1" />
            <player username="leochab" userid="406567" name="Léo C" startposition="" color="" score="" new="0" rating="0" win="1" />
            <player username="" userid="0" name="Quentin" startposition="" color="" score="" new="0" rating="0" win="1" />
            <player username="" userid="0" name="Martial" startposition="" color="" score="" new="0" rating="0" win="1" />
            <player username="" userid="0" name="Julien C" startposition="" color="" score="" new="0" rating="0" win="1" />
        </players>
    </play>
    <play id="12416211" date="2014-08-10" quantity="1" length="80" incomplete="0" nowinstats="0" location="Chez Martial, Grenoble">
        <item name="Smash Up" objecttype="thing" objectid="122522">
            <subtypes>
                <subtype value="boardgame" />
                <subtype value="boardgameintegration" />
            </subtypes>
        </item>
        <players>
            <player username="leochab" userid="406567" name="Léo C &amp; Charlène A" startposition="" color="Steampunk &amp; Ninja" score="7" new="1" rating="0" win="0" />
            <player username="" userid="0" name="Julien C &amp; Damien F" startposition="" color="" score="7" new="1" rating="0" win="0" />
            <player username="" userid="0" name="Quentin &amp; Martial" startposition="" color="" score="16" new="1" rating="0" win="1" />
        </players>
    </play>
    <play id="12395714" date="2014-08-07" quantity="1" length="75" incomplete="0" nowinstats="0" location="Chez Léo C, Grenoble">
        <item name="Cyclades" objecttype="thing" objectid="54998">
            <subtypes>
                <subtype value="boardgame" />
            </subtypes>
        </item>
        <players>
            <player username="" userid="0" name="Julien C" startposition="" color="Yellow" score="0" new="1" rating="0" win="0" />
            <player username="" userid="0" name="Clément G" startposition="" color="Red" score="0" new="1" rating="0" win="0" />
            <player username="" userid="0" name="Martial" startposition="" color="Black" score="0" new="0" rating="0" win="0" />
            <player username="" userid="0" name="Quentin" startposition="" color="Blue" score="1" new="0" rating="0" win="0" />
            <player username="leochab" userid="406567" name="Léo C" startposition="" color="Green" score="2" new="0" rating="0" win="1" />
        </players>
    </play>
    <play id="12392951" date="2014-08-07" quantity="1" length="60" incomplete="0" nowinstats="0" location="Chez Léo C, Grenoble">
        <item name="Elder Sign" objecttype="thing" objectid="100423">
            <subtypes>
                <subtype value="boardgame" />
            </subtypes>
        </item>
        <comments>Played with the Unseen Forces Expansion.
Lost without the honors</comments>
        <players>
            <player username="" userid="0" name="Julien C" startposition="" color="" score="" new="1" rating="0" win="0" />
            <player username="" userid="0" name="Clément G" startposition="" color="" score="" new="1" rating="0" win="0" />
            <player username="" userid="0" name="Martial" startposition="" color="" score="" new="0" rating="0" win="0" />
            <player username="" userid="0" name="Quentin" startposition="" color="" score="" new="0" rating="0" win="0" />
            <player username="leochab" userid="406567" name="Léo C" startposition="" color="" score="" new="0" rating="0" win="0" />
        </players>
    </play>
    <play id="12332876" date="2014-07-29" quantity="1" length="130" incomplete="0" nowinstats="0" location="Chez Léo C, Grenoble">
        <item name="Power Grid" objecttype="thing" objectid="2651">
            <subtypes>
                <subtype value="boardgame" />
                <subtype value="boardgameimplementation" />
            </subtypes>
        </item>
        <players>
            <player username="" userid="0" name="Clément G" startposition="" color="Blue" score="11" new="1" rating="0" win="0" />
            <player username="" userid="0" name="Amaury" startposition="" color="Green" score="11" new="0" rating="0" win="0" />
            <player username="" userid="0" name="Julien D" startposition="" color="Red" score="11" new="1" rating="0" win="0" />
            <player username="" userid="0" name="Quentin" startposition="" color="Yellow" score="11" new="0" rating="0" win="0" />
            <player username="leochab" userid="406567" name="Léo C" startposition="" color="Black" score="12" new="0" rating="0" win="1" />
            <player username="" userid="0" name="François G" startposition="" color="Purple" score="9" new="1" rating="0" win="0" />
        </players>
    </play>
    <play id="12332881" date="2014-07-29" quantity="1" length="25" incomplete="0" nowinstats="0" location="Chez Léo C, Grenoble">
        <item name="Star Fluxx" objecttype="thing" objectid="102104">
            <subtypes>
                <subtype value="boardgame" />
                <subtype value="boardgameimplementation" />
            </subtypes>
        </item>
        <players>
            <player username="" userid="0" name="Clément G" startposition="" color="" score="" new="1" rating="0" win="0" />
            <player username="" userid="0" name="Amaury" startposition="" color="" score="" new="0" rating="0" win="0" />
            <player username="leochab" userid="406567" name="Léo C" startposition="" color="" score="" new="0" rating="0" win="0" />
            <player username="" userid="0" name="Quentin" startposition="" color="" score="" new="1" rating="0" win="1" />
            <player username="" userid="0" name="François G" startposition="" color="" score="" new="0" rating="0" win="0" />
        </players>
    </play>
    <play id="12288877" date="2014-07-23" quantity="1" length="75" incomplete="0" nowinstats="0" location="Chez Quentin, Grenoble">
        <item name="Carcassonne" objecttype="thing" objectid="822">
            <subtypes>
                <subtype value="boardgame" />
                <subtype value="boardgameintegration" />
            </subtypes>
        </item>
        <players>
            <player username="leochab" userid="406567" name="Léo C" startposition="" color="" score="112" new="0" rating="0" win="0" />
            <player username="" userid="0" name="François G" startposition="" color="" score="170" new="1" rating="0" win="1" />
            <player username="" userid="0" name="Quentin" startposition="" color="" score="77" new="0" rating="0" win="0" />
        </players>
    </play>
    <play id="12288892" date="2014-07-23" quantity="1" length="90" incomplete="0" nowinstats="0" location="Chez Quentin, Grenoble">
        <item name="Elder Sign" objecttype="thing" objectid="100423">
            <subtypes>
                <subtype value="boardgame" />
            </subtypes>
        </item>
        <comments>Played with Unseen Forces Expansion</comments>
        <players>
            <player username="leochab" userid="406567" name="Léo C" startposition="" color="" score="" new="0" rating="0" win="1" />
            <player username="" userid="0" name="François G" startposition="" color="" score="" new="0" rating="0" win="1" />
            <player username="" userid="0" name="Quentin" startposition="" color="" score="" new="1" rating="0" win="1" />
        </players>
    </play>
    <play id="12238323" date="2014-07-15" quantity="1" length="180" incomplete="0" nowinstats="0" location="Chez Léo C, Grenoble">
        <item name="Robinson Crusoe: Adventure on the Cursed Island" objecttype="thing" objectid="121921">
            <subtypes>
                <subtype value="boardgame" />
            </subtypes>
        </item>
        <comments>First Scenario (Naufragés)
+ 1 hour for explaining the rules</comments>
        <players>
            <player username="leochab" userid="406567" name="Léo C" startposition="" color="" score="" new="1" rating="0" win="0" />
            <player username="" userid="0" name="Florent V" startposition="" color="" score="" new="1" rating="0" win="0" />
            <player username="" userid="0" name="Mathieu M" startposition="" color="" score="" new="1" rating="0" win="0" />
            <player username="" userid="0" name="Martial" startposition="" color="" score="" new="1" rating="0" win="0" />
        </players>
    </play>
    <play id="12175316" date="2014-07-07" quantity="1" length="180" incomplete="0" nowinstats="0" location="Chez Léo C, Grenoble">
        <item name="Zombicide" objecttype="thing" objectid="113924">
            <subtypes>
                <subtype value="boardgame" />
                <subtype value="boardgameintegration" />
            </subtypes>
        </item>
        <players>
            <player username="" userid="0" name="Emilien T" startposition="" color="Ned" score="" new="1" rating="0" win="0" />
            <player username="" userid="0" name="Amaury" startposition="" color="Josh" score="" new="0" rating="0" win="0" />
            <player username="leochab" userid="406567" name="Léo C" startposition="" color="Doug" score="" new="0" rating="0" win="0" />
            <player username="" userid="0" name="Quentin" startposition="" color="Amy" score="" new="1" rating="0" win="0" />
            <player username="" userid="0" name="François G" startposition="" color="Wanda" score="" new="0" rating="0" win="0" />
        </players>
    </play>
    <play id="12136363" date="2014-07-02" quantity="1" length="130" incomplete="0" nowinstats="0" location="Chez Léo C, Grenoble">
        <item name="Puerto Rico" objecttype="thing" objectid="3076">
            <subtypes>
                <subtype value="boardgame" />
            </subtypes>
        </item>
        <players>
            <player username="" userid="0" name="Martial" startposition="2" color="" score="52" new="1" rating="0" win="0" />
            <player username="" userid="0" name="Mathieu M" startposition="1" color="" score="42" new="1" rating="0" win="0" />
            <player username="" userid="0" name="Emilien T" startposition="4" color="" score="43" new="1" rating="0" win="0" />
            <player username="leochab" userid="406567" name="Léo C" startposition="5" color="" score="47" new="0" rating="0" win="0" />
            <player username="" userid="0" name="François G" startposition="3" color="" score="53" new="1" rating="0" win="1" />
        </players>
    </play>
    <play id="12136375" date="2014-07-02" quantity="1" length="50" incomplete="0" nowinstats="0" location="Chez Léo C, Grenoble">
        <item name="Space Station" objecttype="thing" objectid="108377">
            <subtypes>
                <subtype value="boardgame" />
            </subtypes>
        </item>
        <players>
            <player username="" userid="0" name="François G" startposition="" color="" score="19" new="1" rating="0" win="0" />
            <player username="" userid="0" name="Emilien T" startposition="" color="" score="15" new="1" rating="0" win="0" />
            <player username="leochab" userid="406567" name="Léo C" startposition="" color="" score="20" new="0" rating="0" win="1" />
        </players>
    </play>
    <play id="12133532" date="2014-06-29" quantity="1" length="35" incomplete="0" nowinstats="0" location="Fréjus">
        <item name="CV" objecttype="thing" objectid="143986">
            <subtypes>
                <subtype value="boardgame" />
            </subtypes>
        </item>
        <players>
            <player username="" userid="0" name="Quentin" startposition="" color="" score="57" new="0" rating="0" win="0" />
            <player username="leochab" userid="406567" name="Léo C" startposition="" color="" score="68" new="0" rating="0" win="1" />
        </players>
    </play>
    <play id="12133534" date="2014-06-29" quantity="1" length="30" incomplete="0" nowinstats="0" location="Fréjus">
        <item name="CV" objecttype="thing" objectid="143986">
            <subtypes>
                <subtype value="boardgame" />
            </subtypes>
        </item>
        <players>
            <player username="" userid="0" name="Quentin" startposition="" color="" score="45" new="0" rating="0" win="1" />
            <player username="leochab" userid="406567" name="Léo C" startposition="" color="" score="42" new="0" rating="0" win="0" />
        </players>
    </play>
    <play id="12136382" date="2014-06-29" quantity="1" length="30" incomplete="0" nowinstats="0" location="Fréjus">
        <item name="Space Station" objecttype="thing" objectid="108377">
            <subtypes>
                <subtype value="boardgame" />
            </subtypes>
        </item>
        <players>
            <player username="" userid="0" name="Quentin" startposition="" color="" score="22" new="1" rating="0" win="0" />
            <player username="leochab" userid="406567" name="Léo C" startposition="" color="" score="29" new="1" rating="0" win="1" />
        </players>
    </play>
    <play id="12136386" date="2014-06-29" quantity="1" length="30" incomplete="0" nowinstats="0" location="Fréjus">
        <item name="Space Station" objecttype="thing" objectid="108377">
            <subtypes>
                <subtype value="boardgame" />
            </subtypes>
        </item>
        <players>
            <player username="" userid="0" name="Quentin" startposition="" color="" score="23" new="0" rating="0" win="0" />
            <player username="leochab" userid="406567" name="Léo C" startposition="" color="" score="28" new="0" rating="0" win="1" />
        </players>
    </play>
    <play id="12136391" date="2014-06-29" quantity="1" length="30" incomplete="0" nowinstats="0" location="Fréjus">
        <item name="Space Station" objecttype="thing" objectid="108377">
            <subtypes>
                <subtype value="boardgame" />
            </subtypes>
        </item>
        <players>
            <player username="" userid="0" name="Quentin" startposition="" color="" score="21" new="0" rating="0" win="0" />
            <player username="leochab" userid="406567" name="Léo C" startposition="" color="" score="22" new="0" rating="0" win="1" />
        </players>
    </play>
    <play id="12136394" date="2014-06-29" quantity="1" length="30" incomplete="0" nowinstats="0" location="Fréjus">
        <item name="Space Station" objecttype="thing" objectid="108377">
            <subtypes>
                <subtype value="boardgame" />
            </subtypes>
        </item>
        <players>
            <player username="" userid="0" name="Quentin" startposition="" color="" score="17" new="0" rating="0" win="0" />
            <player username="leochab" userid="406567" name="Léo C" startposition="" color="" score="31" new="1" rating="0" win="0" />
        </players>
    </play>
    <play id="12133531" date="2014-06-28" quantity="1" length="45" incomplete="0" nowinstats="0" location="Fréjus">
        <item name="CV" objecttype="thing" objectid="143986">
            <subtypes>
                <subtype value="boardgame" />
            </subtypes>
        </item>
        <players>
            <player username="" userid="0" name="Quentin" startposition="" color="" score="32" new="1" rating="0" win="0" />
            <player username="leochab" userid="406567" name="Léo C" startposition="" color="" score="66" new="1" rating="0" win="1" />
        </players>
    </play>
    <play id="12096242" date="2014-06-26" quantity="1" length="60" incomplete="0" nowinstats="0" location="Chez Léo C, Grenoble">
        <item name="Elder Sign" objecttype="thing" objectid="100423">
            <subtypes>
                <subtype value="boardgame" />
            </subtypes>
        </item>
        <comments>Played with Unseen Forces Expansion</comments>
        <players>
            <player username="leochab" userid="406567" name="Léo C" startposition="" color="" score="" new="0" rating="0" win="1" />
        </players>
    </play>
    <play id="12082085" date="2014-06-23" quantity="1" length="240" incomplete="0" nowinstats="0" location="Chez Léo C, Grenoble">
        <item name="Merchants &amp; Marauders" objecttype="thing" objectid="25292">
            <subtypes>
                <subtype value="boardgame" />
            </subtypes>
        </item>
        <comments>Stopped midgame because it was late</comments>
        <players>
            <player username="" userid="0" name="Julien D" startposition="" color="" score="6" new="1" rating="0" win="0" />
            <player username="" userid="0" name="François G" startposition="" color="" score="4" new="0" rating="0" win="0" />
            <player username="" userid="0" name="Quentin" startposition="" color="" score="6" new="0" rating="0" win="0" />
            <player username="leochab" userid="406567" name="Léo C" startposition="" color="" score="7" new="0" rating="0" win="0" />
        </players>
    </play>
    <play id="12043410" date="2014-06-18" quantity="1" length="70" incomplete="0" nowinstats="0" location="Chez Léo C, Grenoble">
        <item name="I&#039;m the Boss!" objecttype="thing" objectid="115">
            <subtypes>
                <subtype value="boardgame" />
            </subtypes>
        </item>
        <players>
            <player username="" userid="0" name="François G" startposition="" color="" score="32" new="1" rating="0" win="0" />
            <player username="" userid="0" name="Emilien T" startposition="" color="" score="42" new="1" rating="0" win="1" />
            <player username="leochab" userid="406567" name="Léo C" startposition="" color="" score="23" new="1" rating="0" win="0" />
            <player username="" userid="0" name="Mathieu M" startposition="" color="" score="24" new="1" rating="0" win="0" />
            <player username="" userid="0" name="Martial" startposition="" color="" score="33" new="1" rating="0" win="0" />
            <player username="" userid="0" name="Julien D" startposition="" color="" score="26" new="1" rating="0" win="0" />
        </players>
    </play>
    <play id="12043423" date="2014-06-18" quantity="1" length="100" incomplete="0" nowinstats="0" location="Chez Léo C, Grenoble">
        <item name="Star Fluxx" objecttype="thing" objectid="102104">
            <subtypes>
                <subtype value="boardgame" />
                <subtype value="boardgameimplementation" />
            </subtypes>
        </item>
        <comments>Martial Ended the game by offering the victory to Mathieu
Emilien had to leave early</comments>
        <players>
            <player username="" userid="0" name="François G" startposition="" color="" score="" new="0" rating="0" win="0" />
            <player username="" userid="0" name="Emilien T" startposition="" color="" score="" new="1" rating="0" win="0" />
            <player username="leochab" userid="406567" name="Léo C" startposition="" color="" score="" new="0" rating="0" win="0" />
            <player username="" userid="0" name="Mathieu M" startposition="" color="" score="" new="0" rating="0" win="1" />
            <player username="" userid="0" name="Martial" startposition="" color="" score="" new="0" rating="0" win="0" />
            <player username="" userid="0" name="Julien D" startposition="" color="" score="" new="1" rating="0" win="0" />
        </players>
    </play>
    <play id="11988293" date="2014-06-09" quantity="1" length="80" incomplete="0" nowinstats="0" location="Chez Martial, Grenoble">
        <item name="Elder Sign" objecttype="thing" objectid="100423">
            <subtypes>
                <subtype value="boardgame" />
            </subtypes>
        </item>
        <players>
            <player username="" userid="0" name="Mathieu M" startposition="" color="" score="" new="0" rating="0" win="1" />
            <player username="" userid="0" name="Amaury" startposition="" color="" score="" new="0" rating="0" win="1" />
            <player username="" userid="0" name="Aina O" startposition="" color="" score="" new="1" rating="0" win="1" />
            <player username="" userid="0" name="Johanne A" startposition="" color="" score="" new="1" rating="0" win="1" />
            <player username="" userid="0" name="Martial" startposition="" color="" score="" new="0" rating="0" win="1" />
            <player username="leochab" userid="406567" name="Léo C" startposition="" color="" score="" new="0" rating="0" win="1" />
            <player username="" userid="0" name="François G" startposition="" color="" score="" new="0" rating="0" win="1" />
            <player username="" userid="0" name="Matthieu A" startposition="" color="" score="" new="1" rating="0" win="1" />
        </players>
    </play>
    <play id="11988294" date="2014-06-09" quantity="1" length="30" incomplete="0" nowinstats="0" location="Chez Martial, Grenoble">
        <item name="Saboteur" objecttype="thing" objectid="9220">
            <subtypes>
                <subtype value="boardgame" />
            </subtypes>
        </item>
        <players>
            <player username="" userid="0" name="Mathieu M" startposition="" color="" score="0" new="1" rating="0" win="0" />
            <player username="" userid="0" name="Amaury" startposition="" color="" score="1" new="1" rating="0" win="0" />
            <player username="" userid="0" name="Aina O" startposition="" color="" score="0" new="1" rating="0" win="0" />
            <player username="" userid="0" name="Johanne A" startposition="" color="" score="2" new="0" rating="0" win="0" />
            <player username="" userid="0" name="Martial" startposition="" color="" score="4" new="0" rating="0" win="1" />
            <player username="leochab" userid="406567" name="Léo C" startposition="" color="" score="2" new="1" rating="0" win="0" />
            <player username="" userid="0" name="François G" startposition="" color="" score="0" new="1" rating="0" win="0" />
            <player username="" userid="0" name="Matthieu A" startposition="" color="" score="0" new="1" rating="0" win="0" />
        </players>
    </play>
    <play id="11952970" date="2014-06-04" quantity="1" length="150" incomplete="0" nowinstats="0" location="Chez Léo C, Grenoble">
        <item name="Cyclades" objecttype="thing" objectid="54998">
            <subtypes>
                <subtype value="boardgame" />
            </subtypes>
        </item>
        <players>
            <player username="" userid="0" name="François G" startposition="" color="Green" score="" new="1" rating="0" win="0" />
            <player username="" userid="0" name="Florent B" startposition="" color="" score="1" new="1" rating="0" win="0" />
            <player username="" userid="0" name="Martial" startposition="" color="Black" score="2" new="0" rating="0" win="1" />
            <player username="" userid="0" name="Mathieu M" startposition="" color="Yellow" score="1" new="1" rating="0" win="0" />
            <player username="leochab" userid="406567" name="Léo C" startposition="" color="Red" score="1" new="0" rating="0" win="0" />
        </players>
    </play>
    <play id="11888362" date="2014-05-26" quantity="1" length="220" incomplete="0" nowinstats="0" location="Chez Léo C, Grenoble">
        <item name="Zombicide" objecttype="thing" objectid="113924">
            <subtypes>
                <subtype value="boardgame" />
                <subtype value="boardgameintegration" />
            </subtypes>
        </item>
        <comments>Scenario 5 (Hard)

Léo : Josh (1 hit) / Wanda
François : Amy / Ned
Florent : Doug / Phil</comments>
        <players>
            <player username="" userid="0" name="François G" startposition="" color="" score="" new="0" rating="0" win="1" />
            <player username="" userid="0" name="Florent B" startposition="" color="" score="" new="1" rating="0" win="1" />
            <player username="leochab" userid="406567" name="Léo C" startposition="" color="" score="" new="0" rating="0" win="1" />
        </players>
    </play>
    <play id="11865076" date="2014-05-23" quantity="1" length="200" incomplete="0" nowinstats="0" location="Chez Paul, Romans Sur Isère">
        <item name="Merchants &amp; Marauders" objecttype="thing" objectid="25292">
            <subtypes>
                <subtype value="boardgame" />
            </subtypes>
        </item>
        <players>
            <player username="" userid="0" name="Lucas P" startposition="2" color="Blue" score="5" new="1" rating="0" win="0" />
            <player username="leochab" userid="406567" name="Léo C" startposition="1" color="Green" score="10" new="0" rating="0" win="1" />
        </players>
    </play>
    <play id="11849621" date="2014-05-21" quantity="1" length="200" incomplete="0" nowinstats="0" location="Chez Léo C, Grenoble">
        <item name="Merchants &amp; Marauders" objecttype="thing" objectid="25292">
            <subtypes>
                <subtype value="boardgame" />
            </subtypes>
        </item>
        <players>
            <player username="" userid="0" name="Martial" startposition="2" color="Red" score="7" new="1" rating="0" win="0" />
            <player username="leochab" userid="406567" name="Léo C" startposition="1" color="Yellow" score="10" new="0" rating="0" win="1" />
            <player username="" userid="0" name="François G" startposition="3" color="Green" score="6" new="1" rating="0" win="0" />
        </players>
    </play>
    <play id="11804668" date="2014-05-14" quantity="1" length="110" incomplete="0" nowinstats="0" location="Chez Léo C, Grenoble">
        <item name="Elder Sign" objecttype="thing" objectid="100423">
            <subtypes>
                <subtype value="boardgame" />
            </subtypes>
        </item>
        <comments>Defeated Chtulu</comments>
        <players>
            <player username="" userid="0" name="Damien F" startposition="" color="" score="" new="1" rating="0" win="1" />
            <player username="" userid="0" name="Amaury" startposition="" color="" score="" new="0" rating="0" win="1" />
            <player username="leochab" userid="406567" name="Léo C" startposition="" color="" score="" new="0" rating="0" win="1" />
            <player username="" userid="0" name="Mathieu M" startposition="" color="" score="" new="0" rating="0" win="1" />
            <player username="" userid="0" name="Martial" startposition="" color="" score="" new="0" rating="0" win="1" />
            <player username="" userid="0" name="François G" startposition="" color="" score="" new="0" rating="0" win="1" />
        </players>
    </play>
    <play id="11804670" date="2014-05-14" quantity="1" length="30" incomplete="0" nowinstats="0" location="Chez Léo C, Grenoble">
        <item name="Star Fluxx" objecttype="thing" objectid="102104">
            <subtypes>
                <subtype value="boardgame" />
                <subtype value="boardgameimplementation" />
            </subtypes>
        </item>
        <players>
            <player username="" userid="0" name="Damien F" startposition="" color="" score="" new="1" rating="0" win="0" />
            <player username="" userid="0" name="Amaury" startposition="" color="" score="" new="0" rating="0" win="0" />
            <player username="leochab" userid="406567" name="Léo C" startposition="" color="" score="" new="0" rating="0" win="0" />
            <player username="" userid="0" name="Mathieu M" startposition="" color="" score="" new="0" rating="0" win="0" />
            <player username="" userid="0" name="Martial" startposition="" color="" score="" new="0" rating="0" win="0" />
            <player username="" userid="0" name="François G" startposition="" color="" score="" new="0" rating="0" win="0" />
        </players>
    </play>
    <play id="11751622" date="2014-05-05" quantity="1" length="90" incomplete="0" nowinstats="0" location="Chez Quentin, Grenoble">
        <item name="Suburbia" objecttype="thing" objectid="123260">
            <subtypes>
                <subtype value="boardgame" />
            </subtypes>
        </item>
        <players>
            <player username="leochab" userid="406567" name="Léo C" startposition="2" color="" score="101" new="0" rating="0" win="0" />
            <player username="" userid="0" name="Quentin" startposition="1" color="" score="126" new="1" rating="0" win="1" />
            <player username="" userid="0" name="Florent V" startposition="3" color="" score="121" new="1" rating="0" win="0" />
        </players>
    </play>
    <play id="11604723" date="2014-04-15" quantity="1" length="240" incomplete="0" nowinstats="0" location="Chez Léo C, Grenoble">
        <item name="Zombicide" objecttype="thing" objectid="113924">
            <subtypes>
                <subtype value="boardgame" />
                <subtype value="boardgameintegration" />
            </subtypes>
        </item>
        <comments>Scenario C29
Difficult - 90min

Amaury got 1 injury
Everyone else got 0
Everyone got out of the map alive</comments>
        <players>
            <player username="" userid="0" name="Clément G" startposition="" color="" score="" new="1" rating="0" win="1" />
            <player username="" userid="0" name="Amaury" startposition="" color="" score="" new="1" rating="0" win="1" />
            <player username="" userid="0" name="Martial" startposition="" color="" score="" new="0" rating="0" win="1" />
            <player username="" userid="0" name="Mathieu M" startposition="" color="" score="" new="0" rating="0" win="1" />
            <player username="leochab" userid="406567" name="Léo C" startposition="" color="" score="" new="0" rating="0" win="1" />
        </players>
    </play>
    <play id="11574471" date="2014-04-11" quantity="1" length="50" incomplete="0" nowinstats="0" location="Chez Clément G, Gières">
        <item name="Smash Up" objecttype="thing" objectid="122522">
            <subtypes>
                <subtype value="boardgame" />
                <subtype value="boardgameintegration" />
            </subtypes>
        </item>
        <players>
            <player username="" userid="0" name="Dany B" startposition="" color="" score="6" new="0" rating="0" win="0" />
            <player username="" userid="0" name="Clément G" startposition="" color="" score="11" new="1" rating="0" win="0" />
            <player username="" userid="0" name="Sébastien P" startposition="" color="" score="9" new="1" rating="0" win="0" />
            <player username="" userid="0" name="Aurélien C" startposition="" color="" score="15" new="1" rating="0" win="1" />
        </players>
    </play>
    <play id="11562177" date="2014-04-09" quantity="1" length="180" incomplete="0" nowinstats="0" location="Chez Léo C, Grenoble">
        <item name="Zombicide" objecttype="thing" objectid="113924">
            <subtypes>
                <subtype value="boardgame" />
                <subtype value="boardgameintegration" />
            </subtypes>
        </item>
        <comments>Solo play
Scenario 1
Started with 6 survivors
Ended with 3 (3 killed in the last turn because of 4 additionnal activations for walkers)</comments>
        <players>
            <player username="leochab" userid="406567" name="Léo C" startposition="" color="" score="" new="0" rating="0" win="1" />
        </players>
    </play>
    <play id="11557266" date="2014-04-08" quantity="1" length="90" incomplete="0" nowinstats="0" location="Chez Léo C, Grenoble">
        <item name="Zombicide" objecttype="thing" objectid="113924">
            <subtypes>
                <subtype value="boardgame" />
                <subtype value="boardgameintegration" />
            </subtypes>
        </item>
        <comments>Solo
Scenario 1
Started with 4 survivors
Ended with none.</comments>
        <players>
            <player username="leochab" userid="406567" name="Léo C" startposition="" color="" score="" new="0" rating="0" win="0" />
        </players>
    </play>
    <play id="11549573" date="2014-04-07" quantity="1" length="60" incomplete="0" nowinstats="0" location="Chez Léo C, Grenoble">
        <item name="Smash Up" objecttype="thing" objectid="122522">
            <subtypes>
                <subtype value="boardgame" />
                <subtype value="boardgameintegration" />
            </subtypes>
        </item>
        <players>
            <player username="" userid="0" name="Candice L" startposition="" color="Pirates/Robots" score="9" new="1" rating="0" win="0" />
            <player username="" userid="0" name="Amaury" startposition="" color="Aliens/Dinosaurs" score="6" new="1" rating="0" win="0" />
            <player username="" userid="0" name="François G" startposition="" color="Ninjas/Zombies" score="7" new="1" rating="0" win="0" />
            <player username="" userid="0" name="Mathieu M" startposition="" color="Wizards/Steampunk" score="5" new="1" rating="0" win="0" />
            <player username="leochab" userid="406567" name="Léo C" startposition="" color="Bear Cavalry/Tricksters" score="15" new="1" rating="0" win="1" />
            <player username="" userid="0" name="Emilien T" startposition="" color="Ghosts/Killer Plants" score="4" new="1" rating="0" win="0" />
        </players>
    </play>
    <play id="11549581" date="2014-04-07" quantity="1" length="75" incomplete="0" nowinstats="0" location="Chez Léo C, Grenoble">
        <item name="Smash Up" objecttype="thing" objectid="122522">
            <subtypes>
                <subtype value="boardgame" />
                <subtype value="boardgameintegration" />
            </subtypes>
        </item>
        <players>
            <player username="" userid="0" name="Candice L" startposition="" color="Ghosts/Wizards" score="10" new="0" rating="0" win="0" />
            <player username="" userid="0" name="Amaury" startposition="" color="Robots/Tricksters" score="5" new="0" rating="0" win="0" />
            <player username="" userid="0" name="François G" startposition="" color="Dinosaurs/Steampunks" score="11" new="0" rating="0" win="0" />
            <player username="" userid="0" name="Mathieu M" startposition="" color="Ninja/Killer Plants" score="7" new="0" rating="0" win="0" />
            <player username="leochab" userid="406567" name="Léo C" startposition="" color="Zombies/Aliens" score="16" new="0" rating="0" win="1" />
            <player username="" userid="0" name="Emilien T" startposition="" color="Bear Cavalary/Pirates" score="11" new="0" rating="0" win="0" />
        </players>
    </play>
    <play id="11501472" date="2014-03-31" quantity="1" length="200" incomplete="0" nowinstats="0" location="Chez Martial, Grenoble">
        <item name="Zombicide" objecttype="thing" objectid="113924">
            <subtypes>
                <subtype value="boardgame" />
                <subtype value="boardgameintegration" />
            </subtypes>
        </item>
        <comments>Scenario 4 (Medium - 90mins)
Everyone made it to the end without any injury</comments>
        <players>
            <player username="leochab" userid="406567" name="Léo C" startposition="" color="" score="" new="0" rating="0" win="1" />
            <player username="" userid="0" name="François G" startposition="" color="" score="" new="1" rating="0" win="1" />
            <player username="" userid="0" name="Mathieu M" startposition="" color="" score="" new="1" rating="0" win="1" />
            <player username="" userid="0" name="Martial" startposition="" color="" score="" new="1" rating="0" win="1" />
        </players>
    </play>
    <play id="11501497" date="2014-03-30" quantity="1" length="45" incomplete="0" nowinstats="0" location="Chez Léo C, Grenoble">
        <item name="Suburbia" objecttype="thing" objectid="123260">
            <subtypes>
                <subtype value="boardgame" />
            </subtypes>
        </item>
        <comments>Solo</comments>
        <players>
            <player username="leochab" userid="406567" name="Léo C" startposition="" color="" score="71" new="0" rating="0" win="0" />
        </players>
    </play>
    <play id="11478936" date="2014-03-29" quantity="1" length="30" incomplete="0" nowinstats="0" location="Chez Léo C, Grenoble">
        <item name="Suburbia" objecttype="thing" objectid="123260">
            <subtypes>
                <subtype value="boardgame" />
            </subtypes>
        </item>
        <comments>Solo</comments>
        <players>
            <player username="leochab" userid="406567" name="Léo C" startposition="" color="" score="77" new="0" rating="0" win="0" />
        </players>
    </play>
    <play id="11478201" date="2014-03-29" quantity="1" length="30" incomplete="0" nowinstats="0" location="Chez Léo C, Grenoble">
        <item name="Zombicide" objecttype="thing" objectid="113924">
            <subtypes>
                <subtype value="boardgame" />
                <subtype value="boardgameintegration" />
            </subtypes>
        </item>
        <comments>Solo - Tutorial</comments>
        <players>
            <player username="leochab" userid="406567" name="Léo C" startposition="" color="" score="" new="1" rating="0" win="1" />
        </players>
    </play>
    <play id="11453198" date="2014-03-24" quantity="1" length="0" incomplete="0" nowinstats="0" location="Chez Léo C, Grenoble">
        <item name="Elder Sign" objecttype="thing" objectid="100423">
            <subtypes>
                <subtype value="boardgame" />
            </subtypes>
        </item>
        <players>
            <player username="" userid="0" name="Florent V" startposition="" color="" score="" new="0" rating="0" win="1" />
            <player username="" userid="0" name="Candice L" startposition="" color="" score="" new="1" rating="0" win="1" />
            <player username="leochab" userid="406567" name="Léo C" startposition="" color="" score="" new="0" rating="0" win="1" />
            <player username="" userid="0" name="Mathieu M" startposition="" color="" score="" new="1" rating="0" win="1" />
            <player username="" userid="0" name="Martial" startposition="" color="" score="" new="1" rating="0" win="1" />
            <player username="" userid="0" name="François G" startposition="" color="" score="" new="1" rating="0" win="1" />
        </players>
    </play>
    <play id="11453235" date="2014-03-24" quantity="1" length="30" incomplete="0" nowinstats="0" location="Chez Léo C, Grenoble">
        <item name="Mascarade" objecttype="thing" objectid="139030">
            <subtypes>
                <subtype value="boardgame" />
            </subtypes>
        </item>
        <players>
            <player username="" userid="0" name="Florent V" startposition="" color="" score="16" new="1" rating="0" win="1" />
            <player username="" userid="0" name="Candice L" startposition="" color="" score="8" new="1" rating="0" win="0" />
            <player username="leochab" userid="406567" name="Léo C" startposition="" color="" score="9" new="1" rating="0" win="0" />
            <player username="" userid="0" name="Mathieu M" startposition="" color="" score="4" new="1" rating="0" win="0" />
            <player username="" userid="0" name="Martial" startposition="" color="" score="9" new="1" rating="0" win="0" />
            <player username="" userid="0" name="François G" startposition="" color="" score="6" new="1" rating="0" win="0" />
        </players>
    </play>
    <play id="11453217" date="2014-03-24" quantity="1" length="25" incomplete="0" nowinstats="0" location="Chez Léo C, Grenoble">
        <item name="Star Fluxx" objecttype="thing" objectid="102104">
            <subtypes>
                <subtype value="boardgame" />
                <subtype value="boardgameimplementation" />
            </subtypes>
        </item>
        <players>
            <player username="" userid="0" name="François G" startposition="" color="" score="" new="1" rating="0" win="0" />
            <player username="" userid="0" name="Florent V" startposition="" color="" score="" new="0" rating="0" win="0" />
            <player username="" userid="0" name="Martial" startposition="" color="" score="" new="1" rating="0" win="0" />
            <player username="" userid="0" name="Mathieu M" startposition="" color="" score="" new="1" rating="0" win="0" />
            <player username="leochab" userid="406567" name="Léo C" startposition="" color="" score="" new="0" rating="0" win="1" />
        </players>
    </play>
    <play id="11415593" date="2014-03-19" quantity="1" length="210" incomplete="0" nowinstats="0" location="Chez Léo C, Grenoble">
        <item name="Bootleggers" objecttype="thing" objectid="12477">
            <subtypes>
                <subtype value="boardgame" />
            </subtypes>
        </item>
        <comments>Forgot to stop the game at 100G$. Amaury had 92G$ at turn 8 and should have won on turn 9.
Stopped on turn 10 as it was very late.
So split victory with Martial ;)</comments>
        <players>
            <player username="" userid="0" name="Candice L" startposition="" color="" score="91" new="1" rating="0" win="0" />
            <player username="" userid="0" name="Amaury" startposition="" color="" score="127" new="0" rating="0" win="1" />
            <player username="leochab" userid="406567" name="Léo C" startposition="" color="" score="73" new="0" rating="0" win="0" />
            <player username="" userid="0" name="Mathieu M" startposition="" color="" score="67" new="1" rating="0" win="0" />
            <player username="" userid="0" name="Martial" startposition="" color="" score="129" new="1" rating="0" win="1" />
            <player username="" userid="0" name="Florent V" startposition="" color="" score="80" new="0" rating="0" win="0" />
        </players>
    </play>
    <play id="11396104" date="2014-03-16" quantity="1" length="0" incomplete="0" nowinstats="0" location="Chez Bastien L, Gières">
        <item name="Elder Sign" objecttype="thing" objectid="100423">
            <subtypes>
                <subtype value="boardgame" />
            </subtypes>
        </item>
        <players>
            <player username="" userid="0" name="Bastien L" startposition="2" color="" score="" new="1" rating="0" win="1" />
            <player username="leochab" userid="406567" name="Léo C" startposition="1" color="" score="" new="0" rating="0" win="1" />
            <player username="" userid="0" name="Florent V" startposition="4" color="" score="" new="1" rating="0" win="1" />
            <player username="" userid="0" name="Amaury" startposition="3" color="" score="" new="1" rating="0" win="1" />
        </players>
    </play>
    <play id="11394516" date="2014-03-16" quantity="4" length="0" incomplete="0" nowinstats="0" location="Chez Bastien L, Gières">
        <item name="Star Fluxx" objecttype="thing" objectid="102104">
            <subtypes>
                <subtype value="boardgame" />
                <subtype value="boardgameimplementation" />
            </subtypes>
        </item>
        <comments>2 Wins for Léo
1 Win for Florent
1 Win fr Bastien</comments>
        <players>
            <player username="" userid="0" name="Bastien L" startposition="" color="" score="" new="1" rating="0" win="0" />
            <player username="" userid="0" name="Amaury" startposition="" color="" score="" new="1" rating="0" win="0" />
            <player username="leochab" userid="406567" name="Léo C" startposition="" color="" score="" new="1" rating="0" win="0" />
            <player username="" userid="0" name="Florent V" startposition="" color="" score="" new="1" rating="0" win="0" />
        </players>
    </play>
    <play id="11396774" date="2014-03-15" quantity="1" length="0" incomplete="0" nowinstats="0" location="Chez Léo C, Grenoble">
        <item name="Elder Sign" objecttype="thing" objectid="100423">
            <subtypes>
                <subtype value="boardgame" />
            </subtypes>
        </item>
        <players>
            <player username="leochab" userid="406567" name="Léo C" startposition="" color="" score="" new="1" rating="0" win="1" />
        </players>
    </play>
    <play id="11365516" date="2014-03-10" quantity="1" length="0" incomplete="0" nowinstats="0" location="Chez Léo C, Grenoble">
        <item name="Suburbia" objecttype="thing" objectid="123260">
            <subtypes>
                <subtype value="boardgame" />
            </subtypes>
        </item>
        <comments>Solo</comments>
        <players>
            <player username="leochab" userid="406567" name="Léo C" startposition="" color="" score="84" new="0" rating="0" win="0" />
        </players>
    </play>
    <play id="11346975" date="2014-03-09" quantity="1" length="130" incomplete="0" nowinstats="0" location="Chez Léo C, Grenoble">
        <item name="Cyclades" objecttype="thing" objectid="54998">
            <subtypes>
                <subtype value="boardgame" />
            </subtypes>
        </item>
        <players>
            <player username="" userid="0" name="Emilien T" startposition="" color="" score="2" new="0" rating="0" win="0" />
            <player username="" userid="0" name="Amaury" startposition="" color="" score="0" new="0" rating="0" win="0" />
            <player username="" userid="0" name="Martial" startposition="" color="" score="2" new="1" rating="0" win="1" />
            <player username="leochab" userid="406567" name="Léo C" startposition="" color="" score="0" new="0" rating="0" win="0" />
        </players>
    </play>
    <play id="11349147" date="2014-03-09" quantity="1" length="100" incomplete="0" nowinstats="0" location="Chez Léo C, Grenoble">
        <item name="Suburbia" objecttype="thing" objectid="123260">
            <subtypes>
                <subtype value="boardgame" />
            </subtypes>
        </item>
        <players>
            <player username="" userid="0" name="Emilien T" startposition="2" color="Yellow" score="76" new="1" rating="0" win="0" />
            <player username="" userid="0" name="Martial" startposition="1" color="Red" score="72" new="1" rating="0" win="0" />
            <player username="leochab" userid="406567" name="Léo C" startposition="4" color="Black" score="97" new="1" rating="0" win="1" />
            <player username="" userid="0" name="Amaury" startposition="3" color="Purple" score="73" new="1" rating="0" win="0" />
        </players>
    </play>
    <play id="11297557" date="2014-03-02" quantity="1" length="0" incomplete="0" nowinstats="0" location="Chez Léo C, Grenoble">
        <item name="Earth Reborn" objecttype="thing" objectid="73171">
            <subtypes>
                <subtype value="boardgame" />
            </subtypes>
        </item>
        <comments>Scenario 1</comments>
        <players>
            <player username="leochab" userid="406567" name="Léo C" startposition="" color="NORAD" score="" new="1" rating="0" win="1" />
            <player username="" userid="0" name="Florent V" startposition="" color="Salemite" score="" new="1" rating="0" win="0" />
        </players>
    </play>
    <play id="11297564" date="2014-03-02" quantity="1" length="0" incomplete="0" nowinstats="0" location="Chez Léo C, Grenoble">
        <item name="Earth Reborn" objecttype="thing" objectid="73171">
            <subtypes>
                <subtype value="boardgame" />
            </subtypes>
        </item>
        <comments>Scenario 2</comments>
        <players>
            <player username="leochab" userid="406567" name="Léo C" startposition="" color="NORAD" score="" new="0" rating="0" win="1" />
            <player username="" userid="0" name="Florent V" startposition="" color="Salemite" score="" new="0" rating="0" win="0" />
        </players>
    </play>
    <play id="11286253" date="2014-02-28" quantity="1" length="0" incomplete="0" nowinstats="0" location="Chez Clément G, Gières">
        <item name="7 Wonders" objecttype="thing" objectid="68448">
            <subtypes>
                <subtype value="boardgame" />
            </subtypes>
        </item>
        <players>
            <player username="" userid="0" name="Sabrina ?" startposition="" color="" score="48" new="0" rating="0" win="0" />
            <player username="" userid="0" name="Clément G" startposition="" color="" score="58" new="1" rating="0" win="0" />
            <player username="" userid="0" name="Claire ?" startposition="" color="" score="56" new="0" rating="0" win="0" />
            <player username="" userid="0" name="Johanne A" startposition="" color="" score="" new="0" rating="0" win="0" />
            <player username="" userid="0" name="Martial" startposition="" color="" score="46" new="0" rating="0" win="0" />
            <player username="leochab" userid="406567" name="Léo C" startposition="" color="" score="58" new="0" rating="0" win="1" />
            <player username="" userid="0" name="Dany B" startposition="" color="" score="49" new="0" rating="0" win="0" />
            <player username="" userid="0" name="Sébastien P" startposition="" color="" score="" new="0" rating="0" win="0" />
        </players>
    </play>
    <play id="11286260" date="2014-02-28" quantity="1" length="0" incomplete="0" nowinstats="0" location="Chez Clément G, Gières">
        <item name="Alhambra" objecttype="thing" objectid="6249">
            <subtypes>
                <subtype value="boardgame" />
                <subtype value="boardgameimplementation" />
            </subtypes>
        </item>
        <players>
            <player username="" userid="0" name="Johanne A" startposition="" color="" score="" new="1" rating="0" win="0" />
            <player username="" userid="0" name="Claire ?" startposition="" color="" score="" new="0" rating="0" win="1" />
            <player username="" userid="0" name="Martial" startposition="" color="" score="" new="1" rating="0" win="0" />
            <player username="leochab" userid="406567" name="Léo C" startposition="" color="" score="" new="1" rating="0" win="0" />
        </players>
    </play>
    <play id="11286242" date="2014-02-22" quantity="1" length="0" incomplete="0" nowinstats="0" location="Chez Paul, Romans Sur Isère">
        <item name="Formula D" objecttype="thing" objectid="37904">
            <subtypes>
                <subtype value="boardgame" />
                <subtype value="boardgameimplementation" />
            </subtypes>
        </item>
        <players>
            <player username="leochab" userid="406567" name="Léo C" startposition="" color="" score="" new="0" rating="0" win="1" />
            <player username="" userid="0" name="Lucas P" startposition="" color="" score="" new="0" rating="0" win="0" />
        </players>
    </play>
    <play id="11106280" date="2014-01-17" quantity="1" length="0" incomplete="0" nowinstats="0" location="Chez Clément G, Gières">
        <item name="7 Wonders" objecttype="thing" objectid="68448">
            <subtypes>
                <subtype value="boardgame" />
            </subtypes>
        </item>
        <players>
            <player username="" userid="0" name="Sébastien P" startposition="" color="" score="" new="0" rating="0" win="0" />
            <player username="" userid="0" name="Aurélien C" startposition="" color="" score="" new="0" rating="0" win="0" />
            <player username="" userid="0" name="Aurélie F" startposition="" color="" score="" new="0" rating="0" win="0" />
            <player username="" userid="0" name="Fabien S" startposition="" color="" score="" new="0" rating="0" win="0" />
            <player username="leochab" userid="406567" name="Léo C" startposition="" color="" score="" new="0" rating="0" win="0" />
            <player username="" userid="0" name="Fabien S&#039; GF" startposition="" color="" score="" new="0" rating="0" win="0" />
            <player username="" userid="0" name="Dany B" startposition="" color="" score="" new="0" rating="0" win="0" />
        </players>
    </play>
    <play id="11106283" date="2014-01-17" quantity="1" length="0" incomplete="0" nowinstats="0" location="Chez Clément G, Gières">
        <item name="7 Wonders" objecttype="thing" objectid="68448">
            <subtypes>
                <subtype value="boardgame" />
            </subtypes>
        </item>
        <players>
            <player username="" userid="0" name="Sébastien P" startposition="" color="" score="" new="0" rating="0" win="0" />
            <player username="" userid="0" name="Fabien S&#039; GF" startposition="" color="" score="" new="0" rating="0" win="0" />
            <player username="" userid="0" name="Aurélien C" startposition="" color="" score="" new="0" rating="0" win="0" />
            <player username="" userid="0" name="Aurélie F" startposition="" color="" score="" new="0" rating="0" win="0" />
            <player username="" userid="0" name="Clément G" startposition="" color="" score="" new="0" rating="0" win="0" />
            <player username="" userid="0" name="Fabien S" startposition="" color="" score="" new="0" rating="0" win="0" />
            <player username="" userid="0" name="Dany B" startposition="" color="" score="" new="0" rating="0" win="0" />
            <player username="" userid="0" name="Claire ?" startposition="" color="" score="" new="0" rating="0" win="0" />
            <player username="leochab" userid="406567" name="Léo C" startposition="" color="" score="" new="0" rating="0" win="0" />
        </players>
    </play>
    <play id="11322283" date="2014-01-08" quantity="1" length="140" incomplete="0" nowinstats="0" location="Chez Léo C, Grenoble">
        <item name="Power Grid" objecttype="thing" objectid="2651">
            <subtypes>
                <subtype value="boardgame" />
                <subtype value="boardgameimplementation" />
            </subtypes>
        </item>
        <players>
            <player username="" userid="0" name="Emilien T" startposition="" color="Blue" score="14" new="1" rating="0" win="0" />
            <player username="" userid="0" name="Amaury" startposition="" color="Red" score="13" new="0" rating="0" win="0" />
            <player username="leochab" userid="406567" name="Léo C" startposition="" color="Black" score="16" new="0" rating="0" win="1" />
            <player username="" userid="0" name="Quentin" startposition="" color="Green" score="14" new="0" rating="0" win="0" />
            <player username="" userid="0" name="Florent V" startposition="" color="Purple" score="15" new="0" rating="0" win="0" />
        </players>
    </play>
    <play id="10289941" date="2013-10-09" quantity="1" length="0" incomplete="0" nowinstats="0" location="Chez Léo C, Grenoble">
        <item name="1960: The Making of the President" objecttype="thing" objectid="27708">
            <subtypes>
                <subtype value="boardgame" />
            </subtypes>
        </item>
        <players>
            <player username="leochab" userid="406567" name="Léo C" startposition="" color="" score="305" new="0" rating="0" win="1" />
            <player username="" userid="0" name="Amaury" startposition="" color="" score="232" new="0" rating="0" win="0" />
        </players>
    </play>
    <play id="10289932" date="2013-10-03" quantity="1" length="0" incomplete="0" nowinstats="0" location="Chez Léo C, Grenoble">
        <item name="Bootleggers" objecttype="thing" objectid="12477">
            <subtypes>
                <subtype value="boardgame" />
            </subtypes>
        </item>
        <players>
            <player username="" userid="0" name="Florent V" startposition="" color="Purple" score="103" new="0" rating="0" win="0" />
            <player username="" userid="0" name="Amaury" startposition="" color="Blue" score="103" new="0" rating="0" win="0" />
            <player username="leochab" userid="406567" name="Léo C" startposition="" color="Green" score="106" new="0" rating="0" win="1" />
        </players>
    </play>
    <play id="10249568" date="2013-09-25" quantity="1" length="0" incomplete="0" nowinstats="0" location="Chez Léo C, Grenoble">
        <item name="Stone Age" objecttype="thing" objectid="34635">
            <subtypes>
                <subtype value="boardgame" />
            </subtypes>
        </item>
        <players>
            <player username="" userid="0" name="Florent V" startposition="" color="" score="" new="1" rating="0" win="0" />
            <player username="" userid="0" name="Amaury" startposition="" color="" score="" new="0" rating="0" win="0" />
            <player username="" userid="0" name="Quentin" startposition="" color="" score="" new="0" rating="0" win="0" />
            <player username="leochab" userid="406567" name="Léo C" startposition="" color="" score="" new="0" rating="0" win="1" />
        </players>
    </play>
    <play id="11288761" date="2013-09-19" quantity="1" length="0" incomplete="0" nowinstats="0" location="Chez Léo C, Grenoble">
        <item name="Vinhos" objecttype="thing" objectid="42052">
            <subtypes>
                <subtype value="boardgame" />
            </subtypes>
        </item>
        <players>
            <player username="" userid="0" name="Florent V" startposition="" color="" score="" new="1" rating="0" win="0" />
            <player username="" userid="0" name="Amaury" startposition="" color="" score="" new="0" rating="0" win="0" />
            <player username="" userid="0" name="Léo G" startposition="" color="" score="" new="1" rating="0" win="0" />
            <player username="leochab" userid="406567" name="Léo C" startposition="" color="" score="" new="0" rating="0" win="1" />
        </players>
    </play>
    <play id="9902352" date="2013-08-03" quantity="1" length="0" incomplete="0" nowinstats="0" location="Chez Quentin, Grenoble">
        <item name="Carcassonne" objecttype="thing" objectid="822">
            <subtypes>
                <subtype value="boardgame" />
                <subtype value="boardgameintegration" />
            </subtypes>
        </item>
        <players>
            <player username="" userid="0" name="Quentin" startposition="" color="Yellow" score="220" new="0" rating="0" win="1" />
            <player username="leochab" userid="406567" name="Léo C" startposition="" color="Black" score="208" new="0" rating="0" win="0" />
        </players>
    </play>
    <play id="9649977" date="2013-06-19" quantity="1" length="100" incomplete="0" nowinstats="0" location="Chez François, Sassenage">
        <item name="Stone Age" objecttype="thing" objectid="34635">
            <subtypes>
                <subtype value="boardgame" />
            </subtypes>
        </item>
        <players>
            <player username="" userid="0" name="Benjamin O" startposition="2" color="Red" score="117" new="1" rating="0" win="0" />
            <player username="leochab" userid="406567" name="Léo C" startposition="1" color="Blue" score="190" new="0" rating="0" win="1" />
            <player username="" userid="0" name="Lucille O" startposition="3" color="Green" score="129" new="1" rating="0" win="0" />
        </players>
    </play>
    <play id="9643190" date="2013-06-18" quantity="1" length="80" incomplete="0" nowinstats="0" location="Chez Léo G, Grenoble">
        <item name="Innovation" objecttype="thing" objectid="63888">
            <subtypes>
                <subtype value="boardgame" />
            </subtypes>
        </item>
        <players>
            <player username="leochab" userid="406567" name="Léo C" startposition="" color="" score="2" new="0" rating="0" win="0" />
            <player username="" userid="0" name="Emilien T" startposition="" color="" score="5" new="0" rating="0" win="1" />
            <player username="" userid="0" name="Léo G" startposition="" color="" score="0" new="0" rating="0" win="0" />
        </players>
    </play>
    <play id="9643515" date="2013-06-18" quantity="1" length="90" incomplete="0" nowinstats="0" location="Chez Léo G, Grenoble">
        <item name="Stone Age" objecttype="thing" objectid="34635">
            <subtypes>
                <subtype value="boardgame" />
            </subtypes>
        </item>
        <players>
            <player username="leochab" userid="406567" name="Léo C" startposition="" color="" score="160" new="0" rating="0" win="1" />
            <player username="" userid="0" name="Emilien T" startposition="" color="" score="119" new="1" rating="0" win="0" />
            <player username="" userid="0" name="Léo G" startposition="" color="" score="122" new="0" rating="0" win="0" />
        </players>
    </play>
    <play id="9645941" date="2013-06-13" quantity="1" length="60" incomplete="0" nowinstats="0" location="Chez Maë, Grenoble">
        <item name="Dixit" objecttype="thing" objectid="39856">
            <subtypes>
                <subtype value="boardgame" />
                <subtype value="boardgameintegration" />
            </subtypes>
        </item>
        <players>
            <player username="" userid="0" name="Mathieu L" startposition="" color="White" score="30" new="1" rating="0" win="1" />
            <player username="leochab" userid="406567" name="Léo C" startposition="" color="Blue" score="27" new="0" rating="0" win="0" />
            <player username="" userid="0" name="Vincent M" startposition="" color="Green" score="17" new="1" rating="0" win="0" />
            <player username="" userid="0" name="Xavier D" startposition="" color="Red" score="20" new="1" rating="0" win="0" />
            <player username="" userid="0" name="Maë B" startposition="" color="Pink" score="13" new="0" rating="0" win="0" />
        </players>
    </play>
    <play id="9601646" date="2013-06-10" quantity="1" length="180" incomplete="0" nowinstats="0" location="Chez Léo G, Grenoble">
        <item name="Senji" objecttype="thing" objectid="33107">
            <subtypes>
                <subtype value="boardgame" />
            </subtypes>
        </item>
        <players>
            <player username="" userid="0" name="Johan ?" startposition="" color="" score="87" new="0" rating="0" win="1" />
            <player username="" userid="0" name="Emilien T" startposition="" color="" score="48" new="0" rating="0" win="0" />
            <player username="" userid="0" name="Léo G" startposition="" color="" score="67" new="0" rating="0" win="0" />
            <player username="" userid="0" name="Simon R" startposition="" color="" score="55" new="1" rating="0" win="0" />
            <player username="" userid="0" name="Quentin" startposition="" color="" score="67" new="0" rating="0" win="0" />
            <player username="leochab" userid="406567" name="Léo C" startposition="" color="" score="20" new="1" rating="0" win="0" />
        </players>
    </play>
    <play id="9577568" date="2013-06-06" quantity="1" length="20" incomplete="0" nowinstats="0" location="Chez Léo G, Grenoble">
        <item name="Cold War: CIA vs KGB" objecttype="thing" objectid="24742">
            <subtypes>
                <subtype value="boardgame" />
            </subtypes>
        </item>
        <players>
            <player username="" userid="0" name="Léo G" startposition="" color="" score="110" new="0" rating="0" win="1" />
            <player username="leochab" userid="406567" name="Léo C" startposition="" color="" score="110" new="0" rating="0" win="1" />
        </players>
    </play>
    <play id="9645854" date="2013-06-05" quantity="1" length="150" incomplete="0" nowinstats="0" location="Chez Léo G, Grenoble">
        <item name="Merchants &amp; Marauders" objecttype="thing" objectid="25292">
            <subtypes>
                <subtype value="boardgame" />
            </subtypes>
        </item>
        <players>
            <player username="" userid="0" name="Léo G" startposition="" color="" score="10" new="0" rating="0" win="1" />
            <player username="leochab" userid="406567" name="Léo C" startposition="" color="" score="3" new="0" rating="0" win="0" />
            <player username="" userid="0" name="Quentin" startposition="" color="" score="9" new="1" rating="0" win="0" />
        </players>
    </play>
    <play id="9550272" date="2013-06-01" quantity="1" length="210" incomplete="0" nowinstats="0" location="Chez Léo G, Grenoble">
        <item name="Illuminati" objecttype="thing" objectid="859">
            <subtypes>
                <subtype value="boardgame" />
            </subtypes>
        </item>
        <players>
            <player username="" userid="0" name="Emilien T" startposition="" color="" score="" new="1" rating="0" win="1" />
            <player username="" userid="0" name="Bruno P" startposition="" color="" score="" new="1" rating="0" win="0" />
            <player username="" userid="0" name="Léo G" startposition="" color="" score="" new="1" rating="0" win="0" />
            <player username="leochab" userid="406567" name="Léo C" startposition="" color="" score="" new="1" rating="0" win="0" />
        </players>
    </play>
    <play id="9550286" date="2013-05-28" quantity="1" length="20" incomplete="0" nowinstats="0" location="Chez Léo G, Grenoble">
        <item name="Biblios" objecttype="thing" objectid="34219">
            <subtypes>
                <subtype value="boardgame" />
            </subtypes>
        </item>
        <players>
            <player username="leochab" userid="406567" name="Léo C" startposition="" color="" score="6" new="1" rating="0" win="1" />
            <player username="" userid="0" name="Bruno P" startposition="" color="" score="3" new="1" rating="0" win="0" />
            <player username="" userid="0" name="Quentin" startposition="" color="" score="5" new="0" rating="0" win="0" />
            <player username="" userid="0" name="Léo G" startposition="" color="" score="0" new="0" rating="0" win="0" />
        </players>
    </play>
    <play id="9577581" date="2013-05-28" quantity="1" length="50" incomplete="0" nowinstats="0" location="Chez Léo G, Grenoble">
        <item name="Carcassonne" objecttype="thing" objectid="822">
            <subtypes>
                <subtype value="boardgame" />
                <subtype value="boardgameintegration" />
            </subtypes>
        </item>
        <players>
            <player username="" userid="0" name="Bruno P" startposition="" color="" score="68" new="1" rating="0" win="0" />
            <player username="" userid="0" name="Amaury" startposition="" color="" score="67" new="0" rating="0" win="0" />
            <player username="" userid="0" name="Léo G" startposition="" color="" score="108" new="0" rating="0" win="0" />
            <player username="" userid="0" name="Quentin" startposition="" color="" score="119" new="0" rating="0" win="1" />
            <player username="leochab" userid="406567" name="Léo C" startposition="" color="" score="105" new="0" rating="0" win="0" />
        </players>
    </play>
    <play id="9577576" date="2013-05-28" quantity="1" length="100" incomplete="0" nowinstats="0" location="Chez Léo G, Grenoble">
        <item name="Small World" objecttype="thing" objectid="40692">
            <subtypes>
                <subtype value="boardgame" />
                <subtype value="boardgameimplementation" />
                <subtype value="boardgameintegration" />
            </subtypes>
        </item>
        <players>
            <player username="" userid="0" name="Bruno P" startposition="" color="" score="70" new="0" rating="0" win="0" />
            <player username="" userid="0" name="Amaury" startposition="" color="" score="66" new="0" rating="0" win="0" />
            <player username="" userid="0" name="Léo G" startposition="" color="" score="69" new="0" rating="0" win="0" />
            <player username="" userid="0" name="Quentin" startposition="" color="" score="95" new="0" rating="0" win="1" />
            <player username="leochab" userid="406567" name="Léo C" startposition="" color="" score="80" new="0" rating="0" win="0" />
        </players>
    </play>
    <play id="9497522" date="2013-05-23" quantity="1" length="90" incomplete="0" nowinstats="0" location="Les Lamberts, Saint Jean en Royans">
        <item name="Puerto Rico" objecttype="thing" objectid="3076">
            <subtypes>
                <subtype value="boardgame" />
            </subtypes>
        </item>
        <players>
            <player username="" userid="0" name="Lucas P" startposition="2" color="" score="24" new="1" rating="0" win="0" />
            <player username="leochab" userid="406567" name="Léo C" startposition="1" color="" score="28" new="0" rating="0" win="1" />
            <player username="" userid="0" name="Paul C" startposition="3" color="" score="21" new="0" rating="0" win="0" />
        </players>
    </play>
    <play id="9497230" date="2013-05-22" quantity="1" length="45" incomplete="0" nowinstats="0" location="Chez Léo G, Grenoble">
        <item name="Cold War: CIA vs KGB" objecttype="thing" objectid="24742">
            <subtypes>
                <subtype value="boardgame" />
            </subtypes>
        </item>
        <players>
            <player username="" userid="0" name="Léo G" startposition="" color="" score="65" new="0" rating="0" win="0" />
            <player username="leochab" userid="406567" name="Léo C" startposition="" color="" score="100" new="1" rating="0" win="1" />
        </players>
    </play>
    <play id="9496902" date="2013-05-22" quantity="1" length="25" incomplete="0" nowinstats="0" location="Chez Léo G, Grenoble">
        <item name="Innovation" objecttype="thing" objectid="63888">
            <subtypes>
                <subtype value="boardgame" />
            </subtypes>
        </item>
        <players>
            <player username="leochab" userid="406567" name="Léo C" startposition="" color="" score="0" new="1" rating="0" win="0" />
            <player username="" userid="0" name="Emilien T" startposition="" color="" score="0" new="1" rating="0" win="0" />
            <player username="" userid="0" name="Léo G" startposition="" color="" score="5" new="0" rating="0" win="1" />
        </players>
    </play>
    <play id="9496905" date="2013-05-22" quantity="1" length="90" incomplete="0" nowinstats="0" location="Chez Léo G, Grenoble">
        <item name="Innovation" objecttype="thing" objectid="63888">
            <subtypes>
                <subtype value="boardgame" />
            </subtypes>
        </item>
        <players>
            <player username="leochab" userid="406567" name="Léo C" startposition="" color="" score="4" new="0" rating="0" win="0" />
            <player username="" userid="0" name="Emilien T" startposition="" color="" score="6" new="0" rating="0" win="1" />
            <player username="" userid="0" name="Léo G" startposition="" color="" score="2" new="0" rating="0" win="0" />
        </players>
    </play>
    <play id="9484178" date="2013-05-20" quantity="1" length="0" incomplete="0" nowinstats="0" location="Les Lamberts, Saint Jean en Royans">
        <item name="Catan" objecttype="thing" objectid="13">
            <subtypes>
                <subtype value="boardgame" />
            </subtypes>
        </item>
        <players>
            <player username="leochab" userid="406567" name="Léo C" startposition="2" color="Red" score="13" new="0" rating="0" win="1" />
            <player username="" userid="0" name="Paul C" startposition="1" color="Green" score="10" new="0" rating="0" win="0" />
            <player username="" userid="0" name="Lucas P" startposition="3" color="Blue" score="11" new="0" rating="0" win="0" />
        </players>
    </play>
    <play id="9455877" date="2013-05-15" quantity="1" length="20" incomplete="0" nowinstats="0" location="Chez Léo G, Grenoble">
        <item name="Biblios" objecttype="thing" objectid="34219">
            <subtypes>
                <subtype value="boardgame" />
            </subtypes>
        </item>
        <players>
            <player username="" userid="0" name="Quentin" startposition="1" color="" score="10" new="0" rating="0" win="1" />
            <player username="" userid="0" name="Léo G" startposition="" color="2" score="7" new="1" rating="0" win="0" />
            <player username="leochab" userid="406567" name="Léo C" startposition="3" color="" score="0" new="1" rating="0" win="0" />
        </players>
    </play>
    <play id="9455883" date="2013-05-15" quantity="1" length="15" incomplete="0" nowinstats="0" location="Chez Léo G, Grenoble">
        <item name="Biblios" objecttype="thing" objectid="34219">
            <subtypes>
                <subtype value="boardgame" />
            </subtypes>
        </item>
        <players>
            <player username="" userid="0" name="Léo G" startposition="2" color="" score="9" new="0" rating="0" win="1" />
            <player username="leochab" userid="406567" name="Léo C" startposition="1" color="" score="0" new="0" rating="0" win="0" />
            <player username="" userid="0" name="Quentin" startposition="3" color="" score="7" new="0" rating="0" win="0" />
        </players>
    </play>
    <play id="9455837" date="2013-05-15" quantity="1" length="60" incomplete="0" nowinstats="0" location="Chez Léo G, Grenoble">
        <item name="Carcassonne" objecttype="thing" objectid="822">
            <subtypes>
                <subtype value="boardgame" />
                <subtype value="boardgameintegration" />
            </subtypes>
        </item>
        <players>
            <player username="" userid="0" name="Quentin" startposition="2" color="Red" score="121" new="0" rating="0" win="0" />
            <player username="" userid="0" name="Léo G" startposition="1" color="Yellow" score="116" new="0" rating="0" win="0" />
            <player username="leochab" userid="406567" name="Léo C" startposition="3" color="Blue" score="157" new="0" rating="0" win="1" />
        </players>
    </play>
    <play id="9454423" date="2013-05-15" quantity="1" length="45" incomplete="0" nowinstats="0" location="Les Lamberts, Saint Jean en Royans">
        <item name="Catan" objecttype="thing" objectid="13">
            <subtypes>
                <subtype value="boardgame" />
            </subtypes>
        </item>
        <players>
            <player username="leochab" userid="406567" name="Léo C" startposition="2" color="Blue" score="10" new="0" rating="0" win="1" />
            <player username="" userid="0" name="Paul C" startposition="1" color="Red" score="4" new="0" rating="0" win="0" />
            <player username="" userid="0" name="Lucas P" startposition="3" color="Green" score="3" new="0" rating="0" win="0" />
        </players>
    </play>
    <play id="9455821" date="2013-05-15" quantity="1" length="100" incomplete="0" nowinstats="0" location="Chez Léo G, Grenoble">
        <item name="Small World" objecttype="thing" objectid="40692">
            <subtypes>
                <subtype value="boardgame" />
                <subtype value="boardgameimplementation" />
                <subtype value="boardgameintegration" />
            </subtypes>
        </item>
        <players>
            <player username="leochab" userid="406567" name="Léo C" startposition="2" color="" score="109" new="0" rating="0" win="0" />
            <player username="" userid="0" name="Quentin" startposition="1" color="" score="113" new="0" rating="0" win="1" />
            <player username="" userid="0" name="Léo G" startposition="3" color="" score="104" new="0" rating="0" win="0" />
        </players>
    </play>
    <play id="9422168" date="2013-05-09" quantity="1" length="80" incomplete="0" nowinstats="0" location="Chez Samy D, Annecy">
        <item name="Ad Astra" objecttype="thing" objectid="38343">
            <subtypes>
                <subtype value="boardgame" />
            </subtypes>
        </item>
        <players>
            <player username="leochab" userid="406567" name="Léo C" startposition="" color="" score="" new="1" rating="0" win="0" />
            <player username="" userid="0" name="Florian ?" startposition="" color="" score="" new="0" rating="0" win="0" />
            <player username="" userid="0" name="Samy D" startposition="" color="" score="" new="0" rating="0" win="0" />
            <player username="" userid="0" name="Marine D" startposition="" color="" score="" new="0" rating="0" win="1" />
        </players>
    </play>
    <play id="9422190" date="2013-05-09" quantity="1" length="50" incomplete="0" nowinstats="0" location="Chez Samy D, Annecy">
        <item name="Neuroshima Hex!" objecttype="thing" objectid="21241">
            <subtypes>
                <subtype value="boardgame" />
                <subtype value="boardgameintegration" />
            </subtypes>
        </item>
        <players>
            <player username="leochab" userid="406567" name="Léo C" startposition="" color="" score="0" new="1" rating="0" win="0" />
            <player username="" userid="0" name="Florent JES" startposition="" color="" score="2" new="0" rating="0" win="0" />
            <player username="" userid="0" name="Samy D" startposition="" color="" score="15" new="0" rating="0" win="1" />
            <player username="" userid="0" name="Marine JES" startposition="" color="" score="10" new="0" rating="0" win="0" />
        </players>
    </play>
    <play id="9422186" date="2013-05-09" quantity="4" length="0" incomplete="0" nowinstats="0" location="Chez Samy D, Annecy">
        <item name="Room 25" objecttype="thing" objectid="127024">
            <subtypes>
                <subtype value="boardgame" />
            </subtypes>
        </item>
        <players>
            <player username="leochab" userid="406567" name="Léo C" startposition="" color="" score="" new="1" rating="0" win="0" />
            <player username="" userid="0" name="Florent JES" startposition="" color="" score="" new="0" rating="0" win="0" />
            <player username="" userid="0" name="Samy D" startposition="" color="" score="" new="0" rating="0" win="0" />
            <player username="" userid="0" name="Marine JES" startposition="" color="" score="" new="0" rating="0" win="0" />
        </players>
    </play>
    <play id="7086674" date="2012-02-14" quantity="1" length="100" incomplete="0" nowinstats="0" location="Chez Quentin, Froges">
        <item name="Cyclades" objecttype="thing" objectid="54998">
            <subtypes>
                <subtype value="boardgame" />
            </subtypes>
        </item>
        <comments>Léo G : 5 Gold
Johan : 1 Gold</comments>
        <players>
            <player username="" userid="0" name="Johan ?" startposition="" color="Green" score="2" new="1" rating="0" win="0" />
            <player username="" userid="0" name="Amaury" startposition="" color="Black" score="1" new="0" rating="0" win="0" />
            <player username="" userid="0" name="Léo G" startposition="" color="Yellow" score="2" new="1" rating="0" win="1" />
            <player username="" userid="0" name="Quentin" startposition="" color="Blue" score="1" new="0" rating="0" win="0" />
            <player username="leochab" userid="406567" name="Léo C" startposition="" color="Red" score="1" new="0" rating="0" win="0" />
        </players>
    </play>
    <play id="7017548" date="2012-02-05" quantity="1" length="80" incomplete="0" nowinstats="0" location="Les Lamberts, Saint Jean en Royans">
        <item name="Catan" objecttype="thing" objectid="13">
            <subtypes>
                <subtype value="boardgame" />
            </subtypes>
        </item>
        <players>
            <player username="leochab" userid="406567" name="Léo C" startposition="2" color="Blue" score="9" new="0" rating="0" win="0" />
            <player username="" userid="0" name="Paul C" startposition="1" color="Brown" score="10" new="0" rating="0" win="1" />
            <player username="" userid="0" name="Lucas P" startposition="3" color="Red" score="3" new="1" rating="0" win="0" />
        </players>
    </play>
    <play id="6997756" date="2012-02-01" quantity="1" length="80" incomplete="0" nowinstats="0" location="Chez Léo G, Grenoble">
        <item name="Evo" objecttype="thing" objectid="1159">
            <subtypes>
                <subtype value="boardgame" />
            </subtypes>
        </item>
        <players>
            <player username="" userid="0" name="Quentin" startposition="2" color="Black" score="20" new="1" rating="0" win="0" />
            <player username="" userid="0" name="Lauriane M" startposition="1" color="Purple" score="27" new="1" rating="0" win="0" />
            <player username="leochab" userid="406567" name="Léo C" startposition="4" color="Blue" score="49" new="0" rating="0" win="1" />
            <player username="" userid="0" name="Léo G" startposition="3" color="Red" score="34" new="1" rating="0" win="0" />
        </players>
    </play>
    <play id="6993160" date="2012-01-31" quantity="1" length="60" incomplete="0" nowinstats="0" location="Les Lamberts, Saint Jean en Royans">
        <item name="Evo" objecttype="thing" objectid="1159">
            <subtypes>
                <subtype value="boardgame" />
            </subtypes>
        </item>
        <players>
            <player username="" userid="0" name="Lucas P" startposition="2" color="Blue" score="31" new="1" rating="0" win="0" />
            <player username="leochab" userid="406567" name="Léo C" startposition="1" color="Red" score="38" new="1" rating="0" win="1" />
        </players>
    </play>
    <play id="6984210" date="2012-01-28" quantity="1" length="80" incomplete="0" nowinstats="0" location="Chez Léo C, Grenoble">
        <item name="Catan" objecttype="thing" objectid="13">
            <subtypes>
                <subtype value="boardgame" />
            </subtypes>
        </item>
        <players>
            <player username="" userid="0" name="Sarah C" startposition="2" color="Orange" score="7" new="1" rating="0" win="0" />
            <player username="" userid="0" name="Zoé P" startposition="1" color="Red" score="6" new="1" rating="0" win="0" />
            <player username="leochab" userid="406567" name="Léo C" startposition="3" color="Blue" score="10" new="0" rating="0" win="1" />
        </players>
    </play>
    <play id="6966113" date="2012-01-26" quantity="1" length="100" incomplete="0" nowinstats="0" location="Chez Léo G, Grenoble">
        <item name="Bootleggers" objecttype="thing" objectid="12477">
            <subtypes>
                <subtype value="boardgame" />
            </subtypes>
        </item>
        <players>
            <player username="" userid="0" name="Etienne S" startposition="" color="Red" score="75" new="1" rating="0" win="0" />
            <player username="" userid="0" name="Amaury" startposition="" color="Purple" score="106" new="1" rating="0" win="1" />
            <player username="" userid="0" name="Léo G" startposition="" color="Orange" score="25" new="1" rating="0" win="0" />
            <player username="" userid="0" name="Quentin" startposition="" color="Yellow" score="90" new="1" rating="0" win="0" />
            <player username="leochab" userid="406567" name="Léo C" startposition="" color="Blue" score="70" new="0" rating="0" win="0" />
        </players>
    </play>
    <play id="6891931" date="2012-01-12" quantity="1" length="80" incomplete="0" nowinstats="0" location="Chez Léo C, Grenoble">
        <item name="Cyclades" objecttype="thing" objectid="54998">
            <subtypes>
                <subtype value="boardgame" />
            </subtypes>
        </item>
        <players>
            <player username="leochab" userid="406567" name="Léo C" startposition="" color="Yellow" score="2" new="0" rating="0" win="1" />
            <player username="" userid="0" name="Bastien L" startposition="" color="Blue" score="1" new="1" rating="0" win="0" />
            <player username="" userid="0" name="Quentin" startposition="" color="Red" score="1" new="1" rating="0" win="0" />
        </players>
    </play>
    <play id="6891950" date="2012-01-11" quantity="1" length="90" incomplete="0" nowinstats="0" location="Chez Léo C, Grenoble">
        <item name="Catan" objecttype="thing" objectid="13">
            <subtypes>
                <subtype value="boardgame" />
            </subtypes>
        </item>
        <players>
            <player username="" userid="0" name="Fabien P" startposition="2" color="Green" score="7" new="1" rating="0" win="0" />
            <player username="" userid="0" name="Anne-Laure S" startposition="1" color="Brown" score="2" new="1" rating="0" win="0" />
            <player username="" userid="0" name="Charlotte I" startposition="4" color="Orange" score="5" new="1" rating="0" win="0" />
            <player username="" userid="0" name="Camille D" startposition="6" color="White" score="4" new="1" rating="0" win="0" />
            <player username="leochab" userid="406567" name="Léo C" startposition="5" color="Blue" score="10" new="0" rating="0" win="1" />
            <player username="" userid="0" name="Camille A" startposition="3" color="Red" score="7" new="1" rating="0" win="0" />
        </players>
    </play>
    <play id="6854157" date="2012-01-05" quantity="1" length="255" incomplete="0" nowinstats="0" location="Chez Léo C, Grenoble">
        <item name="Merchants &amp; Marauders" objecttype="thing" objectid="25292">
            <subtypes>
                <subtype value="boardgame" />
            </subtypes>
        </item>
        <players>
            <player username="" userid="0" name="Amaury" startposition="2" color="Green" score="10" new="1" rating="0" win="1" />
            <player username="leochab" userid="406567" name="Léo C" startposition="1" color="Red" score="6" new="1" rating="0" win="0" />
            <player username="" userid="0" name="Léo G" startposition="3" color="Blue" score="3" new="1" rating="0" win="0" />
        </players>
    </play>
    <play id="6802411" date="2011-12-29" quantity="1" length="90" incomplete="0" nowinstats="0" location="Les Lamberts, Saint Jean en Royans">
        <item name="Catan" objecttype="thing" objectid="13">
            <subtypes>
                <subtype value="boardgame" />
            </subtypes>
        </item>
        <players>
            <player username="" userid="0" name="Antoine G" startposition="2" color="Red" score="7" new="1" rating="0" win="0" />
            <player username="leochab" userid="406567" name="Léo C" startposition="1" color="Green" score="5" new="0" rating="0" win="0" />
            <player username="" userid="0" name="Sam D" startposition="4" color="Blue" score="10" new="1" rating="0" win="1" />
            <player username="" userid="0" name="Paul C" startposition="3" color="Brown" score="7" new="0" rating="0" win="0" />
        </players>
    </play>
    <play id="6773622" date="2011-12-25" quantity="1" length="35" incomplete="0" nowinstats="0" location="Chez Pépé &amp; Mémé">
        <item name="Dixit" objecttype="thing" objectid="39856">
            <subtypes>
                <subtype value="boardgame" />
                <subtype value="boardgameintegration" />
            </subtypes>
        </item>
        <players>
            <player username="" userid="0" name="François O" startposition="" color="" score="17" new="1" rating="0" win="0" />
            <player username="" userid="0" name="Aline O" startposition="" color="" score="22" new="0" rating="0" win="0" />
            <player username="" userid="0" name="Lucas P" startposition="" color="" score="32" new="1" rating="0" win="1" />
            <player username="" userid="0" name="Paul &amp; Betty" startposition="" color="" score="26" new="1" rating="0" win="0" />
            <player username="leochab" userid="406567" name="Léo C" startposition="" color="" score="17" new="1" rating="0" win="0" />
            <player username="" userid="0" name="Isabelle R" startposition="" color="" score="12" new="1" rating="0" win="0" />
        </players>
    </play>
    <play id="6774533" date="2011-12-25" quantity="1" length="40" incomplete="0" nowinstats="0" location="Chez Pépé &amp; Mémé">
        <item name="Dixit" objecttype="thing" objectid="39856">
            <subtypes>
                <subtype value="boardgame" />
                <subtype value="boardgameintegration" />
            </subtypes>
        </item>
        <players>
            <player username="leochab" userid="406567" name="Léo &amp; Noémie" startposition="" color="" score="30" new="0" rating="0" win="1" />
            <player username="" userid="0" name="Betty &amp; Aline" startposition="" color="" score="25" new="0" rating="0" win="0" />
            <player username="" userid="0" name="François &amp; Nolwenn" startposition="" color="" score="26" new="0" rating="0" win="0" />
            <player username="" userid="0" name="Victor O" startposition="" color="" score="27" new="0" rating="0" win="0" />
            <player username="" userid="0" name="Isabelle &amp; David" startposition="" color="" score="16" new="0" rating="0" win="0" />
            <player username="" userid="0" name="Pierre &amp; Paul" startposition="" color="" score="20" new="0" rating="0" win="0" />
        </players>
    </play>
    <play id="6764768" date="2011-12-22" quantity="1" length="100" incomplete="0" nowinstats="0" location="Les Lamberts, Saint Jean en Royans">
        <item name="Cyclades" objecttype="thing" objectid="54998">
            <subtypes>
                <subtype value="boardgame" />
            </subtypes>
        </item>
        <players>
            <player username="leochab" userid="406567" name="Léo C" startposition="" color="Blue" score="3" new="0" rating="0" win="1" />
            <player username="" userid="0" name="Lucas P" startposition="" color="Red" score="2" new="1" rating="0" win="0" />
        </players>
    </play>
    <play id="6730507" date="2011-12-15" quantity="1" length="80" incomplete="0" nowinstats="0" location="Chez Léo G, Grenoble">
        <item name="Catan" objecttype="thing" objectid="13">
            <subtypes>
                <subtype value="boardgame" />
            </subtypes>
        </item>
        <players>
            <player username="" userid="0" name="Amaury" startposition="2" color="Green" score="10" new="0" rating="0" win="1" />
            <player username="leochab" userid="406567" name="Léo C" startposition="1" color="Blue" score="6" new="0" rating="0" win="0" />
            <player username="" userid="0" name="Florent V" startposition="4" color="White" score="3" new="0" rating="0" win="0" />
            <player username="" userid="0" name="Clément Pa" startposition="6" color="Red" score="4" new="1" rating="0" win="0" />
            <player username="" userid="0" name="Quentin" startposition="5" color="Orange" score="7" new="0" rating="0" win="0" />
            <player username="" userid="0" name="Léo G" startposition="3" color="Brown" score="2" new="1" rating="0" win="0" />
        </players>
    </play>
    <play id="6703884" date="2011-12-09" quantity="1" length="90" incomplete="0" nowinstats="0" location="Chez Léo C, Grenoble">
        <item name="Catan" objecttype="thing" objectid="13">
            <subtypes>
                <subtype value="boardgame" />
            </subtypes>
        </item>
        <players>
            <player username="" userid="0" name="Bastien RL" startposition="2" color="White" score="4" new="1" rating="0" win="0" />
            <player username="" userid="0" name="Laurent C" startposition="1" color="Blue" score="4" new="1" rating="0" win="0" />
            <player username="" userid="0" name="Florent S" startposition="4" color="Orange" score="3" new="1" rating="0" win="0" />
            <player username="leochab" userid="406567" name="Léo C" startposition="3" color="Red" score="11" new="0" rating="0" win="1" />
        </players>
    </play>
    <play id="6683868" date="2011-12-04" quantity="1" length="70" incomplete="0" nowinstats="0" location="Les Lamberts, Saint Jean en Royans">
        <item name="Catan" objecttype="thing" objectid="13">
            <subtypes>
                <subtype value="boardgame" />
            </subtypes>
        </item>
        <players>
            <player username="" userid="0" name="Paul C" startposition="2" color="White" score="9" new="1" rating="0" win="0" />
            <player username="" userid="0" name="Betty C" startposition="1" color="Red" score="6" new="1" rating="0" win="0" />
            <player username="leochab" userid="406567" name="Léo C" startposition="3" color="Blue" score="10" new="0" rating="0" win="1" />
        </players>
    </play>
    <play id="6670251" date="2011-12-01" quantity="1" length="60" incomplete="0" nowinstats="0" location="Chez Léo C, Grenoble">
        <item name="Catan" objecttype="thing" objectid="13">
            <subtypes>
                <subtype value="boardgame" />
            </subtypes>
        </item>
        <players>
            <player username="leochab" userid="406567" name="Léo C" startposition="2" color="Blue" score="5" new="0" rating="0" win="0" />
            <player username="" userid="0" name="Quentin" startposition="1" color="White" score="11" new="1" rating="0" win="1" />
            <player username="" userid="0" name="Amaury" startposition="3" color="Red" score="6" new="0" rating="0" win="0" />
        </players>
    </play>
    <play id="6670470" date="2011-12-01" quantity="1" length="40" incomplete="0" nowinstats="0" location="Chez Léo C, Grenoble">
        <item name="Catan" objecttype="thing" objectid="13">
            <subtypes>
                <subtype value="boardgame" />
            </subtypes>
        </item>
        <players>
            <player username="" userid="0" name="Amaury" startposition="2" color="Red" score="6" new="0" rating="0" win="0" />
            <player username="leochab" userid="406567" name="Léo C" startposition="1" color="Blue" score="8" new="0" rating="0" win="0" />
            <player username="" userid="0" name="Quentin" startposition="3" color="White" score="10" new="0" rating="0" win="1" />
        </players>
    </play>
    <play id="6669995" date="2011-11-23" quantity="1" length="90" incomplete="0" nowinstats="0" location="Chez Léo G, Grenoble">
        <item name="Puerto Rico" objecttype="thing" objectid="3076">
            <subtypes>
                <subtype value="boardgame" />
            </subtypes>
        </item>
        <players>
            <player username="" userid="0" name="Florent V" startposition="" color="" score="45" new="0" rating="0" win="1" />
            <player username="" userid="0" name="Amaury" startposition="" color="" score="32" new="0" rating="0" win="0" />
            <player username="" userid="0" name="Léo G" startposition="" color="" score="27" new="0" rating="0" win="0" />
            <player username="" userid="0" name="Quentin" startposition="" color="" score="41" new="0" rating="0" win="0" />
            <player username="leochab" userid="406567" name="Léo C" startposition="" color="" score="42" new="0" rating="0" win="0" />
        </players>
    </play>
    <play id="6525174" date="2011-10-31" quantity="1" length="80" incomplete="0" nowinstats="0" location="Chez Léo C, Grenoble">
        <item name="Agricola" objecttype="thing" objectid="31260">
            <subtypes>
                <subtype value="boardgame" />
            </subtypes>
        </item>
        <players>
            <player username="" userid="0" name="Quentin" startposition="2" color="Blue" score="33" new="0" rating="0" win="0" />
            <player username="leochab" userid="406567" name="Léo C" startposition="1" color="Green" score="48" new="0" rating="0" win="1" />
            <player username="" userid="0" name="Florent V" startposition="3" color="Red" score="26" new="0" rating="0" win="0" />
        </players>
    </play>
    <play id="6525177" date="2011-10-31" quantity="1" length="80" incomplete="0" nowinstats="0" location="Chez Léo C, Grenoble">
        <item name="Puerto Rico" objecttype="thing" objectid="3076">
            <subtypes>
                <subtype value="boardgame" />
            </subtypes>
        </item>
        <players>
            <player username="" userid="0" name="Quentin" startposition="2" color="" score="32" new="0" rating="0" win="0" />
            <player username="leochab" userid="406567" name="Léo C" startposition="1" color="" score="55" new="0" rating="0" win="1" />
            <player username="" userid="0" name="Florent V" startposition="3" color="" score="36" new="0" rating="0" win="0" />
        </players>
    </play>
    <play id="6443045" date="2011-10-13" quantity="1" length="120" incomplete="0" nowinstats="0" location="Chez Léo C, Grenoble">
        <item name="Agricola" objecttype="thing" objectid="31260">
            <subtypes>
                <subtype value="boardgame" />
            </subtypes>
        </item>
        <players>
            <player username="" userid="0" name="Léo G" startposition="2" color="" score="30" new="0" rating="0" win="0" />
            <player username="leochab" userid="406567" name="Léo C" startposition="1" color="" score="34" new="0" rating="0" win="1" />
            <player username="" userid="0" name="Amaury" startposition="4" color="" score="26" new="0" rating="0" win="0" />
            <player username="" userid="0" name="Quentin" startposition="5" color="" score="32" new="0" rating="0" win="0" />
            <player username="" userid="0" name="Florent V" startposition="3" color="" score="15" new="0" rating="0" win="0" />
        </players>
    </play>
    <play id="6409259" date="2011-10-05" quantity="1" length="130" incomplete="0" nowinstats="0" location="Chez Quentin, Grenoble">
        <item name="Agricola" objecttype="thing" objectid="31260">
            <subtypes>
                <subtype value="boardgame" />
            </subtypes>
        </item>
        <players>
            <player username="" userid="0" name="Quentin" startposition="2" color="Blue" score="15" new="0" rating="0" win="0" />
            <player username="leochab" userid="406567" name="Léo C" startposition="1" color="Red" score="27" new="0" rating="0" win="0" />
            <player username="" userid="0" name="Florent V" startposition="4" color="Purple" score="32" new="0" rating="0" win="1" />
            <player username="" userid="0" name="Amaury" startposition="5" color="Green" score="27" new="0" rating="0" win="0" />
            <player username="" userid="0" name="Léo G" startposition="3" color="Natural" score="30" new="1" rating="0" win="0" />
        </players>
    </play>
    <play id="6350060" date="2011-09-20" quantity="1" length="120" incomplete="0" nowinstats="0" location="Chez Léo G, Grenoble">
        <item name="Power Grid" objecttype="thing" objectid="2651">
            <subtypes>
                <subtype value="boardgame" />
                <subtype value="boardgameimplementation" />
            </subtypes>
        </item>
        <players>
            <player username="" userid="0" name="Bastien L" startposition="" color="Red" score="12" new="0" rating="0" win="0" />
            <player username="" userid="0" name="Amaury" startposition="" color="Black" score="15" new="0" rating="0" win="0" />
            <player username="leochab" userid="406567" name="Léo C" startposition="" color="Green" score="17" new="0" rating="0" win="1" />
            <player username="" userid="0" name="Quentin" startposition="" color="Blue" score="13" new="0" rating="0" win="0" />
            <player username="" userid="0" name="Léo G" startposition="" color="Yellow" score="12" new="1" rating="0" win="0" />
            <player username="" userid="0" name="Florent V" startposition="" color="Purple" score="12" new="1" rating="0" win="0" />
        </players>
    </play>
    <play id="6300108" date="2011-09-08" quantity="1" length="180" incomplete="0" nowinstats="0" location="Chez Léo C, Grenoble">
        <item name="Vinhos" objecttype="thing" objectid="42052">
            <subtypes>
                <subtype value="boardgame" />
            </subtypes>
        </item>
        <players>
            <player username="" userid="0" name="Etienne S" startposition="" color="Yellow" score="35" new="1" rating="0" win="0" />
            <player username="" userid="0" name="Amaury" startposition="" color="Red" score="32" new="1" rating="0" win="0" />
            <player username="leochab" userid="406567" name="Léo C" startposition="" color="Blue" score="84" new="1" rating="0" win="1" />
            <player username="" userid="0" name="Florent V" startposition="" color="Purple" score="52" new="1" rating="0" win="0" />
        </players>
    </play>
    <play id="6286465" date="2011-09-03" quantity="1" length="120" incomplete="0" nowinstats="0" location="Chez Amaury, Grenoble">
        <item name="Cyclades" objecttype="thing" objectid="54998">
            <subtypes>
                <subtype value="boardgame" />
            </subtypes>
        </item>
        <players>
            <player username="" userid="0" name="Benjamin R" startposition="" color="" score="2" new="1" rating="0" win="1" />
            <player username="" userid="0" name="Amaury" startposition="" color="" score="1" new="1" rating="0" win="0" />
            <player username="leochab" userid="406567" name="Léo C" startposition="" color="" score="1" new="1" rating="0" win="0" />
            <player username="" userid="0" name="Samy D" startposition="" color="" score="1" new="1" rating="0" win="0" />
            <player username="" userid="0" name="Florent V" startposition="" color="" score="0" new="1" rating="0" win="0" />
        </players>
    </play>
    <play id="6270959" date="2011-09-02" quantity="1" length="150" incomplete="0" nowinstats="0" location="Chez Amaury, Grenoble">
        <item name="Small World" objecttype="thing" objectid="40692">
            <subtypes>
                <subtype value="boardgame" />
                <subtype value="boardgameimplementation" />
                <subtype value="boardgameintegration" />
            </subtypes>
        </item>
        <players>
            <player username="" userid="0" name="Arnaud H" startposition="" color="" score="85" new="1" rating="0" win="0" />
            <player username="" userid="0" name="Amaury" startposition="" color="" score="96" new="0" rating="0" win="1" />
            <player username="" userid="0" name="Florent V" startposition="" color="" score="85" new="1" rating="0" win="0" />
            <player username="leochab" userid="406567" name="Léo C" startposition="" color="" score="84" new="0" rating="0" win="0" />
            <player username="" userid="0" name="Benjamin R" startposition="" color="" score="92" new="1" rating="0" win="0" />
        </players>
    </play>
    <play id="6071465" date="2011-07-19" quantity="1" length="150" incomplete="0" nowinstats="0" location="Chez Léo C, Grenoble">
        <item name="Power Grid" objecttype="thing" objectid="2651">
            <subtypes>
                <subtype value="boardgame" />
                <subtype value="boardgameimplementation" />
            </subtypes>
        </item>
        <comments>Map of France</comments>
        <players>
            <player username="" userid="0" name="Bastien L" startposition="" color="" score="16" new="1" rating="0" win="0" />
            <player username="" userid="0" name="Amaury" startposition="" color="" score="16" new="0" rating="0" win="0" />
            <player username="" userid="0" name="JBF" startposition="" color="" score="17" new="0" rating="0" win="1" />
            <player username="leochab" userid="406567" name="Léo C" startposition="" color="" score="15" new="0" rating="0" win="0" />
            <player username="" userid="0" name="Etienne S" startposition="" color="" score="15" new="1" rating="0" win="0" />
        </players>
    </play>
    <play id="6009624" date="2011-07-06" quantity="1" length="160" incomplete="0" nowinstats="0" location="Les Lamberts, Saint Jean en Royans">
        <item name="Puerto Rico" objecttype="thing" objectid="3076">
            <subtypes>
                <subtype value="boardgame" />
            </subtypes>
        </item>
        <players>
            <player username="" userid="0" name="Mathieu L" startposition="" color="" score="38" new="1" rating="0" win="0" />
            <player username="leochab" userid="406567" name="Léo C" startposition="" color="" score="57" new="0" rating="0" win="1" />
            <player username="" userid="0" name="Paul C" startposition="" color="" score="37" new="1" rating="0" win="0" />
            <player username="" userid="0" name="Xavier D" startposition="" color="" score="54" new="1" rating="0" win="0" />
            <player username="" userid="0" name="Nati" startposition="" color="" score="34" new="1" rating="0" win="0" />
        </players>
    </play>
    <play id="5987144" date="2011-06-30" quantity="1" length="180" incomplete="0" nowinstats="0" location="Chez Léo C, Grenoble">
        <item name="Battlestar Galactica" objecttype="thing" objectid="37111">
            <subtypes>
                <subtype value="boardgame" />
            </subtypes>
        </item>
        <comments>Humans won</comments>
        <players>
            <player username="" userid="0" name="Florent V" startposition="" color="Humans" score="" new="1" rating="0" win="1" />
            <player username="" userid="0" name="Etienne S" startposition="" color="Humans" score="" new="1" rating="0" win="1" />
            <player username="leochab" userid="406567" name="Léo C" startposition="" color="Humans" score="" new="0" rating="0" win="1" />
            <player username="" userid="0" name="JBF" startposition="" color="Cylons" score="" new="0" rating="0" win="0" />
        </players>
    </play>
    <play id="5987160" date="2011-06-28" quantity="1" length="180" incomplete="0" nowinstats="0" location="Chez Léo C, Grenoble">
        <item name="Battlestar Galactica" objecttype="thing" objectid="37111">
            <subtypes>
                <subtype value="boardgame" />
            </subtypes>
        </item>
        <comments>Humans won</comments>
        <players>
            <player username="" userid="0" name="JBF" startposition="" color="Humans" score="" new="1" rating="0" win="1" />
            <player username="" userid="0" name="Amaury" startposition="" color="Humans" score="" new="1" rating="0" win="1" />
            <player username="leochab" userid="406567" name="Léo C" startposition="" color="Cylons" score="" new="1" rating="0" win="0" />
        </players>
    </play>
    <play id="5987693" date="2011-06-24" quantity="1" length="100" incomplete="0" nowinstats="0" location="Chez Léo C, Grenoble">
        <item name="Agricola" objecttype="thing" objectid="31260">
            <subtypes>
                <subtype value="boardgame" />
            </subtypes>
        </item>
        <comments>Family play</comments>
        <players>
            <player username="leochab" userid="406567" name="Léo C" startposition="" color="" score="45" new="0" rating="0" win="1" />
            <player username="" userid="0" name="JBF" startposition="" color="" score="28" new="1" rating="0" win="0" />
        </players>
    </play>
    <play id="5987688" date="2011-06-21" quantity="1" length="150" incomplete="0" nowinstats="0" location="Chez Léo C, Grenoble">
        <item name="Agricola" objecttype="thing" objectid="31260">
            <subtypes>
                <subtype value="boardgame" />
            </subtypes>
        </item>
        <comments>First play : Family</comments>
        <players>
            <player username="" userid="0" name="Florent V" startposition="" color="" score="" new="1" rating="0" win="1" />
            <player username="" userid="0" name="Amaury" startposition="" color="" score="" new="1" rating="0" win="0" />
            <player username="leochab" userid="406567" name="Léo C" startposition="" color="" score="" new="1" rating="0" win="0" />
            <player username="" userid="0" name="Quentin" startposition="" color="" score="" new="1" rating="0" win="0" />
            <player username="" userid="0" name="Helga" startposition="" color="" score="" new="1" rating="0" win="0" />
        </players>
    </play>
    <play id="5987727" date="2011-06-14" quantity="1" length="0" incomplete="0" nowinstats="0" location="Chez Léo C, Grenoble">
        <item name="Puerto Rico" objecttype="thing" objectid="3076">
            <subtypes>
                <subtype value="boardgame" />
            </subtypes>
        </item>
        <players>
            <player username="" userid="0" name="JBF" startposition="" color="" score="" new="0" rating="0" win="0" />
            <player username="" userid="0" name="Amaury" startposition="" color="" score="" new="0" rating="0" win="0" />
            <player username="" userid="0" name="Quentin" startposition="" color="" score="" new="0" rating="0" win="0" />
            <player username="leochab" userid="406567" name="Léo C" startposition="" color="" score="" new="0" rating="0" win="1" />
        </players>
    </play>
    <play id="11804675" date="2011-05-25" quantity="1" length="120" incomplete="0" nowinstats="0" location="Chez Léo C, Grenoble">
        <item name="1960: The Making of the President" objecttype="thing" objectid="27708">
            <subtypes>
                <subtype value="boardgame" />
            </subtypes>
        </item>
        <players>
            <player username="leochab" userid="406567" name="Léo C" startposition="" color="" score="" new="1" rating="0" win="1" />
            <player username="" userid="0" name="Amaury" startposition="" color="" score="" new="1" rating="0" win="0" />
        </players>
    </play>
    <play id="11563314" date="2011-05-19" quantity="1" length="0" incomplete="0" nowinstats="0" location="Chez JBF, Grenoble">
        <item name="Shadows over Camelot" objecttype="thing" objectid="15062">
            <subtypes>
                <subtype value="boardgame" />
            </subtypes>
        </item>
        <players>
            <player username="leochab" userid="406567" name="Léo C" startposition="" color="" score="" new="1" rating="0" win="0" />
            <player username="" userid="0" name="" startposition="" color="" score="" new="0" rating="0" win="0" />
            <player username="" userid="0" name="" startposition="" color="" score="" new="0" rating="0" win="0" />
            <player username="" userid="0" name="Amaury" startposition="" color="" score="" new="0" rating="0" win="0" />
            <player username="" userid="0" name="JBF" startposition="" color="" score="" new="0" rating="0" win="0" />
            <player username="" userid="0" name="Arnaud H" startposition="" color="" score="" new="0" rating="0" win="0" />
            <player username="" userid="0" name="" startposition="" color="" score="" new="0" rating="0" win="0" />
        </players>
    </play>
    <play id="13655377" date="2011-05-12" quantity="1" length="0" incomplete="0" nowinstats="0" location="Chez Léo C, Grenoble">
        <item name="World Without End" objecttype="thing" objectid="43528">
            <subtypes>
                <subtype value="boardgame" />
            </subtypes>
        </item>
        <comments>With a least Amaury</comments>
        <players>
            <player username="" userid="0" name="Amaury" startposition="" color="" score="" new="0" rating="0" win="0" />
            <player username="" userid="0" name="" startposition="" color="" score="" new="0" rating="0" win="0" />
            <player username="leochab" userid="406567" name="Léo C" startposition="" color="" score="" new="1" rating="0" win="0" />
            <player username="" userid="0" name="JBF" startposition="" color="" score="" new="0" rating="0" win="0" />
        </players>
    </play>
    <play id="14739875" date="2011-04-16" quantity="1" length="0" incomplete="0" nowinstats="0" location="Place aux Jeux, Grenoble">
        <item name="Chicago Express" objecttype="thing" objectid="31730">
            <subtypes>
                <subtype value="boardgame" />
            </subtypes>
        </item>
        <players>
            <player username="" userid="0" name="Amaury" startposition="2" color="" score="" new="1" rating="0" win="0" />
            <player username="leochab" userid="406567" name="Léo C" startposition="1" color="" score="" new="1" rating="0" win="0" />
            <player username="" userid="0" name="" startposition="4" color="" score="" new="0" rating="0" win="0" />
            <player username="" userid="0" name="" startposition="5" color="" score="" new="0" rating="0" win="0" />
            <player username="" userid="0" name="Florent V" startposition="3" color="" score="" new="1" rating="0" win="0" />
        </players>
    </play>
    <play id="14739857" date="2011-04-16" quantity="1" length="0" incomplete="0" nowinstats="0" location="Place aux Jeux, Grenoble">
        <item name="Fresco" objecttype="thing" objectid="66188">
            <subtypes>
                <subtype value="boardgame" />
            </subtypes>
        </item>
        <players>
            <player username="" userid="0" name="Amaury" startposition="2" color="" score="" new="1" rating="0" win="0" />
            <player username="leochab" userid="406567" name="Léo C" startposition="1" color="" score="" new="1" rating="0" win="0" />
            <player username="" userid="0" name="Florent V" startposition="3" color="" score="" new="1" rating="0" win="0" />
        </players>
    </play>
</plays>